<?xml version="1.0" encoding="utf-8"?>
<CoverageSession>
  <Summary numSequencePoints="381" visitedSequencePoints="135" numBranchPoints="106" visitedBranchPoints="59" sequenceCoverage="35.4" branchCoverage="55.7" maxCyclomaticComplexity="150" minCyclomaticComplexity="150" visitedClasses="7" numClasses="22" visitedMethods="24" numMethods="59" />
  <Modules>
    <Module hash="56C5964B-9BBF-49AB-8513-4C26D3BF0045">
      <ModulePath>src.dll</ModulePath>
      <ModuleTime>2019-03-14T08:03:40</ModuleTime>
      <ModuleName>src</ModuleName>
      <Files>
        <File uid="1" fullPath="/home/markus/dev/project-equestria/nodecontrol/src/ConfigurationFileHandler.cs" />
        <File uid="2" fullPath="/home/markus/dev/project-equestria/nodecontrol/src/ConsoleMessageService.cs" />
        <File uid="3" fullPath="/home/markus/dev/project-equestria/nodecontrol/src/LinuxComposeControl.cs" />
        <File uid="4" fullPath="/home/markus/dev/project-equestria/nodecontrol/src/Program.cs" />
        <File uid="5" fullPath="/home/markus/dev/project-equestria/nodecontrol/src/StateCompare.cs" />
        <File uid="6" fullPath="/home/markus/dev/project-equestria/nodecontrol/src/StateCompareException.cs" />
        <File uid="7" fullPath="/home/markus/dev/project-equestria/nodecontrol/src/UpdateVerificationException.cs" />
        <File uid="8" fullPath="/home/markus/dev/project-equestria/nodecontrol/src/UpdateWatch.cs" />
        <File uid="9" fullPath="/home/markus/dev/project-equestria/nodecontrol/src/Models/LogEventArgs.cs" />
        <File uid="10" fullPath="/home/markus/dev/project-equestria/nodecontrol/src/Models/NodeState.cs" />
        <File uid="11" fullPath="/home/markus/dev/project-equestria/nodecontrol/src/Models/StateChangeAction.cs" />
        <File uid="12" fullPath="/home/markus/dev/project-equestria/nodecontrol/src/Models/UpdateWatchOptions.cs" />
        <File uid="13" fullPath="/home/markus/dev/project-equestria/nodecontrol/src/Contract/ContractException.cs" />
        <File uid="14" fullPath="/home/markus/dev/project-equestria/nodecontrol/src/Contract/ContractWrapper.cs" />
        <File uid="15" fullPath="/home/markus/dev/project-equestria/nodecontrol/src/Contract/RetrieveUpdateFunction.cs" />
        <File uid="16" fullPath="/home/markus/dev/project-equestria/nodecontrol/src/Contract/UpdateEventDTO.cs" />
        <File uid="17" fullPath="/home/markus/dev/project-equestria/nodecontrol/src/Contract/UpdateStateDTO.cs" />
        <File uid="18" fullPath="/home/markus/dev/project-equestria/nodecontrol/src/Contract/ValidatorStateDTO.cs" />
      </Files>
      <Classes>
        <Class>
          <Summary numSequencePoints="69" visitedSequencePoints="69" numBranchPoints="44" visitedBranchPoints="43" sequenceCoverage="100" branchCoverage="97.7" maxCyclomaticComplexity="24" minCyclomaticComplexity="4" visitedClasses="1" numClasses="1" visitedMethods="3" numMethods="3" />
          <FullName>src.ConfigurationFileHandler</FullName>
          <Methods>
            <Method cyclomaticComplexity="16" nPathComplexity="0" sequenceCoverage="100" branchCoverage="100" isConstructor="False" isGetter="False" isSetter="False" isStatic="True">
              <Summary numSequencePoints="25" visitedSequencePoints="25" numBranchPoints="16" visitedBranchPoints="16" sequenceCoverage="100" branchCoverage="100" maxCyclomaticComplexity="16" minCyclomaticComplexity="16" visitedClasses="0" numClasses="0" visitedMethods="1" numMethods="1" />
              <MetadataToken />
              <Name>src.Models.NodeState src.ConfigurationFileHandler::ReadCurrentState()</Name>
              <FileRef uid="1" />
              <SequencePoints>
                <SequencePoint vc="5" uspid="51" ordinal="0" sl="51" sc="1" el="51" ec="2" bec="0" bev="0" fileid="1" />
                <SequencePoint vc="5" uspid="52" ordinal="1" sl="52" sc="1" el="52" ec="2" bec="0" bev="0" fileid="1" />
                <SequencePoint vc="1" uspid="53" ordinal="2" sl="53" sc="1" el="53" ec="2" bec="0" bev="0" fileid="1" />
                <SequencePoint vc="1" uspid="54" ordinal="3" sl="54" sc="1" el="54" ec="2" bec="0" bev="0" fileid="1" />
                <SequencePoint vc="4" uspid="57" ordinal="4" sl="57" sc="1" el="57" ec="2" bec="0" bev="0" fileid="1" />
                <SequencePoint vc="104" uspid="58" ordinal="5" sl="58" sc="1" el="58" ec="2" bec="0" bev="0" fileid="1" />
                <SequencePoint vc="46" uspid="59" ordinal="6" sl="59" sc="1" el="59" ec="2" bec="0" bev="0" fileid="1" />
                <SequencePoint vc="46" uspid="60" ordinal="7" sl="60" sc="1" el="60" ec="2" bec="0" bev="0" fileid="1" />
                <SequencePoint vc="46" uspid="61" ordinal="8" sl="61" sc="1" el="61" ec="2" bec="0" bev="0" fileid="1" />
                <SequencePoint vc="4" uspid="62" ordinal="9" sl="62" sc="1" el="62" ec="2" bec="0" bev="0" fileid="1" />
                <SequencePoint vc="4" uspid="64" ordinal="10" sl="64" sc="1" el="64" ec="2" bec="0" bev="0" fileid="1" />
                <SequencePoint vc="42" uspid="67" ordinal="11" sl="67" sc="1" el="67" ec="2" bec="0" bev="0" fileid="1" />
                <SequencePoint vc="4" uspid="70" ordinal="12" sl="70" sc="1" el="70" ec="2" bec="0" bev="0" fileid="1" />
                <SequencePoint vc="4" uspid="71" ordinal="13" sl="71" sc="1" el="71" ec="2" bec="0" bev="0" fileid="1" />
                <SequencePoint vc="4" uspid="73" ordinal="14" sl="73" sc="1" el="73" ec="2" bec="0" bev="0" fileid="1" />
                <SequencePoint vc="4" uspid="74" ordinal="15" sl="74" sc="1" el="74" ec="2" bec="0" bev="0" fileid="1" />
                <SequencePoint vc="3" uspid="76" ordinal="16" sl="76" sc="1" el="76" ec="2" bec="0" bev="0" fileid="1" />
                <SequencePoint vc="3" uspid="77" ordinal="17" sl="77" sc="1" el="77" ec="2" bec="0" bev="0" fileid="1" />
                <SequencePoint vc="3" uspid="79" ordinal="18" sl="79" sc="1" el="79" ec="2" bec="0" bev="0" fileid="1" />
                <SequencePoint vc="3" uspid="80" ordinal="19" sl="80" sc="1" el="80" ec="2" bec="0" bev="0" fileid="1" />
                <SequencePoint vc="4" uspid="82" ordinal="20" sl="82" sc="1" el="82" ec="2" bec="0" bev="0" fileid="1" />
                <SequencePoint vc="4" uspid="83" ordinal="21" sl="83" sc="1" el="83" ec="2" bec="0" bev="0" fileid="1" />
                <SequencePoint vc="42" uspid="85" ordinal="22" sl="85" sc="1" el="85" ec="2" bec="0" bev="0" fileid="1" />
                <SequencePoint vc="4" uspid="87" ordinal="23" sl="87" sc="1" el="87" ec="2" bec="0" bev="0" fileid="1" />
                <SequencePoint vc="4" uspid="88" ordinal="24" sl="88" sc="1" el="88" ec="2" bec="0" bev="0" fileid="1" />
              </SequencePoints>
              <BranchPoints>
                <BranchPoint vc="1" uspid="52" ordinal="0" path="0" offset="17" offsetend="19" sl="52" fileid="1" />
                <BranchPoint vc="4" uspid="52" ordinal="1" path="1" offset="17" offsetend="31" sl="52" fileid="1" />
                <BranchPoint vc="46" uspid="58" ordinal="15" path="1" offset="259" offsetend="57" sl="58" fileid="1" />
                <BranchPoint vc="4" uspid="61" ordinal="2" path="0" offset="89" offsetend="91" sl="61" fileid="1" />
                <BranchPoint vc="42" uspid="61" ordinal="3" path="1" offset="89" offsetend="97" sl="61" fileid="1" />
                <BranchPoint vc="38" uspid="67" ordinal="4" path="0" offset="115" offsetend="117" sl="67" fileid="1" />
                <BranchPoint vc="34" uspid="67" ordinal="6" path="0" offset="129" offsetend="131" sl="67" fileid="1" />
                <BranchPoint vc="31" uspid="67" ordinal="8" path="0" offset="143" offsetend="145" sl="67" fileid="1" />
                <BranchPoint vc="28" uspid="67" ordinal="10" path="0" offset="157" offsetend="159" sl="67" fileid="1" />
                <BranchPoint vc="4" uspid="67" ordinal="5" path="1" offset="115" offsetend="175" sl="67" fileid="1" />
                <BranchPoint vc="4" uspid="67" ordinal="7" path="1" offset="129" offsetend="188" sl="67" fileid="1" />
                <BranchPoint vc="3" uspid="67" ordinal="9" path="1" offset="143" offsetend="201" sl="67" fileid="1" />
                <BranchPoint vc="3" uspid="67" ordinal="11" path="1" offset="157" offsetend="214" sl="67" fileid="1" />
                <BranchPoint vc="4" uspid="67" ordinal="13" path="1" offset="171" offsetend="227" sl="67" fileid="1" />
                <BranchPoint vc="42" uspid="67" ordinal="12" path="0" offset="171" offsetend="250" sl="67" fileid="1" />
                <BranchPoint vc="4" uspid="58" ordinal="14" path="0" offset="259" offsetend="264" sl="58" fileid="1" />
              </BranchPoints>
              <MethodPoint vc="25" uspid="0" p8:type="SequencePoint" ordinal="0" offset="0" sc="0" sl="51" ec="1" el="88" bec="0" bev="0" fileid="1" xmlns:p8="xsi" />
            </Method>
            <Method cyclomaticComplexity="24" nPathComplexity="0" sequenceCoverage="100" branchCoverage="95.8" isConstructor="False" isGetter="False" isSetter="False" isStatic="True">
              <Summary numSequencePoints="34" visitedSequencePoints="34" numBranchPoints="24" visitedBranchPoints="23" sequenceCoverage="100" branchCoverage="95.8" maxCyclomaticComplexity="24" minCyclomaticComplexity="24" visitedClasses="0" numClasses="0" visitedMethods="1" numMethods="1" />
              <MetadataToken />
              <Name>System.Void src.ConfigurationFileHandler::WriteNewState(src.Models.NodeState)</Name>
              <FileRef uid="1" />
              <SequencePoints>
                <SequencePoint vc="3" uspid="96" ordinal="0" sl="96" sc="1" el="96" ec="2" bec="0" bev="0" fileid="1" />
                <SequencePoint vc="3" uspid="97" ordinal="1" sl="97" sc="1" el="97" ec="2" bec="0" bev="0" fileid="1" />
                <SequencePoint vc="1" uspid="98" ordinal="2" sl="98" sc="1" el="98" ec="2" bec="0" bev="0" fileid="1" />
                <SequencePoint vc="1" uspid="99" ordinal="3" sl="99" sc="1" el="99" ec="2" bec="0" bev="0" fileid="1" />
                <SequencePoint vc="2" uspid="102" ordinal="4" sl="102" sc="1" el="102" ec="2" bec="0" bev="0" fileid="1" />
                <SequencePoint vc="66" uspid="104" ordinal="5" sl="104" sc="1" el="104" ec="2" bec="0" bev="0" fileid="1" />
                <SequencePoint vc="30" uspid="105" ordinal="6" sl="105" sc="1" el="105" ec="2" bec="0" bev="0" fileid="1" />
                <SequencePoint vc="30" uspid="107" ordinal="7" sl="107" sc="1" el="107" ec="2" bec="0" bev="0" fileid="1" />
                <SequencePoint vc="2" uspid="108" ordinal="8" sl="108" sc="1" el="108" ec="2" bec="0" bev="0" fileid="1" />
                <SequencePoint vc="2" uspid="109" ordinal="9" sl="109" sc="1" el="109" ec="2" bec="0" bev="0" fileid="1" />
                <SequencePoint vc="2" uspid="110" ordinal="10" sl="110" sc="1" el="110" ec="2" bec="0" bev="0" fileid="1" />
                <SequencePoint vc="28" uspid="111" ordinal="11" sl="111" sc="1" el="111" ec="2" bec="0" bev="0" fileid="1" />
                <SequencePoint vc="2" uspid="112" ordinal="12" sl="112" sc="1" el="112" ec="2" bec="0" bev="0" fileid="1" />
                <SequencePoint vc="2" uspid="113" ordinal="13" sl="113" sc="1" el="113" ec="2" bec="0" bev="0" fileid="1" />
                <SequencePoint vc="2" uspid="114" ordinal="14" sl="114" sc="1" el="114" ec="2" bec="0" bev="0" fileid="1" />
                <SequencePoint vc="26" uspid="115" ordinal="15" sl="115" sc="1" el="115" ec="2" bec="0" bev="0" fileid="1" />
                <SequencePoint vc="1" uspid="116" ordinal="16" sl="116" sc="1" el="116" ec="2" bec="0" bev="0" fileid="1" />
                <SequencePoint vc="1" uspid="117" ordinal="17" sl="117" sc="1" el="117" ec="2" bec="0" bev="0" fileid="1" />
                <SequencePoint vc="1" uspid="118" ordinal="18" sl="118" sc="1" el="118" ec="2" bec="0" bev="0" fileid="1" />
                <SequencePoint vc="25" uspid="119" ordinal="19" sl="119" sc="1" el="119" ec="2" bec="0" bev="0" fileid="1" />
                <SequencePoint vc="1" uspid="120" ordinal="20" sl="120" sc="1" el="120" ec="2" bec="0" bev="0" fileid="1" />
                <SequencePoint vc="1" uspid="121" ordinal="21" sl="121" sc="1" el="121" ec="2" bec="0" bev="0" fileid="1" />
                <SequencePoint vc="1" uspid="122" ordinal="22" sl="122" sc="1" el="122" ec="2" bec="0" bev="0" fileid="1" />
                <SequencePoint vc="24" uspid="123" ordinal="23" sl="123" sc="1" el="123" ec="2" bec="0" bev="0" fileid="1" />
                <SequencePoint vc="2" uspid="124" ordinal="24" sl="124" sc="1" el="124" ec="2" bec="0" bev="0" fileid="1" />
                <SequencePoint vc="2" uspid="125" ordinal="25" sl="125" sc="1" el="125" ec="2" bec="0" bev="0" fileid="1" />
                <SequencePoint vc="2" uspid="126" ordinal="26" sl="126" sc="1" el="126" ec="2" bec="0" bev="0" fileid="1" />
                <SequencePoint vc="2" uspid="127" ordinal="27" sl="127" sc="1" el="127" ec="2" bec="0" bev="0" fileid="1" />
                <SequencePoint vc="22" uspid="129" ordinal="28" sl="129" sc="1" el="129" ec="2" bec="0" bev="0" fileid="1" />
                <SequencePoint vc="22" uspid="130" ordinal="29" sl="130" sc="1" el="130" ec="2" bec="0" bev="0" fileid="1" />
                <SequencePoint vc="22" uspid="131" ordinal="30" sl="131" sc="1" el="131" ec="2" bec="0" bev="0" fileid="1" />
                <SequencePoint vc="30" uspid="132" ordinal="31" sl="132" sc="1" el="132" ec="2" bec="0" bev="0" fileid="1" />
                <SequencePoint vc="2" uspid="135" ordinal="32" sl="135" sc="1" el="135" ec="2" bec="0" bev="0" fileid="1" />
                <SequencePoint vc="2" uspid="136" ordinal="33" sl="136" sc="1" el="136" ec="2" bec="0" bev="0" fileid="1" />
              </SequencePoints>
              <BranchPoints>
                <BranchPoint vc="1" uspid="97" ordinal="0" path="0" offset="17" offsetend="19" sl="97" fileid="1" />
                <BranchPoint vc="2" uspid="97" ordinal="1" path="1" offset="17" offsetend="31" sl="97" fileid="1" />
                <BranchPoint vc="30" uspid="104" ordinal="23" path="1" offset="411" offsetend="57" sl="104" fileid="1" />
                <BranchPoint vc="2" uspid="107" ordinal="2" path="0" offset="75" offsetend="77" sl="107" fileid="1" />
                <BranchPoint vc="28" uspid="107" ordinal="3" path="1" offset="75" offsetend="93" sl="107" fileid="1" />
                <BranchPoint vc="2" uspid="107" ordinal="4" path="0" offset="98" offsetend="100" sl="107" fileid="1" />
                <BranchPoint vc="28" uspid="107" ordinal="5" path="1" offset="98" offsetend="130" sl="107" fileid="1" />
                <BranchPoint vc="2" uspid="111" ordinal="6" path="0" offset="142" offsetend="144" sl="111" fileid="1" />
                <BranchPoint vc="26" uspid="111" ordinal="7" path="1" offset="142" offsetend="160" sl="111" fileid="1" />
                <BranchPoint vc="2" uspid="111" ordinal="8" path="0" offset="165" offsetend="167" sl="111" fileid="1" />
                <BranchPoint vc="26" uspid="111" ordinal="9" path="1" offset="165" offsetend="197" sl="111" fileid="1" />
                <BranchPoint vc="2" uspid="115" ordinal="10" path="0" offset="209" offsetend="211" sl="115" fileid="1" />
                <BranchPoint vc="24" uspid="115" ordinal="11" path="1" offset="209" offsetend="227" sl="115" fileid="1" />
                <BranchPoint vc="1" uspid="115" ordinal="12" path="0" offset="232" offsetend="234" sl="115" fileid="1" />
                <BranchPoint vc="25" uspid="115" ordinal="13" path="1" offset="232" offsetend="264" sl="115" fileid="1" />
                <BranchPoint vc="2" uspid="119" ordinal="14" path="0" offset="276" offsetend="278" sl="119" fileid="1" />
                <BranchPoint vc="23" uspid="119" ordinal="15" path="1" offset="276" offsetend="294" sl="119" fileid="1" />
                <BranchPoint vc="1" uspid="119" ordinal="16" path="0" offset="299" offsetend="301" sl="119" fileid="1" />
                <BranchPoint vc="24" uspid="119" ordinal="17" path="1" offset="299" offsetend="328" sl="119" fileid="1" />
                <BranchPoint vc="2" uspid="123" ordinal="18" path="0" offset="344" offsetend="346" sl="123" fileid="1" />
                <BranchPoint vc="2" uspid="125" ordinal="20" path="0" offset="353" offsetend="355" sl="125" fileid="1" />
                <BranchPoint vc="0" uspid="125" ordinal="21" path="1" offset="353" offsetend="362" sl="125" fileid="1" />
                <BranchPoint vc="22" uspid="123" ordinal="19" path="1" offset="344" offsetend="391" sl="123" fileid="1" />
                <BranchPoint vc="2" uspid="104" ordinal="22" path="0" offset="411" offsetend="416" sl="104" fileid="1" />
              </BranchPoints>
              <MethodPoint vc="34" uspid="0" p8:type="SequencePoint" ordinal="1" offset="1" sc="0" sl="96" ec="1" el="136" bec="0" bev="0" fileid="1" xmlns:p8="xsi" />
            </Method>
            <Method cyclomaticComplexity="4" nPathComplexity="0" sequenceCoverage="100" branchCoverage="100" isConstructor="True" isGetter="False" isSetter="False" isStatic="True">
              <Summary numSequencePoints="10" visitedSequencePoints="10" numBranchPoints="4" visitedBranchPoints="4" sequenceCoverage="100" branchCoverage="100" maxCyclomaticComplexity="4" minCyclomaticComplexity="4" visitedClasses="0" numClasses="0" visitedMethods="1" numMethods="1" />
              <MetadataToken />
              <Name>System.Void src.ConfigurationFileHandler::.ctor(System.String)</Name>
              <FileRef uid="1" />
              <SequencePoints>
                <SequencePoint vc="13" uspid="30" ordinal="0" sl="30" sc="1" el="30" ec="2" bec="0" bev="0" fileid="1" />
                <SequencePoint vc="13" uspid="31" ordinal="1" sl="31" sc="1" el="31" ec="2" bec="0" bev="0" fileid="1" />
                <SequencePoint vc="13" uspid="32" ordinal="2" sl="32" sc="1" el="32" ec="2" bec="0" bev="0" fileid="1" />
                <SequencePoint vc="3" uspid="33" ordinal="3" sl="33" sc="1" el="33" ec="2" bec="0" bev="0" fileid="1" />
                <SequencePoint vc="3" uspid="34" ordinal="4" sl="34" sc="1" el="34" ec="2" bec="0" bev="0" fileid="1" />
                <SequencePoint vc="10" uspid="37" ordinal="5" sl="37" sc="1" el="37" ec="2" bec="0" bev="0" fileid="1" />
                <SequencePoint vc="3" uspid="38" ordinal="6" sl="38" sc="1" el="38" ec="2" bec="0" bev="0" fileid="1" />
                <SequencePoint vc="3" uspid="39" ordinal="7" sl="39" sc="1" el="39" ec="2" bec="0" bev="0" fileid="1" />
                <SequencePoint vc="7" uspid="42" ordinal="8" sl="42" sc="1" el="42" ec="2" bec="0" bev="0" fileid="1" />
                <SequencePoint vc="7" uspid="43" ordinal="9" sl="43" sc="1" el="43" ec="2" bec="0" bev="0" fileid="1" />
              </SequencePoints>
              <BranchPoints>
                <BranchPoint vc="3" uspid="32" ordinal="0" path="0" offset="16" offsetend="18" sl="32" fileid="1" />
                <BranchPoint vc="10" uspid="32" ordinal="1" path="1" offset="16" offsetend="30" sl="32" fileid="1" />
                <BranchPoint vc="3" uspid="37" ordinal="2" path="0" offset="41" offsetend="43" sl="37" fileid="1" />
                <BranchPoint vc="7" uspid="37" ordinal="3" path="1" offset="41" offsetend="55" sl="37" fileid="1" />
              </BranchPoints>
              <MethodPoint vc="10" uspid="0" p8:type="SequencePoint" ordinal="2" offset="2" sc="0" sl="30" ec="1" el="43" bec="0" bev="0" fileid="1" xmlns:p8="xsi" />
            </Method>
          </Methods>
        </Class>
        <Class>
          <Summary numSequencePoints="3" visitedSequencePoints="0" numBranchPoints="0" visitedBranchPoints="0" sequenceCoverage="0" branchCoverage="100" maxCyclomaticComplexity="1" minCyclomaticComplexity="1" visitedClasses="0" numClasses="1" visitedMethods="0" numMethods="1" />
          <FullName>src.ConsoleMessageService</FullName>
          <Methods>
            <Method cyclomaticComplexity="1" nPathComplexity="0" sequenceCoverage="0" branchCoverage="100" isConstructor="False" isGetter="False" isSetter="False" isStatic="True">
              <Summary numSequencePoints="3" visitedSequencePoints="0" numBranchPoints="0" visitedBranchPoints="0" sequenceCoverage="0" branchCoverage="100" maxCyclomaticComplexity="1" minCyclomaticComplexity="1" visitedClasses="0" numClasses="0" visitedMethods="0" numMethods="1" />
              <MetadataToken />
              <Name>System.Void src.ConsoleMessageService::SendErrorMessage(System.String,System.String,src.Models.NodeState)</Name>
              <FileRef uid="2" />
              <SequencePoints>
                <SequencePoint vc="0" uspid="18" ordinal="0" sl="18" sc="1" el="18" ec="2" bec="0" bev="0" fileid="2" />
                <SequencePoint vc="0" uspid="19" ordinal="1" sl="19" sc="1" el="19" ec="2" bec="0" bev="0" fileid="2" />
                <SequencePoint vc="0" uspid="20" ordinal="2" sl="20" sc="1" el="20" ec="2" bec="0" bev="0" fileid="2" />
              </SequencePoints>
              <BranchPoints />
              <MethodPoint vc="0" uspid="0" p8:type="SequencePoint" ordinal="0" offset="0" sc="0" sl="18" ec="1" el="20" bec="0" bev="0" fileid="2" xmlns:p8="xsi" />
            </Method>
          </Methods>
        </Class>
        <Class>
          <Summary numSequencePoints="23" visitedSequencePoints="0" numBranchPoints="6" visitedBranchPoints="0" sequenceCoverage="0" branchCoverage="0" maxCyclomaticComplexity="6" minCyclomaticComplexity="6" visitedClasses="0" numClasses="1" visitedMethods="0" numMethods="1" />
          <FullName>src.LinuxComposeControl</FullName>
          <Methods>
            <Method cyclomaticComplexity="6" nPathComplexity="0" sequenceCoverage="0" branchCoverage="0" isConstructor="False" isGetter="False" isSetter="False" isStatic="True">
              <Summary numSequencePoints="23" visitedSequencePoints="0" numBranchPoints="6" visitedBranchPoints="0" sequenceCoverage="0" branchCoverage="0" maxCyclomaticComplexity="6" minCyclomaticComplexity="6" visitedClasses="0" numClasses="0" visitedMethods="0" numMethods="1" />
              <MetadataToken />
              <Name>System.Void src.LinuxComposeControl::ApplyChangesToStack(System.String,System.Boolean)</Name>
              <FileRef uid="3" />
              <SequencePoints>
                <SequencePoint vc="0" uspid="21" ordinal="0" sl="21" sc="1" el="21" ec="2" bec="0" bev="0" fileid="3" />
                <SequencePoint vc="0" uspid="24" ordinal="1" sl="24" sc="1" el="24" ec="2" bec="0" bev="0" fileid="3" />
                <SequencePoint vc="0" uspid="25" ordinal="2" sl="25" sc="1" el="25" ec="2" bec="0" bev="0" fileid="3" />
                <SequencePoint vc="0" uspid="26" ordinal="3" sl="26" sc="1" el="26" ec="2" bec="0" bev="0" fileid="3" />
                <SequencePoint vc="0" uspid="30" ordinal="4" sl="30" sc="1" el="30" ec="2" bec="0" bev="0" fileid="3" />
                <SequencePoint vc="0" uspid="32" ordinal="5" sl="32" sc="1" el="32" ec="2" bec="0" bev="0" fileid="3" />
                <SequencePoint vc="0" uspid="35" ordinal="6" sl="35" sc="1" el="35" ec="2" bec="0" bev="0" fileid="3" />
                <SequencePoint vc="0" uspid="36" ordinal="7" sl="36" sc="1" el="36" ec="2" bec="0" bev="0" fileid="3" />
                <SequencePoint vc="0" uspid="37" ordinal="8" sl="37" sc="1" el="37" ec="2" bec="0" bev="0" fileid="3" />
                <SequencePoint vc="0" uspid="38" ordinal="9" sl="38" sc="1" el="38" ec="2" bec="0" bev="0" fileid="3" />
                <SequencePoint vc="0" uspid="39" ordinal="10" sl="39" sc="1" el="39" ec="2" bec="0" bev="0" fileid="3" />
                <SequencePoint vc="0" uspid="40" ordinal="11" sl="40" sc="1" el="40" ec="2" bec="0" bev="0" fileid="3" />
                <SequencePoint vc="0" uspid="41" ordinal="12" sl="41" sc="1" el="41" ec="2" bec="0" bev="0" fileid="3" />
                <SequencePoint vc="0" uspid="42" ordinal="13" sl="42" sc="1" el="42" ec="2" bec="0" bev="0" fileid="3" />
                <SequencePoint vc="0" uspid="43" ordinal="14" sl="43" sc="1" el="43" ec="2" bec="0" bev="0" fileid="3" />
                <SequencePoint vc="0" uspid="45" ordinal="15" sl="45" sc="1" el="45" ec="2" bec="0" bev="0" fileid="3" />
                <SequencePoint vc="0" uspid="46" ordinal="16" sl="46" sc="1" el="46" ec="2" bec="0" bev="0" fileid="3" />
                <SequencePoint vc="0" uspid="47" ordinal="17" sl="47" sc="1" el="47" ec="2" bec="0" bev="0" fileid="3" />
                <SequencePoint vc="0" uspid="48" ordinal="18" sl="48" sc="1" el="48" ec="2" bec="0" bev="0" fileid="3" />
                <SequencePoint vc="0" uspid="49" ordinal="19" sl="49" sc="1" el="49" ec="2" bec="0" bev="0" fileid="3" />
                <SequencePoint vc="0" uspid="50" ordinal="20" sl="50" sc="1" el="50" ec="2" bec="0" bev="0" fileid="3" />
                <SequencePoint vc="0" uspid="52" ordinal="21" sl="52" sc="1" el="52" ec="2" bec="0" bev="0" fileid="3" />
                <SequencePoint vc="0" uspid="53" ordinal="22" sl="53" sc="1" el="53" ec="2" bec="0" bev="0" fileid="3" />
              </SequencePoints>
              <BranchPoints>
                <BranchPoint vc="0" uspid="24" ordinal="0" path="0" offset="12" offsetend="14" sl="24" fileid="3" />
                <BranchPoint vc="0" uspid="24" ordinal="1" path="1" offset="12" offsetend="26" sl="24" fileid="3" />
                <BranchPoint vc="0" uspid="30" ordinal="2" path="0" offset="27" offsetend="29" sl="30" fileid="3" />
                <BranchPoint vc="0" uspid="30" ordinal="3" path="1" offset="27" offsetend="36" sl="30" fileid="3" />
                <BranchPoint vc="0" uspid="45" ordinal="5" path="1" offset="200" offsetend="151" sl="45" fileid="3" />
                <BranchPoint vc="0" uspid="45" ordinal="4" path="0" offset="200" offsetend="202" sl="45" fileid="3" />
              </BranchPoints>
              <MethodPoint vc="0" uspid="0" p8:type="SequencePoint" ordinal="0" offset="0" sc="0" sl="21" ec="1" el="53" bec="0" bev="0" fileid="3" xmlns:p8="xsi" />
            </Method>
          </Methods>
        </Class>
        <Class>
          <Summary numSequencePoints="20" visitedSequencePoints="0" numBranchPoints="2" visitedBranchPoints="0" sequenceCoverage="0" branchCoverage="0" maxCyclomaticComplexity="2" minCyclomaticComplexity="2" visitedClasses="0" numClasses="1" visitedMethods="0" numMethods="1" />
          <FullName>src.Program</FullName>
          <Methods>
            <Method cyclomaticComplexity="2" nPathComplexity="0" sequenceCoverage="0" branchCoverage="0" isConstructor="False" isGetter="False" isSetter="False" isStatic="True">
              <Summary numSequencePoints="20" visitedSequencePoints="0" numBranchPoints="2" visitedBranchPoints="0" sequenceCoverage="0" branchCoverage="0" maxCyclomaticComplexity="2" minCyclomaticComplexity="2" visitedClasses="0" numClasses="0" visitedMethods="0" numMethods="1" />
              <MetadataToken />
              <Name>System.Void src.Program::Main(System.String[])</Name>
              <FileRef uid="4" />
              <SequencePoints>
                <SequencePoint vc="0" uspid="18" ordinal="0" sl="18" sc="1" el="18" ec="2" bec="0" bev="0" fileid="4" />
                <SequencePoint vc="0" uspid="19" ordinal="1" sl="19" sc="1" el="19" ec="2" bec="0" bev="0" fileid="4" />
                <SequencePoint vc="0" uspid="22" ordinal="2" sl="22" sc="1" el="22" ec="2" bec="0" bev="0" fileid="4" />
                <SequencePoint vc="0" uspid="23" ordinal="3" sl="23" sc="1" el="23" ec="2" bec="0" bev="0" fileid="4" />
                <SequencePoint vc="0" uspid="24" ordinal="4" sl="24" sc="1" el="24" ec="2" bec="0" bev="0" fileid="4" />
                <SequencePoint vc="0" uspid="25" ordinal="5" sl="25" sc="1" el="25" ec="2" bec="0" bev="0" fileid="4" />
                <SequencePoint vc="0" uspid="28" ordinal="6" sl="28" sc="1" el="28" ec="2" bec="0" bev="0" fileid="4" />
                <SequencePoint vc="0" uspid="29" ordinal="7" sl="29" sc="1" el="29" ec="2" bec="0" bev="0" fileid="4" />
                <SequencePoint vc="0" uspid="30" ordinal="8" sl="30" sc="1" el="30" ec="2" bec="0" bev="0" fileid="4" />
                <SequencePoint vc="0" uspid="31" ordinal="9" sl="31" sc="1" el="31" ec="2" bec="0" bev="0" fileid="4" />
                <SequencePoint vc="0" uspid="32" ordinal="10" sl="32" sc="1" el="32" ec="2" bec="0" bev="0" fileid="4" />
                <SequencePoint vc="0" uspid="33" ordinal="11" sl="33" sc="1" el="33" ec="2" bec="0" bev="0" fileid="4" />
                <SequencePoint vc="0" uspid="34" ordinal="12" sl="34" sc="1" el="34" ec="2" bec="0" bev="0" fileid="4" />
                <SequencePoint vc="0" uspid="35" ordinal="13" sl="35" sc="1" el="35" ec="2" bec="0" bev="0" fileid="4" />
                <SequencePoint vc="0" uspid="36" ordinal="14" sl="36" sc="1" el="36" ec="2" bec="0" bev="0" fileid="4" />
                <SequencePoint vc="0" uspid="37" ordinal="15" sl="37" sc="1" el="37" ec="2" bec="0" bev="0" fileid="4" />
                <SequencePoint vc="0" uspid="40" ordinal="16" sl="40" sc="1" el="40" ec="2" bec="0" bev="0" fileid="4" />
                <SequencePoint vc="0" uspid="43" ordinal="17" sl="43" sc="1" el="43" ec="2" bec="0" bev="0" fileid="4" />
                <SequencePoint vc="0" uspid="46" ordinal="18" sl="46" sc="1" el="46" ec="2" bec="0" bev="0" fileid="4" />
                <SequencePoint vc="0" uspid="49" ordinal="19" sl="49" sc="1" el="49" ec="2" bec="0" bev="0" fileid="4" />
              </SequencePoints>
              <BranchPoints>
                <BranchPoint vc="0" uspid="43" ordinal="0" path="0" offset="171" offsetend="173" sl="43" fileid="4" />
                <BranchPoint vc="0" uspid="43" ordinal="1" path="1" offset="171" offsetend="196" sl="43" fileid="4" />
              </BranchPoints>
              <MethodPoint vc="0" uspid="0" p8:type="SequencePoint" ordinal="0" offset="0" sc="0" sl="18" ec="1" el="49" bec="0" bev="0" fileid="4" xmlns:p8="xsi" />
            </Method>
          </Methods>
        </Class>
        <Class>
          <Summary numSequencePoints="42" visitedSequencePoints="42" numBranchPoints="16" visitedBranchPoints="16" sequenceCoverage="100" branchCoverage="100" maxCyclomaticComplexity="14" minCyclomaticComplexity="2" visitedClasses="1" numClasses="1" visitedMethods="2" numMethods="2" />
          <FullName>src.StateCompare</FullName>
          <Methods>
            <Method cyclomaticComplexity="14" nPathComplexity="0" sequenceCoverage="100" branchCoverage="100" isConstructor="False" isGetter="False" isSetter="False" isStatic="True">
              <Summary numSequencePoints="38" visitedSequencePoints="38" numBranchPoints="14" visitedBranchPoints="14" sequenceCoverage="100" branchCoverage="100" maxCyclomaticComplexity="14" minCyclomaticComplexity="14" visitedClasses="0" numClasses="0" visitedMethods="1" numMethods="1" />
              <MetadataToken />
              <Name>System.Collections.Generic.List`1&lt;src.Models.StateChangeAction&gt; src.StateCompare::ComputeActionsFromState(src.Models.NodeState)</Name>
              <FileRef uid="5" />
              <SequencePoints>
                <SequencePoint vc="9" uspid="35" ordinal="0" sl="35" sc="1" el="35" ec="2" bec="0" bev="0" fileid="5" />
                <SequencePoint vc="9" uspid="36" ordinal="1" sl="36" sc="1" el="36" ec="2" bec="0" bev="0" fileid="5" />
                <SequencePoint vc="1" uspid="37" ordinal="2" sl="37" sc="1" el="37" ec="2" bec="0" bev="0" fileid="5" />
                <SequencePoint vc="1" uspid="38" ordinal="3" sl="38" sc="1" el="38" ec="2" bec="0" bev="0" fileid="5" />
                <SequencePoint vc="8" uspid="41" ordinal="4" sl="41" sc="1" el="41" ec="2" bec="0" bev="0" fileid="5" />
                <SequencePoint vc="8" uspid="42" ordinal="5" sl="42" sc="1" el="42" ec="2" bec="0" bev="0" fileid="5" />
                <SequencePoint vc="1" uspid="43" ordinal="6" sl="43" sc="1" el="43" ec="2" bec="0" bev="0" fileid="5" />
                <SequencePoint vc="1" uspid="44" ordinal="7" sl="44" sc="1" el="44" ec="2" bec="0" bev="0" fileid="5" />
                <SequencePoint vc="7" uspid="48" ordinal="8" sl="48" sc="1" el="48" ec="2" bec="0" bev="0" fileid="5" />
                <SequencePoint vc="7" uspid="51" ordinal="9" sl="51" sc="1" el="51" ec="2" bec="0" bev="0" fileid="5" />
                <SequencePoint vc="3" uspid="52" ordinal="10" sl="52" sc="1" el="52" ec="2" bec="0" bev="0" fileid="5" />
                <SequencePoint vc="3" uspid="53" ordinal="11" sl="53" sc="1" el="53" ec="2" bec="0" bev="0" fileid="5" />
                <SequencePoint vc="3" uspid="54" ordinal="12" sl="54" sc="1" el="54" ec="2" bec="0" bev="0" fileid="5" />
                <SequencePoint vc="3" uspid="55" ordinal="13" sl="55" sc="1" el="55" ec="2" bec="0" bev="0" fileid="5" />
                <SequencePoint vc="3" uspid="56" ordinal="14" sl="56" sc="1" el="56" ec="2" bec="0" bev="0" fileid="5" />
                <SequencePoint vc="3" uspid="57" ordinal="15" sl="57" sc="1" el="57" ec="2" bec="0" bev="0" fileid="5" />
                <SequencePoint vc="3" uspid="58" ordinal="16" sl="58" sc="1" el="58" ec="2" bec="0" bev="0" fileid="5" />
                <SequencePoint vc="3" uspid="59" ordinal="17" sl="59" sc="1" el="59" ec="2" bec="0" bev="0" fileid="5" />
                <SequencePoint vc="7" uspid="62" ordinal="18" sl="62" sc="1" el="62" ec="2" bec="0" bev="0" fileid="5" />
                <SequencePoint vc="3" uspid="63" ordinal="19" sl="63" sc="1" el="63" ec="2" bec="0" bev="0" fileid="5" />
                <SequencePoint vc="3" uspid="64" ordinal="20" sl="64" sc="1" el="64" ec="2" bec="0" bev="0" fileid="5" />
                <SequencePoint vc="3" uspid="65" ordinal="21" sl="65" sc="1" el="65" ec="2" bec="0" bev="0" fileid="5" />
                <SequencePoint vc="3" uspid="66" ordinal="22" sl="66" sc="1" el="66" ec="2" bec="0" bev="0" fileid="5" />
                <SequencePoint vc="3" uspid="67" ordinal="23" sl="67" sc="1" el="67" ec="2" bec="0" bev="0" fileid="5" />
                <SequencePoint vc="3" uspid="68" ordinal="24" sl="68" sc="1" el="68" ec="2" bec="0" bev="0" fileid="5" />
                <SequencePoint vc="3" uspid="69" ordinal="25" sl="69" sc="1" el="69" ec="2" bec="0" bev="0" fileid="5" />
                <SequencePoint vc="3" uspid="70" ordinal="26" sl="70" sc="1" el="70" ec="2" bec="0" bev="0" fileid="5" />
                <SequencePoint vc="7" uspid="73" ordinal="27" sl="73" sc="1" el="73" ec="2" bec="0" bev="0" fileid="5" />
                <SequencePoint vc="2" uspid="74" ordinal="28" sl="74" sc="1" el="74" ec="2" bec="0" bev="0" fileid="5" />
                <SequencePoint vc="2" uspid="75" ordinal="29" sl="75" sc="1" el="75" ec="2" bec="0" bev="0" fileid="5" />
                <SequencePoint vc="2" uspid="76" ordinal="30" sl="76" sc="1" el="76" ec="2" bec="0" bev="0" fileid="5" />
                <SequencePoint vc="2" uspid="77" ordinal="31" sl="77" sc="1" el="77" ec="2" bec="0" bev="0" fileid="5" />
                <SequencePoint vc="2" uspid="78" ordinal="32" sl="78" sc="1" el="78" ec="2" bec="0" bev="0" fileid="5" />
                <SequencePoint vc="2" uspid="79" ordinal="33" sl="79" sc="1" el="79" ec="2" bec="0" bev="0" fileid="5" />
                <SequencePoint vc="2" uspid="80" ordinal="34" sl="80" sc="1" el="80" ec="2" bec="0" bev="0" fileid="5" />
                <SequencePoint vc="2" uspid="81" ordinal="35" sl="81" sc="1" el="81" ec="2" bec="0" bev="0" fileid="5" />
                <SequencePoint vc="7" uspid="83" ordinal="36" sl="83" sc="1" el="83" ec="2" bec="0" bev="0" fileid="5" />
                <SequencePoint vc="7" uspid="84" ordinal="37" sl="84" sc="1" el="84" ec="2" bec="0" bev="0" fileid="5" />
              </SequencePoints>
              <BranchPoints>
                <BranchPoint vc="1" uspid="36" ordinal="0" path="0" offset="7" offsetend="9" sl="36" fileid="5" />
                <BranchPoint vc="8" uspid="36" ordinal="1" path="1" offset="7" offsetend="26" sl="36" fileid="5" />
                <BranchPoint vc="1" uspid="42" ordinal="2" path="0" offset="44" offsetend="46" sl="42" fileid="5" />
                <BranchPoint vc="7" uspid="42" ordinal="3" path="1" offset="44" offsetend="58" sl="42" fileid="5" />
                <BranchPoint vc="3" uspid="51" ordinal="4" path="0" offset="81" offsetend="83" sl="51" fileid="5" />
                <BranchPoint vc="4" uspid="51" ordinal="5" path="1" offset="81" offsetend="102" sl="51" fileid="5" />
                <BranchPoint vc="3" uspid="51" ordinal="6" path="0" offset="107" offsetend="109" sl="51" fileid="5" />
                <BranchPoint vc="7" uspid="51" ordinal="7" path="1" offset="107" offsetend="157" sl="51" fileid="5" />
                <BranchPoint vc="3" uspid="62" ordinal="8" path="0" offset="174" offsetend="176" sl="62" fileid="5" />
                <BranchPoint vc="4" uspid="62" ordinal="9" path="1" offset="174" offsetend="195" sl="62" fileid="5" />
                <BranchPoint vc="3" uspid="62" ordinal="10" path="0" offset="200" offsetend="202" sl="62" fileid="5" />
                <BranchPoint vc="7" uspid="62" ordinal="11" path="1" offset="200" offsetend="250" sl="62" fileid="5" />
                <BranchPoint vc="2" uspid="73" ordinal="12" path="0" offset="271" offsetend="273" sl="73" fileid="5" />
                <BranchPoint vc="7" uspid="73" ordinal="13" path="1" offset="271" offsetend="329" sl="73" fileid="5" />
              </BranchPoints>
              <MethodPoint vc="38" uspid="0" p8:type="SequencePoint" ordinal="0" offset="0" sc="0" sl="35" ec="1" el="84" bec="0" bev="0" fileid="5" xmlns:p8="xsi" />
            </Method>
            <Method cyclomaticComplexity="2" nPathComplexity="0" sequenceCoverage="100" branchCoverage="100" isConstructor="True" isGetter="False" isSetter="False" isStatic="True">
              <Summary numSequencePoints="4" visitedSequencePoints="4" numBranchPoints="2" visitedBranchPoints="2" sequenceCoverage="100" branchCoverage="100" maxCyclomaticComplexity="2" minCyclomaticComplexity="2" visitedClasses="0" numClasses="0" visitedMethods="1" numMethods="1" />
              <MetadataToken />
              <Name>System.Void src.StateCompare::.ctor(src.Interfaces.IConfigurationProvider)</Name>
              <FileRef uid="5" />
              <SequencePoints>
                <SequencePoint vc="10" uspid="22" ordinal="0" sl="22" sc="1" el="22" ec="2" bec="0" bev="0" fileid="5" />
                <SequencePoint vc="10" uspid="23" ordinal="1" sl="23" sc="1" el="23" ec="2" bec="0" bev="0" fileid="5" />
                <SequencePoint vc="10" uspid="24" ordinal="2" sl="24" sc="1" el="24" ec="2" bec="0" bev="0" fileid="5" />
                <SequencePoint vc="9" uspid="25" ordinal="3" sl="25" sc="1" el="25" ec="2" bec="0" bev="0" fileid="5" />
              </SequencePoints>
              <BranchPoints>
                <BranchPoint vc="1" uspid="24" ordinal="0" path="0" offset="11" offsetend="13" sl="24" fileid="5" />
                <BranchPoint vc="9" uspid="24" ordinal="1" path="1" offset="11" offsetend="30" sl="24" fileid="5" />
              </BranchPoints>
              <MethodPoint vc="4" uspid="0" p8:type="SequencePoint" ordinal="1" offset="1" sc="0" sl="22" ec="1" el="25" bec="0" bev="0" fileid="5" xmlns:p8="xsi" />
            </Method>
          </Methods>
        </Class>
        <Class>
          <Summary numSequencePoints="6" visitedSequencePoints="3" numBranchPoints="0" visitedBranchPoints="0" sequenceCoverage="50" branchCoverage="100" maxCyclomaticComplexity="1" minCyclomaticComplexity="1" visitedClasses="1" numClasses="1" visitedMethods="1" numMethods="2" />
          <FullName>src.StateCompareException</FullName>
          <Methods>
            <Method cyclomaticComplexity="1" nPathComplexity="0" sequenceCoverage="100" branchCoverage="100" isConstructor="True" isGetter="False" isSetter="False" isStatic="True">
              <Summary numSequencePoints="3" visitedSequencePoints="3" numBranchPoints="0" visitedBranchPoints="0" sequenceCoverage="100" branchCoverage="100" maxCyclomaticComplexity="1" minCyclomaticComplexity="1" visitedClasses="0" numClasses="0" visitedMethods="1" numMethods="1" />
              <MetadataToken />
              <Name>System.Void src.StateCompareException::.ctor(System.String)</Name>
              <FileRef uid="6" />
              <SequencePoints>
                <SequencePoint vc="1" uspid="19" ordinal="0" sl="19" sc="1" el="19" ec="2" bec="0" bev="0" fileid="6" />
                <SequencePoint vc="1" uspid="20" ordinal="1" sl="20" sc="1" el="20" ec="2" bec="0" bev="0" fileid="6" />
                <SequencePoint vc="1" uspid="21" ordinal="2" sl="21" sc="1" el="21" ec="2" bec="0" bev="0" fileid="6" />
              </SequencePoints>
              <BranchPoints />
              <MethodPoint vc="3" uspid="0" p8:type="SequencePoint" ordinal="0" offset="0" sc="0" sl="19" ec="1" el="21" bec="0" bev="0" fileid="6" xmlns:p8="xsi" />
            </Method>
            <Method cyclomaticComplexity="1" nPathComplexity="0" sequenceCoverage="0" branchCoverage="100" isConstructor="True" isGetter="False" isSetter="False" isStatic="True">
              <Summary numSequencePoints="3" visitedSequencePoints="0" numBranchPoints="0" visitedBranchPoints="0" sequenceCoverage="0" branchCoverage="100" maxCyclomaticComplexity="1" minCyclomaticComplexity="1" visitedClasses="0" numClasses="0" visitedMethods="0" numMethods="1" />
              <MetadataToken />
              <Name>System.Void src.StateCompareException::.ctor(System.Runtime.Serialization.SerializationInfo,System.Runtime.Serialization.StreamingContext)</Name>
              <FileRef uid="6" />
              <SequencePoints>
                <SequencePoint vc="0" uspid="25" ordinal="0" sl="25" sc="1" el="25" ec="2" bec="0" bev="0" fileid="6" />
                <SequencePoint vc="0" uspid="26" ordinal="1" sl="26" sc="1" el="26" ec="2" bec="0" bev="0" fileid="6" />
                <SequencePoint vc="0" uspid="27" ordinal="2" sl="27" sc="1" el="27" ec="2" bec="0" bev="0" fileid="6" />
              </SequencePoints>
              <BranchPoints />
              <MethodPoint vc="0" uspid="0" p8:type="SequencePoint" ordinal="1" offset="1" sc="0" sl="25" ec="1" el="27" bec="0" bev="0" fileid="6" xmlns:p8="xsi" />
            </Method>
          </Methods>
        </Class>
        <Class>
          <Summary numSequencePoints="9" visitedSequencePoints="0" numBranchPoints="0" visitedBranchPoints="0" sequenceCoverage="0" branchCoverage="100" maxCyclomaticComplexity="1" minCyclomaticComplexity="1" visitedClasses="0" numClasses="1" visitedMethods="0" numMethods="3" />
          <FullName>src.UpdateVerificationException</FullName>
          <Methods>
            <Method cyclomaticComplexity="1" nPathComplexity="0" sequenceCoverage="0" branchCoverage="100" isConstructor="True" isGetter="False" isSetter="False" isStatic="True">
              <Summary numSequencePoints="3" visitedSequencePoints="0" numBranchPoints="0" visitedBranchPoints="0" sequenceCoverage="0" branchCoverage="100" maxCyclomaticComplexity="1" minCyclomaticComplexity="1" visitedClasses="0" numClasses="0" visitedMethods="0" numMethods="1" />
              <MetadataToken />
              <Name>System.Void src.UpdateVerificationException::.ctor(System.String)</Name>
              <FileRef uid="7" />
              <SequencePoints>
                <SequencePoint vc="0" uspid="12" ordinal="0" sl="12" sc="1" el="12" ec="2" bec="0" bev="0" fileid="7" />
                <SequencePoint vc="0" uspid="13" ordinal="1" sl="13" sc="1" el="13" ec="2" bec="0" bev="0" fileid="7" />
                <SequencePoint vc="0" uspid="14" ordinal="2" sl="14" sc="1" el="14" ec="2" bec="0" bev="0" fileid="7" />
              </SequencePoints>
              <BranchPoints />
              <MethodPoint vc="0" uspid="0" p8:type="SequencePoint" ordinal="0" offset="0" sc="0" sl="12" ec="1" el="14" bec="0" bev="0" fileid="7" xmlns:p8="xsi" />
            </Method>
            <Method cyclomaticComplexity="1" nPathComplexity="0" sequenceCoverage="0" branchCoverage="100" isConstructor="True" isGetter="False" isSetter="False" isStatic="True">
              <Summary numSequencePoints="3" visitedSequencePoints="0" numBranchPoints="0" visitedBranchPoints="0" sequenceCoverage="0" branchCoverage="100" maxCyclomaticComplexity="1" minCyclomaticComplexity="1" visitedClasses="0" numClasses="0" visitedMethods="0" numMethods="1" />
              <MetadataToken />
              <Name>System.Void src.UpdateVerificationException::.ctor(System.String,System.Exception)</Name>
              <FileRef uid="7" />
              <SequencePoints>
                <SequencePoint vc="0" uspid="16" ordinal="0" sl="16" sc="1" el="16" ec="2" bec="0" bev="0" fileid="7" />
                <SequencePoint vc="0" uspid="17" ordinal="1" sl="17" sc="1" el="17" ec="2" bec="0" bev="0" fileid="7" />
                <SequencePoint vc="0" uspid="18" ordinal="2" sl="18" sc="1" el="18" ec="2" bec="0" bev="0" fileid="7" />
              </SequencePoints>
              <BranchPoints />
              <MethodPoint vc="0" uspid="0" p8:type="SequencePoint" ordinal="1" offset="1" sc="0" sl="16" ec="1" el="18" bec="0" bev="0" fileid="7" xmlns:p8="xsi" />
            </Method>
            <Method cyclomaticComplexity="1" nPathComplexity="0" sequenceCoverage="0" branchCoverage="100" isConstructor="True" isGetter="False" isSetter="False" isStatic="True">
              <Summary numSequencePoints="3" visitedSequencePoints="0" numBranchPoints="0" visitedBranchPoints="0" sequenceCoverage="0" branchCoverage="100" maxCyclomaticComplexity="1" minCyclomaticComplexity="1" visitedClasses="0" numClasses="0" visitedMethods="0" numMethods="1" />
              <MetadataToken />
              <Name>System.Void src.UpdateVerificationException::.ctor(System.Runtime.Serialization.SerializationInfo,System.Runtime.Serialization.StreamingContext)</Name>
              <FileRef uid="7" />
              <SequencePoints>
                <SequencePoint vc="0" uspid="22" ordinal="0" sl="22" sc="1" el="22" ec="2" bec="0" bev="0" fileid="7" />
                <SequencePoint vc="0" uspid="23" ordinal="1" sl="23" sc="1" el="23" ec="2" bec="0" bev="0" fileid="7" />
                <SequencePoint vc="0" uspid="24" ordinal="2" sl="24" sc="1" el="24" ec="2" bec="0" bev="0" fileid="7" />
              </SequencePoints>
              <BranchPoints />
              <MethodPoint vc="0" uspid="0" p8:type="SequencePoint" ordinal="2" offset="2" sc="0" sl="22" ec="1" el="24" bec="0" bev="0" fileid="7" xmlns:p8="xsi" />
            </Method>
          </Methods>
        </Class>
        <Class>
          <Summary numSequencePoints="123" visitedSequencePoints="0" numBranchPoints="20" visitedBranchPoints="0" sequenceCoverage="0" branchCoverage="0" maxCyclomaticComplexity="10" minCyclomaticComplexity="1" visitedClasses="0" numClasses="1" visitedMethods="0" numMethods="9" />
          <FullName>src.UpdateWatch</FullName>
          <Methods>
            <Method cyclomaticComplexity="1" nPathComplexity="0" sequenceCoverage="0" branchCoverage="100" isConstructor="False" isGetter="False" isSetter="False" isStatic="True">
              <Summary numSequencePoints="1" visitedSequencePoints="0" numBranchPoints="0" visitedBranchPoints="0" sequenceCoverage="0" branchCoverage="100" maxCyclomaticComplexity="1" minCyclomaticComplexity="1" visitedClasses="0" numClasses="0" visitedMethods="0" numMethods="1" />
              <MetadataToken />
              <Name>System.Void src.UpdateWatch::add_OnLog(System.EventHandler`1&lt;src.Models.LogEventArgs&gt;)</Name>
              <FileRef uid="8" />
              <SequencePoints>
                <SequencePoint vc="0" uspid="27" ordinal="0" sl="27" sc="1" el="27" ec="2" bec="0" bev="0" fileid="8" />
              </SequencePoints>
              <BranchPoints />
              <MethodPoint vc="0" uspid="0" p8:type="SequencePoint" ordinal="0" offset="0" sc="0" sl="27" ec="1" el="27" bec="0" bev="0" fileid="8" xmlns:p8="xsi" />
            </Method>
            <Method cyclomaticComplexity="1" nPathComplexity="0" sequenceCoverage="0" branchCoverage="100" isConstructor="False" isGetter="False" isSetter="False" isStatic="True">
              <Summary numSequencePoints="1" visitedSequencePoints="0" numBranchPoints="0" visitedBranchPoints="0" sequenceCoverage="0" branchCoverage="100" maxCyclomaticComplexity="1" minCyclomaticComplexity="1" visitedClasses="0" numClasses="0" visitedMethods="0" numMethods="1" />
              <MetadataToken />
              <Name>System.Void src.UpdateWatch::remove_OnLog(System.EventHandler`1&lt;src.Models.LogEventArgs&gt;)</Name>
              <FileRef uid="8" />
              <SequencePoints>
                <SequencePoint vc="0" uspid="29" ordinal="0" sl="29" sc="1" el="29" ec="2" bec="0" bev="0" fileid="8" />
              </SequencePoints>
              <BranchPoints />
              <MethodPoint vc="0" uspid="0" p8:type="SequencePoint" ordinal="1" offset="1" sc="0" sl="29" ec="1" el="29" bec="0" bev="0" fileid="8" xmlns:p8="xsi" />
            </Method>
            <Method cyclomaticComplexity="1" nPathComplexity="0" sequenceCoverage="0" branchCoverage="100" isConstructor="False" isGetter="False" isSetter="False" isStatic="True">
              <Summary numSequencePoints="5" visitedSequencePoints="0" numBranchPoints="0" visitedBranchPoints="0" sequenceCoverage="0" branchCoverage="100" maxCyclomaticComplexity="1" minCyclomaticComplexity="1" visitedClasses="0" numClasses="0" visitedMethods="0" numMethods="1" />
              <MetadataToken />
              <Name>System.Void src.UpdateWatch::StartWatch()</Name>
              <FileRef uid="8" />
              <SequencePoints>
                <SequencePoint vc="0" uspid="86" ordinal="0" sl="86" sc="1" el="86" ec="2" bec="0" bev="0" fileid="8" />
                <SequencePoint vc="0" uspid="87" ordinal="1" sl="87" sc="1" el="87" ec="2" bec="0" bev="0" fileid="8" />
                <SequencePoint vc="0" uspid="88" ordinal="2" sl="88" sc="1" el="88" ec="2" bec="0" bev="0" fileid="8" />
                <SequencePoint vc="0" uspid="89" ordinal="3" sl="89" sc="1" el="89" ec="2" bec="0" bev="0" fileid="8" />
                <SequencePoint vc="0" uspid="90" ordinal="4" sl="90" sc="1" el="90" ec="2" bec="0" bev="0" fileid="8" />
              </SequencePoints>
              <BranchPoints />
              <MethodPoint vc="0" uspid="0" p8:type="SequencePoint" ordinal="2" offset="2" sc="0" sl="86" ec="1" el="90" bec="0" bev="0" fileid="8" xmlns:p8="xsi" />
            </Method>
            <Method cyclomaticComplexity="1" nPathComplexity="0" sequenceCoverage="0" branchCoverage="100" isConstructor="False" isGetter="False" isSetter="False" isStatic="True">
              <Summary numSequencePoints="3" visitedSequencePoints="0" numBranchPoints="0" visitedBranchPoints="0" sequenceCoverage="0" branchCoverage="100" maxCyclomaticComplexity="1" minCyclomaticComplexity="1" visitedClasses="0" numClasses="0" visitedMethods="0" numMethods="1" />
              <MetadataToken />
              <Name>System.Void src.UpdateWatch::Log(System.String)</Name>
              <FileRef uid="8" />
              <SequencePoints>
                <SequencePoint vc="0" uspid="97" ordinal="0" sl="97" sc="1" el="97" ec="2" bec="0" bev="0" fileid="8" />
                <SequencePoint vc="0" uspid="98" ordinal="1" sl="98" sc="1" el="98" ec="2" bec="0" bev="0" fileid="8" />
                <SequencePoint vc="0" uspid="99" ordinal="2" sl="99" sc="1" el="99" ec="2" bec="0" bev="0" fileid="8" />
              </SequencePoints>
              <BranchPoints />
              <MethodPoint vc="0" uspid="0" p8:type="SequencePoint" ordinal="3" offset="3" sc="0" sl="97" ec="1" el="99" bec="0" bev="0" fileid="8" xmlns:p8="xsi" />
            </Method>
            <Method cyclomaticComplexity="10" nPathComplexity="0" sequenceCoverage="0" branchCoverage="0" isConstructor="False" isGetter="False" isSetter="False" isStatic="True">
              <Summary numSequencePoints="33" visitedSequencePoints="0" numBranchPoints="10" visitedBranchPoints="0" sequenceCoverage="0" branchCoverage="0" maxCyclomaticComplexity="10" minCyclomaticComplexity="10" visitedClasses="0" numClasses="0" visitedMethods="0" numMethods="1" />
              <MetadataToken />
              <Name>System.Void src.UpdateWatch::CheckForUpdates(System.Object)</Name>
              <FileRef uid="8" />
              <SequencePoints>
                <SequencePoint vc="0" uspid="107" ordinal="0" sl="107" sc="1" el="107" ec="2" bec="0" bev="0" fileid="8" />
                <SequencePoint vc="0" uspid="108" ordinal="1" sl="108" sc="1" el="108" ec="2" bec="0" bev="0" fileid="8" />
                <SequencePoint vc="0" uspid="110" ordinal="2" sl="110" sc="1" el="110" ec="2" bec="0" bev="0" fileid="8" />
                <SequencePoint vc="0" uspid="111" ordinal="3" sl="111" sc="1" el="111" ec="2" bec="0" bev="0" fileid="8" />
                <SequencePoint vc="0" uspid="113" ordinal="4" sl="113" sc="1" el="113" ec="2" bec="0" bev="0" fileid="8" />
                <SequencePoint vc="0" uspid="117" ordinal="5" sl="117" sc="1" el="117" ec="2" bec="0" bev="0" fileid="8" />
                <SequencePoint vc="0" uspid="120" ordinal="6" sl="120" sc="1" el="120" ec="2" bec="0" bev="0" fileid="8" />
                <SequencePoint vc="0" uspid="122" ordinal="7" sl="122" sc="1" el="122" ec="2" bec="0" bev="0" fileid="8" />
                <SequencePoint vc="0" uspid="123" ordinal="8" sl="123" sc="1" el="123" ec="2" bec="0" bev="0" fileid="8" />
                <SequencePoint vc="0" uspid="125" ordinal="9" sl="125" sc="1" el="125" ec="2" bec="0" bev="0" fileid="8" />
                <SequencePoint vc="0" uspid="129" ordinal="10" sl="129" sc="1" el="129" ec="2" bec="0" bev="0" fileid="8" />
                <SequencePoint vc="0" uspid="130" ordinal="11" sl="130" sc="1" el="130" ec="2" bec="0" bev="0" fileid="8" />
                <SequencePoint vc="0" uspid="132" ordinal="12" sl="132" sc="1" el="132" ec="2" bec="0" bev="0" fileid="8" />
                <SequencePoint vc="0" uspid="133" ordinal="13" sl="133" sc="1" el="133" ec="2" bec="0" bev="0" fileid="8" />
                <SequencePoint vc="0" uspid="136" ordinal="14" sl="136" sc="1" el="136" ec="2" bec="0" bev="0" fileid="8" />
                <SequencePoint vc="0" uspid="137" ordinal="15" sl="137" sc="1" el="137" ec="2" bec="0" bev="0" fileid="8" />
                <SequencePoint vc="0" uspid="139" ordinal="16" sl="139" sc="1" el="139" ec="2" bec="0" bev="0" fileid="8" />
                <SequencePoint vc="0" uspid="140" ordinal="17" sl="140" sc="1" el="140" ec="2" bec="0" bev="0" fileid="8" />
                <SequencePoint vc="0" uspid="142" ordinal="18" sl="142" sc="1" el="142" ec="2" bec="0" bev="0" fileid="8" />
                <SequencePoint vc="0" uspid="144" ordinal="19" sl="144" sc="1" el="144" ec="2" bec="0" bev="0" fileid="8" />
                <SequencePoint vc="0" uspid="145" ordinal="20" sl="145" sc="1" el="145" ec="2" bec="0" bev="0" fileid="8" />
                <SequencePoint vc="0" uspid="146" ordinal="21" sl="146" sc="1" el="146" ec="2" bec="0" bev="0" fileid="8" />
                <SequencePoint vc="0" uspid="147" ordinal="22" sl="147" sc="1" el="147" ec="2" bec="0" bev="0" fileid="8" />
                <SequencePoint vc="0" uspid="148" ordinal="23" sl="148" sc="1" el="148" ec="2" bec="0" bev="0" fileid="8" />
                <SequencePoint vc="0" uspid="149" ordinal="24" sl="149" sc="1" el="149" ec="2" bec="0" bev="0" fileid="8" />
                <SequencePoint vc="0" uspid="150" ordinal="25" sl="150" sc="1" el="150" ec="2" bec="0" bev="0" fileid="8" />
                <SequencePoint vc="0" uspid="151" ordinal="26" sl="151" sc="1" el="151" ec="2" bec="0" bev="0" fileid="8" />
                <SequencePoint vc="0" uspid="152" ordinal="27" sl="152" sc="1" el="152" ec="2" bec="0" bev="0" fileid="8" />
                <SequencePoint vc="0" uspid="153" ordinal="28" sl="153" sc="1" el="153" ec="2" bec="0" bev="0" fileid="8" />
                <SequencePoint vc="0" uspid="156" ordinal="29" sl="156" sc="1" el="156" ec="2" bec="0" bev="0" fileid="8" />
                <SequencePoint vc="0" uspid="157" ordinal="30" sl="157" sc="1" el="157" ec="2" bec="0" bev="0" fileid="8" />
                <SequencePoint vc="0" uspid="160" ordinal="31" sl="160" sc="1" el="160" ec="2" bec="0" bev="0" fileid="8" />
                <SequencePoint vc="0" uspid="161" ordinal="32" sl="161" sc="1" el="161" ec="2" bec="0" bev="0" fileid="8" />
              </SequencePoints>
              <BranchPoints>
                <BranchPoint vc="0" uspid="110" ordinal="0" path="0" offset="34" offsetend="36" sl="110" fileid="8" />
                <BranchPoint vc="0" uspid="110" ordinal="1" path="1" offset="34" offsetend="42" sl="110" fileid="8" />
                <BranchPoint vc="0" uspid="122" ordinal="2" path="0" offset="83" offsetend="85" sl="122" fileid="8" />
                <BranchPoint vc="0" uspid="122" ordinal="3" path="1" offset="83" offsetend="91" sl="122" fileid="8" />
                <BranchPoint vc="0" uspid="129" ordinal="9" path="1" offset="246" offsetend="105" sl="129" fileid="8" />
                <BranchPoint vc="0" uspid="133" ordinal="4" path="0" offset="128" offsetend="132" sl="133" fileid="8" />
                <BranchPoint vc="0" uspid="133" ordinal="5" path="1" offset="128" offsetend="139" sl="133" fileid="8" />
                <BranchPoint vc="0" uspid="133" ordinal="7" path="1" offset="135" offsetend="151" sl="133" fileid="8" />
                <BranchPoint vc="0" uspid="133" ordinal="6" path="0" offset="135" offsetend="162" sl="133" fileid="8" />
                <BranchPoint vc="0" uspid="129" ordinal="8" path="0" offset="246" offsetend="251" sl="129" fileid="8" />
              </BranchPoints>
              <MethodPoint vc="0" uspid="0" p8:type="SequencePoint" ordinal="4" offset="4" sc="0" sl="107" ec="1" el="161" bec="0" bev="0" fileid="8" xmlns:p8="xsi" />
            </Method>
            <Method cyclomaticComplexity="2" nPathComplexity="0" sequenceCoverage="0" branchCoverage="0" isConstructor="False" isGetter="False" isSetter="False" isStatic="True">
              <Summary numSequencePoints="11" visitedSequencePoints="0" numBranchPoints="2" visitedBranchPoints="0" sequenceCoverage="0" branchCoverage="0" maxCyclomaticComplexity="2" minCyclomaticComplexity="2" visitedClasses="0" numClasses="0" visitedMethods="0" numMethods="1" />
              <MetadataToken />
              <Name>System.String src.UpdateWatch::HashString(System.String)</Name>
              <FileRef uid="8" />
              <SequencePoints>
                <SequencePoint vc="0" uspid="169" ordinal="0" sl="169" sc="1" el="169" ec="2" bec="0" bev="0" fileid="8" />
                <SequencePoint vc="0" uspid="171" ordinal="1" sl="171" sc="1" el="171" ec="2" bec="0" bev="0" fileid="8" />
                <SequencePoint vc="0" uspid="172" ordinal="2" sl="172" sc="1" el="172" ec="2" bec="0" bev="0" fileid="8" />
                <SequencePoint vc="0" uspid="174" ordinal="3" sl="174" sc="1" el="174" ec="2" bec="0" bev="0" fileid="8" />
                <SequencePoint vc="0" uspid="177" ordinal="4" sl="177" sc="1" el="177" ec="2" bec="0" bev="0" fileid="8" />
                <SequencePoint vc="0" uspid="178" ordinal="5" sl="178" sc="1" el="178" ec="2" bec="0" bev="0" fileid="8" />
                <SequencePoint vc="0" uspid="179" ordinal="6" sl="179" sc="1" el="179" ec="2" bec="0" bev="0" fileid="8" />
                <SequencePoint vc="0" uspid="180" ordinal="7" sl="180" sc="1" el="180" ec="2" bec="0" bev="0" fileid="8" />
                <SequencePoint vc="0" uspid="181" ordinal="8" sl="181" sc="1" el="181" ec="2" bec="0" bev="0" fileid="8" />
                <SequencePoint vc="0" uspid="183" ordinal="9" sl="183" sc="1" el="183" ec="2" bec="0" bev="0" fileid="8" />
                <SequencePoint vc="0" uspid="185" ordinal="10" sl="185" sc="1" el="185" ec="2" bec="0" bev="0" fileid="8" />
              </SequencePoints>
              <BranchPoints>
                <BranchPoint vc="0" uspid="178" ordinal="1" path="1" offset="78" offsetend="40" sl="178" fileid="8" />
                <BranchPoint vc="0" uspid="178" ordinal="0" path="0" offset="78" offsetend="80" sl="178" fileid="8" />
              </BranchPoints>
              <MethodPoint vc="0" uspid="0" p8:type="SequencePoint" ordinal="5" offset="5" sc="0" sl="169" ec="1" el="185" bec="0" bev="0" fileid="8" xmlns:p8="xsi" />
            </Method>
            <Method cyclomaticComplexity="6" nPathComplexity="0" sequenceCoverage="0" branchCoverage="0" isConstructor="False" isGetter="False" isSetter="False" isStatic="True">
              <Summary numSequencePoints="23" visitedSequencePoints="0" numBranchPoints="6" visitedBranchPoints="0" sequenceCoverage="0" branchCoverage="0" maxCyclomaticComplexity="6" minCyclomaticComplexity="6" visitedClasses="0" numClasses="0" visitedMethods="0" numMethods="1" />
              <MetadataToken />
              <Name>System.Void src.UpdateWatch::UpdateChainSpec(src.Models.StateChangeAction)</Name>
              <FileRef uid="8" />
              <SequencePoints>
                <SequencePoint vc="0" uspid="202" ordinal="0" sl="202" sc="1" el="202" ec="2" bec="0" bev="0" fileid="8" />
                <SequencePoint vc="0" uspid="204" ordinal="1" sl="204" sc="1" el="204" ec="2" bec="0" bev="0" fileid="8" />
                <SequencePoint vc="0" uspid="205" ordinal="2" sl="205" sc="1" el="205" ec="2" bec="0" bev="0" fileid="8" />
                <SequencePoint vc="0" uspid="206" ordinal="3" sl="206" sc="1" el="206" ec="2" bec="0" bev="0" fileid="8" />
                <SequencePoint vc="0" uspid="212" ordinal="4" sl="212" sc="1" el="212" ec="2" bec="0" bev="0" fileid="8" />
                <SequencePoint vc="0" uspid="213" ordinal="5" sl="213" sc="1" el="213" ec="2" bec="0" bev="0" fileid="8" />
                <SequencePoint vc="0" uspid="214" ordinal="6" sl="214" sc="1" el="214" ec="2" bec="0" bev="0" fileid="8" />
                <SequencePoint vc="0" uspid="215" ordinal="7" sl="215" sc="1" el="215" ec="2" bec="0" bev="0" fileid="8" />
                <SequencePoint vc="0" uspid="218" ordinal="8" sl="218" sc="1" el="218" ec="2" bec="0" bev="0" fileid="8" />
                <SequencePoint vc="0" uspid="219" ordinal="9" sl="219" sc="1" el="219" ec="2" bec="0" bev="0" fileid="8" />
                <SequencePoint vc="0" uspid="220" ordinal="10" sl="220" sc="1" el="220" ec="2" bec="0" bev="0" fileid="8" />
                <SequencePoint vc="0" uspid="221" ordinal="11" sl="221" sc="1" el="221" ec="2" bec="0" bev="0" fileid="8" />
                <SequencePoint vc="0" uspid="222" ordinal="12" sl="222" sc="1" el="222" ec="2" bec="0" bev="0" fileid="8" />
                <SequencePoint vc="0" uspid="226" ordinal="13" sl="226" sc="1" el="226" ec="2" bec="0" bev="0" fileid="8" />
                <SequencePoint vc="0" uspid="228" ordinal="14" sl="228" sc="1" el="228" ec="2" bec="0" bev="0" fileid="8" />
                <SequencePoint vc="0" uspid="229" ordinal="15" sl="229" sc="1" el="229" ec="2" bec="0" bev="0" fileid="8" />
                <SequencePoint vc="0" uspid="230" ordinal="16" sl="230" sc="1" el="230" ec="2" bec="0" bev="0" fileid="8" />
                <SequencePoint vc="0" uspid="233" ordinal="17" sl="233" sc="1" el="233" ec="2" bec="0" bev="0" fileid="8" />
                <SequencePoint vc="0" uspid="237" ordinal="18" sl="237" sc="1" el="237" ec="2" bec="0" bev="0" fileid="8" />
                <SequencePoint vc="0" uspid="238" ordinal="19" sl="238" sc="1" el="238" ec="2" bec="0" bev="0" fileid="8" />
                <SequencePoint vc="0" uspid="241" ordinal="20" sl="241" sc="1" el="241" ec="2" bec="0" bev="0" fileid="8" />
                <SequencePoint vc="0" uspid="244" ordinal="21" sl="244" sc="1" el="244" ec="2" bec="0" bev="0" fileid="8" />
                <SequencePoint vc="0" uspid="245" ordinal="22" sl="245" sc="1" el="245" ec="2" bec="0" bev="0" fileid="8" />
              </SequencePoints>
              <BranchPoints>
                <BranchPoint vc="0" uspid="204" ordinal="0" path="0" offset="24" offsetend="26" sl="204" fileid="8" />
                <BranchPoint vc="0" uspid="204" ordinal="1" path="1" offset="24" offsetend="38" sl="204" fileid="8" />
                <BranchPoint vc="0" uspid="219" ordinal="2" path="0" offset="104" offsetend="106" sl="219" fileid="8" />
                <BranchPoint vc="0" uspid="219" ordinal="3" path="1" offset="104" offsetend="118" sl="219" fileid="8" />
                <BranchPoint vc="0" uspid="228" ordinal="4" path="0" offset="148" offsetend="150" sl="228" fileid="8" />
                <BranchPoint vc="0" uspid="228" ordinal="5" path="1" offset="148" offsetend="162" sl="228" fileid="8" />
              </BranchPoints>
              <MethodPoint vc="0" uspid="0" p8:type="SequencePoint" ordinal="6" offset="6" sc="0" sl="202" ec="1" el="245" bec="0" bev="0" fileid="8" xmlns:p8="xsi" />
            </Method>
            <Method cyclomaticComplexity="2" nPathComplexity="0" sequenceCoverage="0" branchCoverage="0" isConstructor="False" isGetter="False" isSetter="False" isStatic="True">
              <Summary numSequencePoints="37" visitedSequencePoints="0" numBranchPoints="2" visitedBranchPoints="0" sequenceCoverage="0" branchCoverage="0" maxCyclomaticComplexity="2" minCyclomaticComplexity="2" visitedClasses="0" numClasses="0" visitedMethods="0" numMethods="1" />
              <MetadataToken />
              <Name>System.Void src.UpdateWatch::UpdateDocker(src.Models.StateChangeAction,src.Models.NodeState)</Name>
              <FileRef uid="8" />
              <SequencePoints>
                <SequencePoint vc="0" uspid="260" ordinal="0" sl="260" sc="1" el="260" ec="2" bec="0" bev="0" fileid="8" />
                <SequencePoint vc="0" uspid="262" ordinal="1" sl="262" sc="1" el="262" ec="2" bec="0" bev="0" fileid="8" />
                <SequencePoint vc="0" uspid="263" ordinal="2" sl="263" sc="1" el="263" ec="2" bec="0" bev="0" fileid="8" />
                <SequencePoint vc="0" uspid="265" ordinal="3" sl="265" sc="1" el="265" ec="2" bec="0" bev="0" fileid="8" />
                <SequencePoint vc="0" uspid="268" ordinal="4" sl="268" sc="1" el="268" ec="2" bec="0" bev="0" fileid="8" />
                <SequencePoint vc="0" uspid="269" ordinal="5" sl="269" sc="1" el="269" ec="2" bec="0" bev="0" fileid="8" />
                <SequencePoint vc="0" uspid="270" ordinal="6" sl="270" sc="1" el="270" ec="2" bec="0" bev="0" fileid="8" />
                <SequencePoint vc="0" uspid="271" ordinal="7" sl="271" sc="1" el="271" ec="2" bec="0" bev="0" fileid="8" />
                <SequencePoint vc="0" uspid="272" ordinal="8" sl="272" sc="1" el="272" ec="2" bec="0" bev="0" fileid="8" />
                <SequencePoint vc="0" uspid="273" ordinal="9" sl="273" sc="1" el="273" ec="2" bec="0" bev="0" fileid="8" />
                <SequencePoint vc="0" uspid="274" ordinal="10" sl="274" sc="1" el="274" ec="2" bec="0" bev="0" fileid="8" />
                <SequencePoint vc="0" uspid="275" ordinal="11" sl="275" sc="1" el="275" ec="2" bec="0" bev="0" fileid="8" />
                <SequencePoint vc="0" uspid="276" ordinal="12" sl="276" sc="1" el="276" ec="2" bec="0" bev="0" fileid="8" />
                <SequencePoint vc="0" uspid="277" ordinal="13" sl="277" sc="1" el="277" ec="2" bec="0" bev="0" fileid="8" />
                <SequencePoint vc="0" uspid="278" ordinal="14" sl="278" sc="1" el="278" ec="2" bec="0" bev="0" fileid="8" />
                <SequencePoint vc="0" uspid="279" ordinal="15" sl="279" sc="1" el="279" ec="2" bec="0" bev="0" fileid="8" />
                <SequencePoint vc="0" uspid="282" ordinal="16" sl="282" sc="1" el="282" ec="2" bec="0" bev="0" fileid="8" />
                <SequencePoint vc="0" uspid="284" ordinal="17" sl="284" sc="1" el="284" ec="2" bec="0" bev="0" fileid="8" />
                <SequencePoint vc="0" uspid="285" ordinal="18" sl="285" sc="1" el="285" ec="2" bec="0" bev="0" fileid="8" />
                <SequencePoint vc="0" uspid="286" ordinal="19" sl="286" sc="1" el="286" ec="2" bec="0" bev="0" fileid="8" />
                <SequencePoint vc="0" uspid="287" ordinal="20" sl="287" sc="1" el="287" ec="2" bec="0" bev="0" fileid="8" />
                <SequencePoint vc="0" uspid="288" ordinal="21" sl="288" sc="1" el="288" ec="2" bec="0" bev="0" fileid="8" />
                <SequencePoint vc="0" uspid="289" ordinal="22" sl="289" sc="1" el="289" ec="2" bec="0" bev="0" fileid="8" />
                <SequencePoint vc="0" uspid="290" ordinal="23" sl="290" sc="1" el="290" ec="2" bec="0" bev="0" fileid="8" />
                <SequencePoint vc="0" uspid="291" ordinal="24" sl="291" sc="1" el="291" ec="2" bec="0" bev="0" fileid="8" />
                <SequencePoint vc="0" uspid="292" ordinal="25" sl="292" sc="1" el="292" ec="2" bec="0" bev="0" fileid="8" />
                <SequencePoint vc="0" uspid="296" ordinal="26" sl="296" sc="1" el="296" ec="2" bec="0" bev="0" fileid="8" />
                <SequencePoint vc="0" uspid="297" ordinal="27" sl="297" sc="1" el="297" ec="2" bec="0" bev="0" fileid="8" />
                <SequencePoint vc="0" uspid="298" ordinal="28" sl="298" sc="1" el="298" ec="2" bec="0" bev="0" fileid="8" />
                <SequencePoint vc="0" uspid="299" ordinal="29" sl="299" sc="1" el="299" ec="2" bec="0" bev="0" fileid="8" />
                <SequencePoint vc="0" uspid="300" ordinal="30" sl="300" sc="1" el="300" ec="2" bec="0" bev="0" fileid="8" />
                <SequencePoint vc="0" uspid="301" ordinal="31" sl="301" sc="1" el="301" ec="2" bec="0" bev="0" fileid="8" />
                <SequencePoint vc="0" uspid="302" ordinal="32" sl="302" sc="1" el="302" ec="2" bec="0" bev="0" fileid="8" />
                <SequencePoint vc="0" uspid="306" ordinal="33" sl="306" sc="1" el="306" ec="2" bec="0" bev="0" fileid="8" />
                <SequencePoint vc="0" uspid="309" ordinal="34" sl="309" sc="1" el="309" ec="2" bec="0" bev="0" fileid="8" />
                <SequencePoint vc="0" uspid="312" ordinal="35" sl="312" sc="1" el="312" ec="2" bec="0" bev="0" fileid="8" />
                <SequencePoint vc="0" uspid="313" ordinal="36" sl="313" sc="1" el="313" ec="2" bec="0" bev="0" fileid="8" />
              </SequencePoints>
              <BranchPoints>
                <BranchPoint vc="0" uspid="297" ordinal="0" path="0" offset="264" offsetend="266" sl="297" fileid="8" />
                <BranchPoint vc="0" uspid="297" ordinal="1" path="1" offset="264" offsetend="340" sl="297" fileid="8" />
              </BranchPoints>
              <MethodPoint vc="0" uspid="0" p8:type="SequencePoint" ordinal="7" offset="7" sc="0" sl="260" ec="1" el="313" bec="0" bev="0" fileid="8" xmlns:p8="xsi" />
            </Method>
            <Method cyclomaticComplexity="1" nPathComplexity="0" sequenceCoverage="0" branchCoverage="100" isConstructor="True" isGetter="False" isSetter="False" isStatic="True">
              <Summary numSequencePoints="9" visitedSequencePoints="0" numBranchPoints="0" visitedBranchPoints="0" sequenceCoverage="0" branchCoverage="100" maxCyclomaticComplexity="1" minCyclomaticComplexity="1" visitedClasses="0" numClasses="0" visitedMethods="0" numMethods="1" />
              <MetadataToken />
              <Name>System.Void src.UpdateWatch::.ctor(src.Models.UpdateWatchOptions)</Name>
              <FileRef uid="8" />
              <SequencePoints>
                <SequencePoint vc="0" uspid="71" ordinal="0" sl="71" sc="1" el="71" ec="2" bec="0" bev="0" fileid="8" />
                <SequencePoint vc="0" uspid="72" ordinal="1" sl="72" sc="1" el="72" ec="2" bec="0" bev="0" fileid="8" />
                <SequencePoint vc="0" uspid="73" ordinal="2" sl="73" sc="1" el="73" ec="2" bec="0" bev="0" fileid="8" />
                <SequencePoint vc="0" uspid="74" ordinal="3" sl="74" sc="1" el="74" ec="2" bec="0" bev="0" fileid="8" />
                <SequencePoint vc="0" uspid="75" ordinal="4" sl="75" sc="1" el="75" ec="2" bec="0" bev="0" fileid="8" />
                <SequencePoint vc="0" uspid="76" ordinal="5" sl="76" sc="1" el="76" ec="2" bec="0" bev="0" fileid="8" />
                <SequencePoint vc="0" uspid="77" ordinal="6" sl="77" sc="1" el="77" ec="2" bec="0" bev="0" fileid="8" />
                <SequencePoint vc="0" uspid="78" ordinal="7" sl="78" sc="1" el="78" ec="2" bec="0" bev="0" fileid="8" />
                <SequencePoint vc="0" uspid="79" ordinal="8" sl="79" sc="1" el="79" ec="2" bec="0" bev="0" fileid="8" />
              </SequencePoints>
              <BranchPoints />
              <MethodPoint vc="0" uspid="0" p8:type="SequencePoint" ordinal="8" offset="8" sc="0" sl="71" ec="1" el="79" bec="0" bev="0" fileid="8" xmlns:p8="xsi" />
            </Method>
          </Methods>
        </Class>
        <Class>
          <Summary numSequencePoints="0" visitedSequencePoints="0" numBranchPoints="2" visitedBranchPoints="0" sequenceCoverage="100" branchCoverage="0" maxCyclomaticComplexity="2" minCyclomaticComplexity="2" visitedClasses="0" numClasses="1" visitedMethods="0" numMethods="0" />
          <FullName>src.UpdateWatch/&lt;&gt;c__DisplayClass16_0</FullName>
          <Methods />
        </Class>
        <Class>
          <Summary numSequencePoints="5" visitedSequencePoints="5" numBranchPoints="0" visitedBranchPoints="0" sequenceCoverage="100" branchCoverage="100" maxCyclomaticComplexity="1" minCyclomaticComplexity="1" visitedClasses="1" numClasses="1" visitedMethods="2" numMethods="2" />
          <FullName>src.Models.LogEventArgs</FullName>
          <Methods>
            <Method cyclomaticComplexity="1" nPathComplexity="0" sequenceCoverage="100" branchCoverage="100" isConstructor="False" isGetter="True" isSetter="False" isStatic="True">
              <Summary numSequencePoints="1" visitedSequencePoints="1" numBranchPoints="0" visitedBranchPoints="0" sequenceCoverage="100" branchCoverage="100" maxCyclomaticComplexity="1" minCyclomaticComplexity="1" visitedClasses="0" numClasses="0" visitedMethods="1" numMethods="1" />
              <MetadataToken />
              <Name>System.String src.Models.LogEventArgs::get_Message()</Name>
              <FileRef uid="9" />
              <SequencePoints>
                <SequencePoint vc="4" uspid="20" ordinal="0" sl="20" sc="1" el="20" ec="2" bec="0" bev="0" fileid="9" />
              </SequencePoints>
              <BranchPoints />
              <MethodPoint vc="1" uspid="0" p8:type="SequencePoint" ordinal="0" offset="0" sc="0" sl="20" ec="1" el="20" bec="0" bev="0" fileid="9" xmlns:p8="xsi" />
            </Method>
            <Method cyclomaticComplexity="1" nPathComplexity="0" sequenceCoverage="100" branchCoverage="100" isConstructor="True" isGetter="False" isSetter="False" isStatic="True">
              <Summary numSequencePoints="4" visitedSequencePoints="4" numBranchPoints="0" visitedBranchPoints="0" sequenceCoverage="100" branchCoverage="100" maxCyclomaticComplexity="1" minCyclomaticComplexity="1" visitedClasses="0" numClasses="0" visitedMethods="1" numMethods="1" />
              <MetadataToken />
              <Name>System.Void src.Models.LogEventArgs::.ctor(System.String)</Name>
              <FileRef uid="9" />
              <SequencePoints>
                <SequencePoint vc="4" uspid="12" ordinal="0" sl="12" sc="1" el="12" ec="2" bec="0" bev="0" fileid="9" />
                <SequencePoint vc="4" uspid="13" ordinal="1" sl="13" sc="1" el="13" ec="2" bec="0" bev="0" fileid="9" />
                <SequencePoint vc="4" uspid="14" ordinal="2" sl="14" sc="1" el="14" ec="2" bec="0" bev="0" fileid="9" />
                <SequencePoint vc="4" uspid="15" ordinal="3" sl="15" sc="1" el="15" ec="2" bec="0" bev="0" fileid="9" />
              </SequencePoints>
              <BranchPoints />
              <MethodPoint vc="4" uspid="0" p8:type="SequencePoint" ordinal="1" offset="1" sc="0" sl="12" ec="1" el="15" bec="0" bev="0" fileid="9" xmlns:p8="xsi" />
            </Method>
          </Methods>
        </Class>
        <Class>
          <Summary numSequencePoints="6" visitedSequencePoints="6" numBranchPoints="0" visitedBranchPoints="0" sequenceCoverage="100" branchCoverage="100" maxCyclomaticComplexity="1" minCyclomaticComplexity="1" visitedClasses="1" numClasses="1" visitedMethods="6" numMethods="6" />
          <FullName>src.Models.NodeState</FullName>
          <Methods>
            <Method cyclomaticComplexity="1" nPathComplexity="0" sequenceCoverage="100" branchCoverage="100" isConstructor="False" isGetter="True" isSetter="False" isStatic="True">
              <Summary numSequencePoints="1" visitedSequencePoints="1" numBranchPoints="0" visitedBranchPoints="0" sequenceCoverage="100" branchCoverage="100" maxCyclomaticComplexity="1" minCyclomaticComplexity="1" visitedClasses="0" numClasses="0" visitedMethods="1" numMethods="1" />
              <MetadataToken />
              <Name>System.String src.Models.NodeState::get_DockerImage()</Name>
              <FileRef uid="10" />
              <SequencePoints>
                <SequencePoint vc="92" uspid="15" ordinal="0" sl="15" sc="1" el="15" ec="2" bec="0" bev="0" fileid="10" />
              </SequencePoints>
              <BranchPoints />
              <MethodPoint vc="1" uspid="0" p8:type="SequencePoint" ordinal="0" offset="0" sc="0" sl="15" ec="1" el="15" bec="0" bev="0" fileid="10" xmlns:p8="xsi" />
            </Method>
            <Method cyclomaticComplexity="1" nPathComplexity="0" sequenceCoverage="100" branchCoverage="100" isConstructor="False" isGetter="True" isSetter="False" isStatic="True">
              <Summary numSequencePoints="1" visitedSequencePoints="1" numBranchPoints="0" visitedBranchPoints="0" sequenceCoverage="100" branchCoverage="100" maxCyclomaticComplexity="1" minCyclomaticComplexity="1" visitedClasses="0" numClasses="0" visitedMethods="1" numMethods="1" />
              <MetadataToken />
              <Name>System.String src.Models.NodeState::get_DockerChecksum()</Name>
              <FileRef uid="10" />
              <SequencePoints>
                <SequencePoint vc="100" uspid="21" ordinal="0" sl="21" sc="1" el="21" ec="2" bec="0" bev="0" fileid="10" />
              </SequencePoints>
              <BranchPoints />
              <MethodPoint vc="1" uspid="0" p8:type="SequencePoint" ordinal="1" offset="1" sc="0" sl="21" ec="1" el="21" bec="0" bev="0" fileid="10" xmlns:p8="xsi" />
            </Method>
            <Method cyclomaticComplexity="1" nPathComplexity="0" sequenceCoverage="100" branchCoverage="100" isConstructor="False" isGetter="True" isSetter="False" isStatic="True">
              <Summary numSequencePoints="1" visitedSequencePoints="1" numBranchPoints="0" visitedBranchPoints="0" sequenceCoverage="100" branchCoverage="100" maxCyclomaticComplexity="1" minCyclomaticComplexity="1" visitedClasses="0" numClasses="0" visitedMethods="1" numMethods="1" />
              <MetadataToken />
              <Name>System.String src.Models.NodeState::get_ChainspecUrl()</Name>
              <FileRef uid="10" />
              <SequencePoints>
                <SequencePoint vc="88" uspid="26" ordinal="0" sl="26" sc="1" el="26" ec="2" bec="0" bev="0" fileid="10" />
              </SequencePoints>
              <BranchPoints />
              <MethodPoint vc="1" uspid="0" p8:type="SequencePoint" ordinal="2" offset="2" sc="0" sl="26" ec="1" el="26" bec="0" bev="0" fileid="10" xmlns:p8="xsi" />
            </Method>
[...]
          <FullName>src.Contract.ContractWrapper/&lt;GetExpectedState&gt;d__7</FullName>
          <Methods>
            <Method cyclomaticComplexity="2" nPathComplexity="0" sequenceCoverage="0" branchCoverage="0" isConstructor="False" isGetter="False" isSetter="False" isStatic="True">
              <Summary numSequencePoints="16" visitedSequencePoints="0" numBranchPoints="2" visitedBranchPoints="0" sequenceCoverage="0" branchCoverage="0" maxCyclomaticComplexity="2" minCyclomaticComplexity="2" visitedClasses="0" numClasses="0" visitedMethods="0" numMethods="1" />
              <MetadataToken />
              <Name>System.Void src.Contract.ContractWrapper/&lt;GetExpectedState&gt;d__7::MoveNext()</Name>
              <FileRef uid="14" />
              <SequencePoints>
                <SequencePoint vc="0" uspid="87" ordinal="0" sl="87" sc="1" el="87" ec="2" bec="0" bev="0" fileid="14" />
                <SequencePoint vc="0" uspid="89" ordinal="1" sl="89" sc="1" el="89" ec="2" bec="0" bev="0" fileid="14" />
                <SequencePoint vc="0" uspid="90" ordinal="2" sl="90" sc="1" el="90" ec="2" bec="0" bev="0" fileid="14" />
                <SequencePoint vc="0" uspid="91" ordinal="3" sl="91" sc="1" el="91" ec="2" bec="0" bev="0" fileid="14" />
                <SequencePoint vc="0" uspid="92" ordinal="4" sl="92" sc="1" el="92" ec="2" bec="0" bev="0" fileid="14" />
                <SequencePoint vc="0" uspid="93" ordinal="5" sl="93" sc="1" el="93" ec="2" bec="0" bev="0" fileid="14" />
                <SequencePoint vc="0" uspid="94" ordinal="6" sl="94" sc="1" el="94" ec="2" bec="0" bev="0" fileid="14" />
                <SequencePoint vc="0" uspid="95" ordinal="7" sl="95" sc="1" el="95" ec="2" bec="0" bev="0" fileid="14" />
                <SequencePoint vc="0" uspid="96" ordinal="8" sl="96" sc="1" el="96" ec="2" bec="0" bev="0" fileid="14" />
                <SequencePoint vc="0" uspid="97" ordinal="9" sl="97" sc="1" el="97" ec="2" bec="0" bev="0" fileid="14" />
                <SequencePoint vc="0" uspid="98" ordinal="10" sl="98" sc="1" el="98" ec="2" bec="0" bev="0" fileid="14" />
                <SequencePoint vc="0" uspid="99" ordinal="11" sl="99" sc="1" el="99" ec="2" bec="0" bev="0" fileid="14" />
                <SequencePoint vc="0" uspid="100" ordinal="12" sl="100" sc="1" el="100" ec="2" bec="0" bev="0" fileid="14" />
                <SequencePoint vc="0" uspid="101" ordinal="13" sl="101" sc="1" el="101" ec="2" bec="0" bev="0" fileid="14" />
                <SequencePoint vc="0" uspid="102" ordinal="14" sl="102" sc="1" el="102" ec="2" bec="0" bev="0" fileid="14" />
                <SequencePoint vc="0" uspid="103" ordinal="15" sl="103" sc="1" el="103" ec="2" bec="0" bev="0" fileid="14" />
              </SequencePoints>
              <BranchPoints>
                <BranchPoint vc="0" uspid="89" ordinal="0" path="0" offset="86" offsetend="88" sl="89" fileid="14" />
                <BranchPoint vc="0" uspid="89" ordinal="1" path="1" offset="86" offsetend="155" sl="89" fileid="14" />
              </BranchPoints>
              <MethodPoint vc="0" uspid="0" p8:type="SequencePoint" ordinal="0" offset="0" sc="0" sl="87" ec="1" el="103" bec="0" bev="0" fileid="14" xmlns:p8="xsi" />
            </Method>
          </Methods>
        </Class>
        <Class>
          <Summary numSequencePoints="10" visitedSequencePoints="0" numBranchPoints="6" visitedBranchPoints="0" sequenceCoverage="0" branchCoverage="0" maxCyclomaticComplexity="6" minCyclomaticComplexity="6" visitedClasses="0" numClasses="1" visitedMethods="0" numMethods="1" />
          <FullName>src.Contract.ContractWrapper/&lt;ConfirmUpdate&gt;d__8</FullName>
          <Methods>
            <Method cyclomaticComplexity="6" nPathComplexity="0" sequenceCoverage="0" branchCoverage="0" isConstructor="False" isGetter="False" isSetter="False" isStatic="True">
              <Summary numSequencePoints="10" visitedSequencePoints="0" numBranchPoints="6" visitedBranchPoints="0" sequenceCoverage="0" branchCoverage="0" maxCyclomaticComplexity="6" minCyclomaticComplexity="6" visitedClasses="0" numClasses="0" visitedMethods="0" numMethods="1" />
              <MetadataToken />
              <Name>System.Void src.Contract.ContractWrapper/&lt;ConfirmUpdate&gt;d__8::MoveNext()</Name>
              <FileRef uid="14" />
              <SequencePoints>
                <SequencePoint vc="0" uspid="111" ordinal="0" sl="111" sc="1" el="111" ec="2" bec="0" bev="0" fileid="14" />
                <SequencePoint vc="0" uspid="113" ordinal="1" sl="113" sc="1" el="113" ec="2" bec="0" bev="0" fileid="14" />
                <SequencePoint vc="0" uspid="114" ordinal="2" sl="114" sc="1" el="114" ec="2" bec="0" bev="0" fileid="14" />
                <SequencePoint vc="0" uspid="115" ordinal="3" sl="115" sc="1" el="115" ec="2" bec="0" bev="0" fileid="14" />
                <SequencePoint vc="0" uspid="116" ordinal="4" sl="116" sc="1" el="116" ec="2" bec="0" bev="0" fileid="14" />
                <SequencePoint vc="0" uspid="117" ordinal="5" sl="117" sc="1" el="117" ec="2" bec="0" bev="0" fileid="14" />
                <SequencePoint vc="0" uspid="118" ordinal="6" sl="118" sc="1" el="118" ec="2" bec="0" bev="0" fileid="14" />
                <SequencePoint vc="0" uspid="119" ordinal="7" sl="119" sc="1" el="119" ec="2" bec="0" bev="0" fileid="14" />
                <SequencePoint vc="0" uspid="120" ordinal="8" sl="120" sc="1" el="120" ec="2" bec="0" bev="0" fileid="14" />
                <SequencePoint vc="0" uspid="123" ordinal="9" sl="123" sc="1" el="123" ec="2" bec="0" bev="0" fileid="14" />
              </SequencePoints>
              <BranchPoints>
                <BranchPoint vc="0" uspid="113" ordinal="0" path="0" offset="68" offsetend="70" sl="113" fileid="14" />
                <BranchPoint vc="0" uspid="113" ordinal="1" path="1" offset="68" offsetend="137" sl="113" fileid="14" />
                <BranchPoint vc="0" uspid="118" ordinal="2" path="0" offset="197" offsetend="199" sl="118" fileid="14" />
                <BranchPoint vc="0" uspid="118" ordinal="3" path="1" offset="197" offsetend="212" sl="118" fileid="14" />
                <BranchPoint vc="0" uspid="118" ordinal="4" path="0" offset="215" offsetend="217" sl="118" fileid="14" />
                <BranchPoint vc="0" uspid="118" ordinal="5" path="1" offset="215" offsetend="229" sl="118" fileid="14" />
              </BranchPoints>
              <MethodPoint vc="0" uspid="0" p8:type="SequencePoint" ordinal="0" offset="0" sc="0" sl="111" ec="1" el="123" bec="0" bev="0" fileid="14" xmlns:p8="xsi" />
            </Method>
          </Methods>
        </Class>
        <Class>
          <Summary numSequencePoints="1" visitedSequencePoints="0" numBranchPoints="0" visitedBranchPoints="0" sequenceCoverage="0" branchCoverage="100" maxCyclomaticComplexity="1" minCyclomaticComplexity="1" visitedClasses="0" numClasses="1" visitedMethods="0" numMethods="1" />
          <FullName>src.Contract.RetrieveUpdateFunction</FullName>
          <Methods>
            <Method cyclomaticComplexity="1" nPathComplexity="0" sequenceCoverage="0" branchCoverage="100" isConstructor="False" isGetter="True" isSetter="False" isStatic="True">
              <Summary numSequencePoints="1" visitedSequencePoints="0" numBranchPoints="0" visitedBranchPoints="0" sequenceCoverage="0" branchCoverage="100" maxCyclomaticComplexity="1" minCyclomaticComplexity="1" visitedClasses="0" numClasses="0" visitedMethods="0" numMethods="1" />
              <MetadataToken />
              <Name>System.String src.Contract.RetrieveUpdateFunction::get_ValidatorAddress()</Name>
              <FileRef uid="15" />
              <SequencePoints>
                <SequencePoint vc="0" uspid="16" ordinal="0" sl="16" sc="1" el="16" ec="2" bec="0" bev="0" fileid="15" />
              </SequencePoints>
              <BranchPoints />
              <MethodPoint vc="0" uspid="0" p8:type="SequencePoint" ordinal="0" offset="0" sc="0" sl="16" ec="1" el="16" bec="0" bev="0" fileid="15" xmlns:p8="xsi" />
            </Method>
          </Methods>
        </Class>
        <Class>
          <Summary numSequencePoints="2" visitedSequencePoints="0" numBranchPoints="0" visitedBranchPoints="0" sequenceCoverage="0" branchCoverage="100" maxCyclomaticComplexity="1" minCyclomaticComplexity="1" visitedClasses="0" numClasses="1" visitedMethods="0" numMethods="2" />
          <FullName>src.Contract.UpdateEventDTO</FullName>
          <Methods>
            <Method cyclomaticComplexity="1" nPathComplexity="0" sequenceCoverage="0" branchCoverage="100" isConstructor="False" isGetter="True" isSetter="False" isStatic="True">
              <Summary numSequencePoints="1" visitedSequencePoints="0" numBranchPoints="0" visitedBranchPoints="0" sequenceCoverage="0" branchCoverage="100" maxCyclomaticComplexity="1" minCyclomaticComplexity="1" visitedClasses="0" numClasses="0" visitedMethods="0" numMethods="1" />
              <MetadataToken />
              <Name>System.String src.Contract.UpdateEventDTO::get_TargetValidator()</Name>
              <FileRef uid="16" />
              <SequencePoints>
                <SequencePoint vc="0" uspid="15" ordinal="0" sl="15" sc="1" el="15" ec="2" bec="0" bev="0" fileid="16" />
              </SequencePoints>
              <BranchPoints />
              <MethodPoint vc="0" uspid="0" p8:type="SequencePoint" ordinal="0" offset="0" sc="0" sl="15" ec="1" el="15" bec="0" bev="0" fileid="16" xmlns:p8="xsi" />
            </Method>
            <Method cyclomaticComplexity="1" nPathComplexity="0" sequenceCoverage="0" branchCoverage="100" isConstructor="False" isGetter="True" isSetter="False" isStatic="True">
              <Summary numSequencePoints="1" visitedSequencePoints="0" numBranchPoints="0" visitedBranchPoints="0" sequenceCoverage="0" branchCoverage="100" maxCyclomaticComplexity="1" minCyclomaticComplexity="1" visitedClasses="0" numClasses="0" visitedMethods="0" numMethods="1" />
              <MetadataToken />
              <Name>System.String src.Contract.UpdateEventDTO::get_EventId()</Name>
              <FileRef uid="16" />
              <SequencePoints>
                <SequencePoint vc="0" uspid="21" ordinal="0" sl="21" sc="1" el="21" ec="2" bec="0" bev="0" fileid="16" />
              </SequencePoints>
              <BranchPoints />
              <MethodPoint vc="0" uspid="0" p8:type="SequencePoint" ordinal="1" offset="1" sc="0" sl="21" ec="1" el="21" bec="0" bev="0" fileid="16" xmlns:p8="xsi" />
            </Method>
          </Methods>
        </Class>
        <Class>
          <Summary numSequencePoints="1" visitedSequencePoints="0" numBranchPoints="0" visitedBranchPoints="0" sequenceCoverage="0" branchCoverage="100" maxCyclomaticComplexity="1" minCyclomaticComplexity="1" visitedClasses="0" numClasses="1" visitedMethods="0" numMethods="1" />
          <FullName>src.Contract.UpdateStateDto</FullName>
          <Methods>
            <Method cyclomaticComplexity="1" nPathComplexity="0" sequenceCoverage="0" branchCoverage="100" isConstructor="False" isGetter="True" isSetter="False" isStatic="True">
              <Summary numSequencePoints="1" visitedSequencePoints="0" numBranchPoints="0" visitedBranchPoints="0" sequenceCoverage="0" branchCoverage="100" maxCyclomaticComplexity="1" minCyclomaticComplexity="1" visitedClasses="0" numClasses="0" visitedMethods="0" numMethods="1" />
              <MetadataToken />
              <Name>src.Contract.ValidatorStateDTO src.Contract.UpdateStateDto::get_ValidatorState()</Name>
              <FileRef uid="17" />
              <SequencePoints>
                <SequencePoint vc="0" uspid="15" ordinal="0" sl="15" sc="1" el="15" ec="2" bec="0" bev="0" fileid="17" />
              </SequencePoints>
              <BranchPoints />
              <MethodPoint vc="0" uspid="0" p8:type="SequencePoint" ordinal="0" offset="0" sc="0" sl="15" ec="1" el="15" bec="0" bev="0" fileid="17" xmlns:p8="xsi" />
            </Method>
          </Methods>
        </Class>
        <Class>
          <Summary numSequencePoints="7" visitedSequencePoints="0" numBranchPoints="0" visitedBranchPoints="0" sequenceCoverage="0" branchCoverage="100" maxCyclomaticComplexity="1" minCyclomaticComplexity="1" visitedClasses="0" numClasses="1" visitedMethods="0" numMethods="7" />
          <FullName>src.Contract.ValidatorStateDTO</FullName>
          <Methods>
            <Method cyclomaticComplexity="1" nPathComplexity="0" sequenceCoverage="0" branchCoverage="100" isConstructor="False" isGetter="True" isSetter="False" isStatic="True">
              <Summary numSequencePoints="1" visitedSequencePoints="0" numBranchPoints="0" visitedBranchPoints="0" sequenceCoverage="0" branchCoverage="100" maxCyclomaticComplexity="1" minCyclomaticComplexity="1" visitedClasses="0" numClasses="0" visitedMethods="0" numMethods="1" />
              <MetadataToken />
              <Name>System.Byte[] src.Contract.ValidatorStateDTO::get_DockerSha()</Name>
              <FileRef uid="18" />
              <SequencePoints>
                <SequencePoint vc="0" uspid="16" ordinal="0" sl="16" sc="1" el="16" ec="2" bec="0" bev="0" fileid="18" />
              </SequencePoints>
              <BranchPoints />
              <MethodPoint vc="0" uspid="0" p8:type="SequencePoint" ordinal="0" offset="0" sc="0" sl="16" ec="1" el="16" bec="0" bev="0" fileid="18" xmlns:p8="xsi" />
            </Method>
            <Method cyclomaticComplexity="1" nPathComplexity="0" sequenceCoverage="0" branchCoverage="100" isConstructor="False" isGetter="True" isSetter="False" isStatic="True">
              <Summary numSequencePoints="1" visitedSequencePoints="0" numBranchPoints="0" visitedBranchPoints="0" sequenceCoverage="0" branchCoverage="100" maxCyclomaticComplexity="1" minCyclomaticComplexity="1" visitedClasses="0" numClasses="0" visitedMethods="0" numMethods="1" />
              <MetadataToken />
              <Name>System.String src.Contract.ValidatorStateDTO::get_DockerName()</Name>
              <FileRef uid="18" />
              <SequencePoints>
                <SequencePoint vc="0" uspid="23" ordinal="0" sl="23" sc="1" el="23" ec="2" bec="0" bev="0" fileid="18" />
              </SequencePoints>
              <BranchPoints />
              <MethodPoint vc="0" uspid="0" p8:type="SequencePoint" ordinal="1" offset="1" sc="0" sl="23" ec="1" el="23" bec="0" bev="0" fileid="18" xmlns:p8="xsi" />
            </Method>
            <Method cyclomaticComplexity="1" nPathComplexity="0" sequenceCoverage="0" branchCoverage="100" isConstructor="False" isGetter="True" isSetter="False" isStatic="True">
              <Summary numSequencePoints="1" visitedSequencePoints="0" numBranchPoints="0" visitedBranchPoints="0" sequenceCoverage="0" branchCoverage="100" maxCyclomaticComplexity="1" minCyclomaticComplexity="1" visitedClasses="0" numClasses="0" visitedMethods="0" numMethods="1" />
              <MetadataToken />
              <Name>System.Byte[] src.Contract.ValidatorStateDTO::get_ChainSpecSha()</Name>
              <FileRef uid="18" />
              <SequencePoints>
                <SequencePoint vc="0" uspid="29" ordinal="0" sl="29" sc="1" el="29" ec="2" bec="0" bev="0" fileid="18" />
              </SequencePoints>
              <BranchPoints />
              <MethodPoint vc="0" uspid="0" p8:type="SequencePoint" ordinal="2" offset="2" sc="0" sl="29" ec="1" el="29" bec="0" bev="0" fileid="18" xmlns:p8="xsi" />
            </Method>
            <Method cyclomaticComplexity="1" nPathComplexity="0" sequenceCoverage="0" branchCoverage="100" isConstructor="False" isGetter="True" isSetter="False" isStatic="True">
              <Summary numSequencePoints="1" visitedSequencePoints="0" numBranchPoints="0" visitedBranchPoints="0" sequenceCoverage="0" branchCoverage="100" maxCyclomaticComplexity="1" minCyclomaticComplexity="1" visitedClasses="0" numClasses="0" visitedMethods="0" numMethods="1" />
              <MetadataToken />
              <Name>System.String src.Contract.ValidatorStateDTO::get_ChainSpecUrl()</Name>
              <FileRef uid="18" />
              <SequencePoints>
                <SequencePoint vc="0" uspid="35" ordinal="0" sl="35" sc="1" el="35" ec="2" bec="0" bev="0" fileid="18" />
              </SequencePoints>
              <BranchPoints />
              <MethodPoint vc="0" uspid="0" p8:type="SequencePoint" ordinal="3" offset="3" sc="0" sl="35" ec="1" el="35" bec="0" bev="0" fileid="18" xmlns:p8="xsi" />
            </Method>
            <Method cyclomaticComplexity="1" nPathComplexity="0" sequenceCoverage="0" branchCoverage="100" isConstructor="False" isGetter="True" isSetter="False" isStatic="True">
              <Summary numSequencePoints="1" visitedSequencePoints="0" numBranchPoints="0" visitedBranchPoints="0" sequenceCoverage="0" branchCoverage="100" maxCyclomaticComplexity="1" minCyclomaticComplexity="1" visitedClasses="0" numClasses="0" visitedMethods="0" numMethods="1" />
              <MetadataToken />
              <Name>System.Boolean src.Contract.ValidatorStateDTO::get_IsSigning()</Name>
              <FileRef uid="18" />
              <SequencePoints>
                <SequencePoint vc="0" uspid="41" ordinal="0" sl="41" sc="1" el="41" ec="2" bec="0" bev="0" fileid="18" />
              </SequencePoints>
              <BranchPoints />
              <MethodPoint vc="0" uspid="0" p8:type="SequencePoint" ordinal="4" offset="4" sc="0" sl="41" ec="1" el="41" bec="0" bev="0" fileid="18" xmlns:p8="xsi" />
            </Method>
            <Method cyclomaticComplexity="1" nPathComplexity="0" sequenceCoverage="0" branchCoverage="100" isConstructor="False" isGetter="True" isSetter="False" isStatic="True">
              <Summary numSequencePoints="1" visitedSequencePoints="0" numBranchPoints="0" visitedBranchPoints="0" sequenceCoverage="0" branchCoverage="100" maxCyclomaticComplexity="1" minCyclomaticComplexity="1" visitedClasses="0" numClasses="0" visitedMethods="0" numMethods="1" />
              <MetadataToken />
              <Name>System.Numerics.BigInteger src.Contract.ValidatorStateDTO::get_Updateintroduced()</Name>
              <FileRef uid="18" />
              <SequencePoints>
                <SequencePoint vc="0" uspid="47" ordinal="0" sl="47" sc="1" el="47" ec="2" bec="0" bev="0" fileid="18" />
              </SequencePoints>
              <BranchPoints />
              <MethodPoint vc="0" uspid="0" p8:type="SequencePoint" ordinal="5" offset="5" sc="0" sl="47" ec="1" el="47" bec="0" bev="0" fileid="18" xmlns:p8="xsi" />
            </Method>
            <Method cyclomaticComplexity="1" nPathComplexity="0" sequenceCoverage="0" branchCoverage="100" isConstructor="False" isGetter="True" isSetter="False" isStatic="True">
              <Summary numSequencePoints="1" visitedSequencePoints="0" numBranchPoints="0" visitedBranchPoints="0" sequenceCoverage="0" branchCoverage="100" maxCyclomaticComplexity="1" minCyclomaticComplexity="1" visitedClasses="0" numClasses="0" visitedMethods="0" numMethods="1" />
              <MetadataToken />
              <Name>System.Numerics.BigInteger src.Contract.ValidatorStateDTO::get_UpdateConfirmed()</Name>
              <FileRef uid="18" />
              <SequencePoints>
                <SequencePoint vc="0" uspid="53" ordinal="0" sl="53" sc="1" el="53" ec="2" bec="0" bev="0" fileid="18" />
              </SequencePoints>
              <BranchPoints />
              <MethodPoint vc="0" uspid="0" p8:type="SequencePoint" ordinal="6" offset="6" sc="0" sl="53" ec="1" el="53" bec="0" bev="0" fileid="18" xmlns:p8="xsi" />
            </Method>
          </Methods>
        </Class>
      </Classes>
    </Module>
  </Modules>
</CoverageSession>