<?xml version="1.0" encoding="utf-8"?>
<CoverageSession>
  <Summary numSequencePoints="1330" visitedSequencePoints="1173" numBranchPoints="160" visitedBranchPoints="129" sequenceCoverage="88.2" branchCoverage="80.6" maxCyclomaticComplexity="191" minCyclomaticComplexity="58" visitedClasses="24" numClasses="39" visitedMethods="76" numMethods="113" />
  <Modules>
    <Module hash="00DA759E-75B9-4B80-82D3-BCCC5FBF6830">
      <ModulePath>src.dll</ModulePath>
      <ModuleTime>2019-03-15T09:24:30</ModuleTime>
      <ModuleName>src</ModuleName>
      <Files>
        <File uid="1" fullPath="/home/markus/dev/project-equestria/nodecontrol/src/ConfigBuilder.cs" />
        <File uid="2" fullPath="/home/markus/dev/project-equestria/nodecontrol/src/ConfigurationFileHandler.cs" />
        <File uid="3" fullPath="/home/markus/dev/project-equestria/nodecontrol/src/ConsoleMessageService.cs" />
        <File uid="4" fullPath="/home/markus/dev/project-equestria/nodecontrol/src/LinuxComposeControl.cs" />
        <File uid="5" fullPath="/home/markus/dev/project-equestria/nodecontrol/src/Program.cs" />
        <File uid="6" fullPath="/home/markus/dev/project-equestria/nodecontrol/src/StateCompare.cs" />
        <File uid="7" fullPath="/home/markus/dev/project-equestria/nodecontrol/src/StateCompareException.cs" />
        <File uid="8" fullPath="/home/markus/dev/project-equestria/nodecontrol/src/UpdateVerificationException.cs" />
        <File uid="9" fullPath="/home/markus/dev/project-equestria/nodecontrol/src/UpdateWatch.cs" />
        <File uid="10" fullPath="/home/markus/dev/project-equestria/nodecontrol/src/Models/LogEventArgs.cs" />
        <File uid="11" fullPath="/home/markus/dev/project-equestria/nodecontrol/src/Models/NodeState.cs" />
        <File uid="12" fullPath="/home/markus/dev/project-equestria/nodecontrol/src/Models/StateChangeAction.cs" />
        <File uid="13" fullPath="/home/markus/dev/project-equestria/nodecontrol/src/Models/UpdateWatchOptions.cs" />
        <File uid="14" fullPath="/home/markus/dev/project-equestria/nodecontrol/src/Contract/ContractException.cs" />
        <File uid="15" fullPath="/home/markus/dev/project-equestria/nodecontrol/src/Contract/ContractWrapper.cs" />
        <File uid="16" fullPath="/home/markus/dev/project-equestria/nodecontrol/src/Contract/RetrieveUpdateFunction.cs" />
        <File uid="17" fullPath="/home/markus/dev/project-equestria/nodecontrol/src/Contract/UpdateEventDTO.cs" />
        <File uid="18" fullPath="/home/markus/dev/project-equestria/nodecontrol/src/Contract/UpdateStateDTO.cs" />
        <File uid="19" fullPath="/home/markus/dev/project-equestria/nodecontrol/src/Contract/ValidatorStateDTO.cs" />
      </Files>
      <Classes>
        <Class>
          <Summary numSequencePoints="20" visitedSequencePoints="20" numBranchPoints="4" visitedBranchPoints="4" sequenceCoverage="100" branchCoverage="100" maxCyclomaticComplexity="2" minCyclomaticComplexity="2" visitedClasses="1" numClasses="1" visitedMethods="2" numMethods="2" />
          <FullName>src.ConfigBuilder</FullName>
          <Methods>
            <Method cyclomaticComplexity="2" nPathComplexity="0" sequenceCoverage="100" branchCoverage="100" isConstructor="False" isGetter="False" isSetter="False" isStatic="True">
              <Summary numSequencePoints="4" visitedSequencePoints="4" numBranchPoints="2" visitedBranchPoints="2" sequenceCoverage="100" branchCoverage="100" maxCyclomaticComplexity="2" minCyclomaticComplexity="2" visitedClasses="0" numClasses="0" visitedMethods="1" numMethods="1" />
              <MetadataToken />
              <Name>System.String src.ConfigBuilder::GetConfig(System.Collections.IDictionary,System.String,System.String)</Name>
              <FileRef uid="1" />
              <SequencePoints>
                <SequencePoint vc="8" uspid="11" ordinal="0" sl="11" sc="1" el="11" ec="2" bec="0" bev="0" fileid="1" />
                <SequencePoint vc="8" uspid="12" ordinal="1" sl="12" sc="1" el="12" ec="2" bec="0" bev="0" fileid="1" />
                <SequencePoint vc="8" uspid="13" ordinal="2" sl="13" sc="1" el="13" ec="2" bec="0" bev="0" fileid="1" />
                <SequencePoint vc="8" uspid="14" ordinal="3" sl="14" sc="1" el="14" ec="2" bec="0" bev="0" fileid="1" />
              </SequencePoints>
              <BranchPoints>
                <BranchPoint vc="4" uspid="13" ordinal="0" path="0" offset="20" offsetend="22" sl="13" fileid="1" />
                <BranchPoint vc="4" uspid="13" ordinal="1" path="1" offset="20" offsetend="25" sl="13" fileid="1" />
              </BranchPoints>
              <MethodPoint vc="4" uspid="0" p8:type="SequencePoint" ordinal="0" offset="0" sc="0" sl="11" ec="1" el="14" bec="0" bev="0" fileid="1" xmlns:p8="xsi" />
            </Method>
            <Method cyclomaticComplexity="2" nPathComplexity="0" sequenceCoverage="100" branchCoverage="100" isConstructor="False" isGetter="False" isSetter="False" isStatic="True">
              <Summary numSequencePoints="16" visitedSequencePoints="16" numBranchPoints="2" visitedBranchPoints="2" sequenceCoverage="100" branchCoverage="100" maxCyclomaticComplexity="2" minCyclomaticComplexity="2" visitedClasses="0" numClasses="0" visitedMethods="1" numMethods="1" />
              <MetadataToken />
              <Name>src.Models.UpdateWatchOptions src.ConfigBuilder::BuildConfigurationFromEnvironment(System.Collections.IDictionary)</Name>
              <FileRef uid="1" />
              <SequencePoints>
                <SequencePoint vc="3" uspid="17" ordinal="0" sl="17" sc="1" el="17" ec="2" bec="0" bev="0" fileid="1" />
                <SequencePoint vc="3" uspid="18" ordinal="1" sl="18" sc="1" el="18" ec="2" bec="0" bev="0" fileid="1" />
                <SequencePoint vc="1" uspid="19" ordinal="2" sl="19" sc="1" el="19" ec="2" bec="0" bev="0" fileid="1" />
                <SequencePoint vc="1" uspid="20" ordinal="3" sl="20" sc="1" el="20" ec="2" bec="0" bev="0" fileid="1" />
                <SequencePoint vc="2" uspid="23" ordinal="4" sl="23" sc="1" el="23" ec="2" bec="0" bev="0" fileid="1" />
                <SequencePoint vc="2" uspid="24" ordinal="5" sl="24" sc="1" el="24" ec="2" bec="0" bev="0" fileid="1" />
                <SequencePoint vc="2" uspid="25" ordinal="6" sl="25" sc="1" el="25" ec="2" bec="0" bev="0" fileid="1" />
                <SequencePoint vc="2" uspid="26" ordinal="7" sl="26" sc="1" el="26" ec="2" bec="0" bev="0" fileid="1" />
                <SequencePoint vc="2" uspid="28" ordinal="8" sl="28" sc="1" el="28" ec="2" bec="0" bev="0" fileid="1" />
                <SequencePoint vc="2" uspid="29" ordinal="9" sl="29" sc="1" el="29" ec="2" bec="0" bev="0" fileid="1" />
                <SequencePoint vc="2" uspid="30" ordinal="10" sl="30" sc="1" el="30" ec="2" bec="0" bev="0" fileid="1" />
                <SequencePoint vc="2" uspid="31" ordinal="11" sl="31" sc="1" el="31" ec="2" bec="0" bev="0" fileid="1" />
                <SequencePoint vc="2" uspid="32" ordinal="12" sl="32" sc="1" el="32" ec="2" bec="0" bev="0" fileid="1" />
                <SequencePoint vc="2" uspid="33" ordinal="13" sl="33" sc="1" el="33" ec="2" bec="0" bev="0" fileid="1" />
                <SequencePoint vc="2" uspid="34" ordinal="14" sl="34" sc="1" el="34" ec="2" bec="0" bev="0" fileid="1" />
                <SequencePoint vc="2" uspid="35" ordinal="15" sl="35" sc="1" el="35" ec="2" bec="0" bev="0" fileid="1" />
              </SequencePoints>
              <BranchPoints>
                <BranchPoint vc="1" uspid="18" ordinal="0" path="0" offset="9" offsetend="11" sl="18" fileid="1" />
                <BranchPoint vc="2" uspid="18" ordinal="1" path="1" offset="9" offsetend="28" sl="18" fileid="1" />
              </BranchPoints>
              <MethodPoint vc="16" uspid="0" p8:type="SequencePoint" ordinal="1" offset="1" sc="0" sl="17" ec="1" el="35" bec="0" bev="0" fileid="1" xmlns:p8="xsi" />
            </Method>
          </Methods>
        </Class>
        <Class>
          <Summary numSequencePoints="69" visitedSequencePoints="69" numBranchPoints="44" visitedBranchPoints="43" sequenceCoverage="100" branchCoverage="97.7" maxCyclomaticComplexity="24" minCyclomaticComplexity="4" visitedClasses="1" numClasses="1" visitedMethods="3" numMethods="3" />
          <FullName>src.ConfigurationFileHandler</FullName>
          <Methods>
            <Method cyclomaticComplexity="16" nPathComplexity="0" sequenceCoverage="100" branchCoverage="100" isConstructor="False" isGetter="False" isSetter="False" isStatic="True">
              <Summary numSequencePoints="25" visitedSequencePoints="25" numBranchPoints="16" visitedBranchPoints="16" sequenceCoverage="100" branchCoverage="100" maxCyclomaticComplexity="16" minCyclomaticComplexity="16" visitedClasses="0" numClasses="0" visitedMethods="1" numMethods="1" />
              <MetadataToken />
              <Name>src.Models.NodeState src.ConfigurationFileHandler::ReadCurrentState()</Name>
              <FileRef uid="2" />
              <SequencePoints>
                <SequencePoint vc="5" uspid="51" ordinal="0" sl="51" sc="1" el="51" ec="2" bec="0" bev="0" fileid="2" />
                <SequencePoint vc="5" uspid="52" ordinal="1" sl="52" sc="1" el="52" ec="2" bec="0" bev="0" fileid="2" />
                <SequencePoint vc="1" uspid="53" ordinal="2" sl="53" sc="1" el="53" ec="2" bec="0" bev="0" fileid="2" />
                <SequencePoint vc="1" uspid="54" ordinal="3" sl="54" sc="1" el="54" ec="2" bec="0" bev="0" fileid="2" />
                <SequencePoint vc="4" uspid="57" ordinal="4" sl="57" sc="1" el="57" ec="2" bec="0" bev="0" fileid="2" />
                <SequencePoint vc="104" uspid="58" ordinal="5" sl="58" sc="1" el="58" ec="2" bec="0" bev="0" fileid="2" />
                <SequencePoint vc="46" uspid="59" ordinal="6" sl="59" sc="1" el="59" ec="2" bec="0" bev="0" fileid="2" />
                <SequencePoint vc="46" uspid="60" ordinal="7" sl="60" sc="1" el="60" ec="2" bec="0" bev="0" fileid="2" />
                <SequencePoint vc="46" uspid="61" ordinal="8" sl="61" sc="1" el="61" ec="2" bec="0" bev="0" fileid="2" />
                <SequencePoint vc="4" uspid="62" ordinal="9" sl="62" sc="1" el="62" ec="2" bec="0" bev="0" fileid="2" />
                <SequencePoint vc="4" uspid="64" ordinal="10" sl="64" sc="1" el="64" ec="2" bec="0" bev="0" fileid="2" />
                <SequencePoint vc="42" uspid="67" ordinal="11" sl="67" sc="1" el="67" ec="2" bec="0" bev="0" fileid="2" />
                <SequencePoint vc="4" uspid="70" ordinal="12" sl="70" sc="1" el="70" ec="2" bec="0" bev="0" fileid="2" />
                <SequencePoint vc="4" uspid="71" ordinal="13" sl="71" sc="1" el="71" ec="2" bec="0" bev="0" fileid="2" />
                <SequencePoint vc="4" uspid="73" ordinal="14" sl="73" sc="1" el="73" ec="2" bec="0" bev="0" fileid="2" />
                <SequencePoint vc="4" uspid="74" ordinal="15" sl="74" sc="1" el="74" ec="2" bec="0" bev="0" fileid="2" />
                <SequencePoint vc="3" uspid="76" ordinal="16" sl="76" sc="1" el="76" ec="2" bec="0" bev="0" fileid="2" />
                <SequencePoint vc="3" uspid="77" ordinal="17" sl="77" sc="1" el="77" ec="2" bec="0" bev="0" fileid="2" />
                <SequencePoint vc="3" uspid="79" ordinal="18" sl="79" sc="1" el="79" ec="2" bec="0" bev="0" fileid="2" />
                <SequencePoint vc="3" uspid="80" ordinal="19" sl="80" sc="1" el="80" ec="2" bec="0" bev="0" fileid="2" />
                <SequencePoint vc="4" uspid="82" ordinal="20" sl="82" sc="1" el="82" ec="2" bec="0" bev="0" fileid="2" />
                <SequencePoint vc="4" uspid="83" ordinal="21" sl="83" sc="1" el="83" ec="2" bec="0" bev="0" fileid="2" />
                <SequencePoint vc="42" uspid="85" ordinal="22" sl="85" sc="1" el="85" ec="2" bec="0" bev="0" fileid="2" />
                <SequencePoint vc="4" uspid="87" ordinal="23" sl="87" sc="1" el="87" ec="2" bec="0" bev="0" fileid="2" />
                <SequencePoint vc="4" uspid="88" ordinal="24" sl="88" sc="1" el="88" ec="2" bec="0" bev="0" fileid="2" />
              </SequencePoints>
              <BranchPoints>
                <BranchPoint vc="1" uspid="52" ordinal="0" path="0" offset="17" offsetend="19" sl="52" fileid="2" />
                <BranchPoint vc="4" uspid="52" ordinal="1" path="1" offset="17" offsetend="31" sl="52" fileid="2" />
                <BranchPoint vc="46" uspid="58" ordinal="15" path="1" offset="259" offsetend="57" sl="58" fileid="2" />
                <BranchPoint vc="4" uspid="61" ordinal="2" path="0" offset="89" offsetend="91" sl="61" fileid="2" />
                <BranchPoint vc="42" uspid="61" ordinal="3" path="1" offset="89" offsetend="97" sl="61" fileid="2" />
                <BranchPoint vc="38" uspid="67" ordinal="4" path="0" offset="115" offsetend="117" sl="67" fileid="2" />
                <BranchPoint vc="34" uspid="67" ordinal="6" path="0" offset="129" offsetend="131" sl="67" fileid="2" />
                <BranchPoint vc="31" uspid="67" ordinal="8" path="0" offset="143" offsetend="145" sl="67" fileid="2" />
                <BranchPoint vc="28" uspid="67" ordinal="10" path="0" offset="157" offsetend="159" sl="67" fileid="2" />
                <BranchPoint vc="4" uspid="67" ordinal="5" path="1" offset="115" offsetend="175" sl="67" fileid="2" />
                <BranchPoint vc="4" uspid="67" ordinal="7" path="1" offset="129" offsetend="188" sl="67" fileid="2" />
                <BranchPoint vc="3" uspid="67" ordinal="9" path="1" offset="143" offsetend="201" sl="67" fileid="2" />
                <BranchPoint vc="3" uspid="67" ordinal="11" path="1" offset="157" offsetend="214" sl="67" fileid="2" />
                <BranchPoint vc="4" uspid="67" ordinal="13" path="1" offset="171" offsetend="227" sl="67" fileid="2" />
                <BranchPoint vc="42" uspid="67" ordinal="12" path="0" offset="171" offsetend="250" sl="67" fileid="2" />
                <BranchPoint vc="4" uspid="58" ordinal="14" path="0" offset="259" offsetend="264" sl="58" fileid="2" />
              </BranchPoints>
              <MethodPoint vc="25" uspid="0" p8:type="SequencePoint" ordinal="0" offset="0" sc="0" sl="51" ec="1" el="88" bec="0" bev="0" fileid="2" xmlns:p8="xsi" />
            </Method>
            <Method cyclomaticComplexity="24" nPathComplexity="0" sequenceCoverage="100" branchCoverage="95.8" isConstructor="False" isGetter="False" isSetter="False" isStatic="True">
              <Summary numSequencePoints="34" visitedSequencePoints="34" numBranchPoints="24" visitedBranchPoints="23" sequenceCoverage="100" branchCoverage="95.8" maxCyclomaticComplexity="24" minCyclomaticComplexity="24" visitedClasses="0" numClasses="0" visitedMethods="1" numMethods="1" />
              <MetadataToken />
              <Name>System.Void src.ConfigurationFileHandler::WriteNewState(src.Models.NodeState)</Name>
              <FileRef uid="2" />
              <SequencePoints>
                <SequencePoint vc="3" uspid="96" ordinal="0" sl="96" sc="1" el="96" ec="2" bec="0" bev="0" fileid="2" />
                <SequencePoint vc="3" uspid="97" ordinal="1" sl="97" sc="1" el="97" ec="2" bec="0" bev="0" fileid="2" />
                <SequencePoint vc="1" uspid="98" ordinal="2" sl="98" sc="1" el="98" ec="2" bec="0" bev="0" fileid="2" />
                <SequencePoint vc="1" uspid="99" ordinal="3" sl="99" sc="1" el="99" ec="2" bec="0" bev="0" fileid="2" />
                <SequencePoint vc="2" uspid="102" ordinal="4" sl="102" sc="1" el="102" ec="2" bec="0" bev="0" fileid="2" />
                <SequencePoint vc="66" uspid="104" ordinal="5" sl="104" sc="1" el="104" ec="2" bec="0" bev="0" fileid="2" />
                <SequencePoint vc="30" uspid="105" ordinal="6" sl="105" sc="1" el="105" ec="2" bec="0" bev="0" fileid="2" />
                <SequencePoint vc="30" uspid="107" ordinal="7" sl="107" sc="1" el="107" ec="2" bec="0" bev="0" fileid="2" />
                <SequencePoint vc="2" uspid="108" ordinal="8" sl="108" sc="1" el="108" ec="2" bec="0" bev="0" fileid="2" />
                <SequencePoint vc="2" uspid="109" ordinal="9" sl="109" sc="1" el="109" ec="2" bec="0" bev="0" fileid="2" />
                <SequencePoint vc="2" uspid="110" ordinal="10" sl="110" sc="1" el="110" ec="2" bec="0" bev="0" fileid="2" />
                <SequencePoint vc="28" uspid="111" ordinal="11" sl="111" sc="1" el="111" ec="2" bec="0" bev="0" fileid="2" />
                <SequencePoint vc="2" uspid="112" ordinal="12" sl="112" sc="1" el="112" ec="2" bec="0" bev="0" fileid="2" />
                <SequencePoint vc="2" uspid="113" ordinal="13" sl="113" sc="1" el="113" ec="2" bec="0" bev="0" fileid="2" />
                <SequencePoint vc="2" uspid="114" ordinal="14" sl="114" sc="1" el="114" ec="2" bec="0" bev="0" fileid="2" />
                <SequencePoint vc="26" uspid="115" ordinal="15" sl="115" sc="1" el="115" ec="2" bec="0" bev="0" fileid="2" />
                <SequencePoint vc="1" uspid="116" ordinal="16" sl="116" sc="1" el="116" ec="2" bec="0" bev="0" fileid="2" />
                <SequencePoint vc="1" uspid="117" ordinal="17" sl="117" sc="1" el="117" ec="2" bec="0" bev="0" fileid="2" />
                <SequencePoint vc="1" uspid="118" ordinal="18" sl="118" sc="1" el="118" ec="2" bec="0" bev="0" fileid="2" />
                <SequencePoint vc="25" uspid="119" ordinal="19" sl="119" sc="1" el="119" ec="2" bec="0" bev="0" fileid="2" />
                <SequencePoint vc="1" uspid="120" ordinal="20" sl="120" sc="1" el="120" ec="2" bec="0" bev="0" fileid="2" />
                <SequencePoint vc="1" uspid="121" ordinal="21" sl="121" sc="1" el="121" ec="2" bec="0" bev="0" fileid="2" />
                <SequencePoint vc="1" uspid="122" ordinal="22" sl="122" sc="1" el="122" ec="2" bec="0" bev="0" fileid="2" />
                <SequencePoint vc="24" uspid="123" ordinal="23" sl="123" sc="1" el="123" ec="2" bec="0" bev="0" fileid="2" />
                <SequencePoint vc="2" uspid="124" ordinal="24" sl="124" sc="1" el="124" ec="2" bec="0" bev="0" fileid="2" />
                <SequencePoint vc="2" uspid="125" ordinal="25" sl="125" sc="1" el="125" ec="2" bec="0" bev="0" fileid="2" />
                <SequencePoint vc="2" uspid="126" ordinal="26" sl="126" sc="1" el="126" ec="2" bec="0" bev="0" fileid="2" />
                <SequencePoint vc="2" uspid="127" ordinal="27" sl="127" sc="1" el="127" ec="2" bec="0" bev="0" fileid="2" />
                <SequencePoint vc="22" uspid="129" ordinal="28" sl="129" sc="1" el="129" ec="2" bec="0" bev="0" fileid="2" />
                <SequencePoint vc="22" uspid="130" ordinal="29" sl="130" sc="1" el="130" ec="2" bec="0" bev="0" fileid="2" />
                <SequencePoint vc="22" uspid="131" ordinal="30" sl="131" sc="1" el="131" ec="2" bec="0" bev="0" fileid="2" />
                <SequencePoint vc="30" uspid="132" ordinal="31" sl="132" sc="1" el="132" ec="2" bec="0" bev="0" fileid="2" />
                <SequencePoint vc="2" uspid="135" ordinal="32" sl="135" sc="1" el="135" ec="2" bec="0" bev="0" fileid="2" />
                <SequencePoint vc="2" uspid="136" ordinal="33" sl="136" sc="1" el="136" ec="2" bec="0" bev="0" fileid="2" />
              </SequencePoints>
              <BranchPoints>
                <BranchPoint vc="1" uspid="97" ordinal="0" path="0" offset="17" offsetend="19" sl="97" fileid="2" />
                <BranchPoint vc="2" uspid="97" ordinal="1" path="1" offset="17" offsetend="31" sl="97" fileid="2" />
                <BranchPoint vc="30" uspid="104" ordinal="23" path="1" offset="411" offsetend="57" sl="104" fileid="2" />
                <BranchPoint vc="2" uspid="107" ordinal="2" path="0" offset="75" offsetend="77" sl="107" fileid="2" />
                <BranchPoint vc="28" uspid="107" ordinal="3" path="1" offset="75" offsetend="93" sl="107" fileid="2" />
                <BranchPoint vc="2" uspid="107" ordinal="4" path="0" offset="98" offsetend="100" sl="107" fileid="2" />
                <BranchPoint vc="28" uspid="107" ordinal="5" path="1" offset="98" offsetend="130" sl="107" fileid="2" />
                <BranchPoint vc="2" uspid="111" ordinal="6" path="0" offset="142" offsetend="144" sl="111" fileid="2" />
                <BranchPoint vc="26" uspid="111" ordinal="7" path="1" offset="142" offsetend="160" sl="111" fileid="2" />
                <BranchPoint vc="2" uspid="111" ordinal="8" path="0" offset="165" offsetend="167" sl="111" fileid="2" />
                <BranchPoint vc="26" uspid="111" ordinal="9" path="1" offset="165" offsetend="197" sl="111" fileid="2" />
                <BranchPoint vc="2" uspid="115" ordinal="10" path="0" offset="209" offsetend="211" sl="115" fileid="2" />
                <BranchPoint vc="24" uspid="115" ordinal="11" path="1" offset="209" offsetend="227" sl="115" fileid="2" />
                <BranchPoint vc="1" uspid="115" ordinal="12" path="0" offset="232" offsetend="234" sl="115" fileid="2" />
                <BranchPoint vc="25" uspid="115" ordinal="13" path="1" offset="232" offsetend="264" sl="115" fileid="2" />
                <BranchPoint vc="2" uspid="119" ordinal="14" path="0" offset="276" offsetend="278" sl="119" fileid="2" />
                <BranchPoint vc="23" uspid="119" ordinal="15" path="1" offset="276" offsetend="294" sl="119" fileid="2" />
                <BranchPoint vc="1" uspid="119" ordinal="16" path="0" offset="299" offsetend="301" sl="119" fileid="2" />
                <BranchPoint vc="24" uspid="119" ordinal="17" path="1" offset="299" offsetend="328" sl="119" fileid="2" />
                <BranchPoint vc="2" uspid="123" ordinal="18" path="0" offset="344" offsetend="346" sl="123" fileid="2" />
                <BranchPoint vc="2" uspid="125" ordinal="20" path="0" offset="353" offsetend="355" sl="125" fileid="2" />
                <BranchPoint vc="0" uspid="125" ordinal="21" path="1" offset="353" offsetend="362" sl="125" fileid="2" />
                <BranchPoint vc="22" uspid="123" ordinal="19" path="1" offset="344" offsetend="391" sl="123" fileid="2" />
                <BranchPoint vc="2" uspid="104" ordinal="22" path="0" offset="411" offsetend="416" sl="104" fileid="2" />
              </BranchPoints>
              <MethodPoint vc="34" uspid="0" p8:type="SequencePoint" ordinal="1" offset="1" sc="0" sl="96" ec="1" el="136" bec="0" bev="0" fileid="2" xmlns:p8="xsi" />
            </Method>
            <Method cyclomaticComplexity="4" nPathComplexity="0" sequenceCoverage="100" branchCoverage="100" isConstructor="True" isGetter="False" isSetter="False" isStatic="True">
              <Summary numSequencePoints="10" visitedSequencePoints="10" numBranchPoints="4" visitedBranchPoints="4" sequenceCoverage="100" branchCoverage="100" maxCyclomaticComplexity="4" minCyclomaticComplexity="4" visitedClasses="0" numClasses="0" visitedMethods="1" numMethods="1" />
              <MetadataToken />
              <Name>System.Void src.ConfigurationFileHandler::.ctor(System.String)</Name>
              <FileRef uid="2" />
              <SequencePoints>
                <SequencePoint vc="13" uspid="30" ordinal="0" sl="30" sc="1" el="30" ec="2" bec="0" bev="0" fileid="2" />
                <SequencePoint vc="13" uspid="31" ordinal="1" sl="31" sc="1" el="31" ec="2" bec="0" bev="0" fileid="2" />
                <SequencePoint vc="13" uspid="32" ordinal="2" sl="32" sc="1" el="32" ec="2" bec="0" bev="0" fileid="2" />
                <SequencePoint vc="3" uspid="33" ordinal="3" sl="33" sc="1" el="33" ec="2" bec="0" bev="0" fileid="2" />
                <SequencePoint vc="3" uspid="34" ordinal="4" sl="34" sc="1" el="34" ec="2" bec="0" bev="0" fileid="2" />
                <SequencePoint vc="10" uspid="37" ordinal="5" sl="37" sc="1" el="37" ec="2" bec="0" bev="0" fileid="2" />
                <SequencePoint vc="3" uspid="38" ordinal="6" sl="38" sc="1" el="38" ec="2" bec="0" bev="0" fileid="2" />
                <SequencePoint vc="3" uspid="39" ordinal="7" sl="39" sc="1" el="39" ec="2" bec="0" bev="0" fileid="2" />
                <SequencePoint vc="7" uspid="42" ordinal="8" sl="42" sc="1" el="42" ec="2" bec="0" bev="0" fileid="2" />
                <SequencePoint vc="7" uspid="43" ordinal="9" sl="43" sc="1" el="43" ec="2" bec="0" bev="0" fileid="2" />
              </SequencePoints>
              <BranchPoints>
                <BranchPoint vc="3" uspid="32" ordinal="0" path="0" offset="16" offsetend="18" sl="32" fileid="2" />
                <BranchPoint vc="10" uspid="32" ordinal="1" path="1" offset="16" offsetend="30" sl="32" fileid="2" />
                <BranchPoint vc="3" uspid="37" ordinal="2" path="0" offset="41" offsetend="43" sl="37" fileid="2" />
                <BranchPoint vc="7" uspid="37" ordinal="3" path="1" offset="41" offsetend="55" sl="37" fileid="2" />
              </BranchPoints>
              <MethodPoint vc="10" uspid="0" p8:type="SequencePoint" ordinal="2" offset="2" sc="0" sl="30" ec="1" el="43" bec="0" bev="0" fileid="2" xmlns:p8="xsi" />
            </Method>
          </Methods>
        </Class>
        <Class>
          <Summary numSequencePoints="3" visitedSequencePoints="3" numBranchPoints="0" visitedBranchPoints="0" sequenceCoverage="100" branchCoverage="100" maxCyclomaticComplexity="1" minCyclomaticComplexity="1" visitedClasses="1" numClasses="1" visitedMethods="1" numMethods="1" />
          <FullName>src.ConsoleMessageService</FullName>
          <Methods>
            <Method cyclomaticComplexity="1" nPathComplexity="0" sequenceCoverage="100" branchCoverage="100" isConstructor="False" isGetter="False" isSetter="False" isStatic="True">
              <Summary numSequencePoints="3" visitedSequencePoints="3" numBranchPoints="0" visitedBranchPoints="0" sequenceCoverage="100" branchCoverage="100" maxCyclomaticComplexity="1" minCyclomaticComplexity="1" visitedClasses="0" numClasses="0" visitedMethods="1" numMethods="1" />
              <MetadataToken />
              <Name>System.Void src.ConsoleMessageService::SendErrorMessage(System.String,System.String,src.Models.NodeState)</Name>
              <FileRef uid="3" />
              <SequencePoints>
                <SequencePoint vc="1" uspid="18" ordinal="0" sl="18" sc="1" el="18" ec="2" bec="0" bev="0" fileid="3" />
                <SequencePoint vc="1" uspid="19" ordinal="1" sl="19" sc="1" el="19" ec="2" bec="0" bev="0" fileid="3" />
                <SequencePoint vc="1" uspid="20" ordinal="2" sl="20" sc="1" el="20" ec="2" bec="0" bev="0" fileid="3" />
              </SequencePoints>
              <BranchPoints />
              <MethodPoint vc="3" uspid="0" p8:type="SequencePoint" ordinal="0" offset="0" sc="0" sl="18" ec="1" el="20" bec="0" bev="0" fileid="3" xmlns:p8="xsi" />
            </Method>
          </Methods>
        </Class>
        <Class>
          <Summary numSequencePoints="42" visitedSequencePoints="0" numBranchPoints="6" visitedBranchPoints="0" sequenceCoverage="0" branchCoverage="0" maxCyclomaticComplexity="6" minCyclomaticComplexity="1" visitedClasses="0" numClasses="1" visitedMethods="0" numMethods="4" />
          <FullName>src.LinuxComposeControl</FullName>
          <Methods>
            <Method cyclomaticComplexity="6" nPathComplexity="0" sequenceCoverage="0" branchCoverage="0" isConstructor="False" isGetter="False" isSetter="False" isStatic="True">
              <Summary numSequencePoints="23" visitedSequencePoints="0" numBranchPoints="6" visitedBranchPoints="0" sequenceCoverage="0" branchCoverage="0" maxCyclomaticComplexity="6" minCyclomaticComplexity="6" visitedClasses="0" numClasses="0" visitedMethods="0" numMethods="1" />
              <MetadataToken />
              <Name>System.Void src.LinuxComposeControl::ApplyChangesToStack(System.String,System.Boolean)</Name>
              <FileRef uid="4" />
              <SequencePoints>
                <SequencePoint vc="0" uspid="24" ordinal="0" sl="24" sc="1" el="24" ec="2" bec="0" bev="0" fileid="4" />
                <SequencePoint vc="0" uspid="27" ordinal="1" sl="27" sc="1" el="27" ec="2" bec="0" bev="0" fileid="4" />
                <SequencePoint vc="0" uspid="28" ordinal="2" sl="28" sc="1" el="28" ec="2" bec="0" bev="0" fileid="4" />
                <SequencePoint vc="0" uspid="29" ordinal="3" sl="29" sc="1" el="29" ec="2" bec="0" bev="0" fileid="4" />
                <SequencePoint vc="0" uspid="33" ordinal="4" sl="33" sc="1" el="33" ec="2" bec="0" bev="0" fileid="4" />
                <SequencePoint vc="0" uspid="35" ordinal="5" sl="35" sc="1" el="35" ec="2" bec="0" bev="0" fileid="4" />
                <SequencePoint vc="0" uspid="38" ordinal="6" sl="38" sc="1" el="38" ec="2" bec="0" bev="0" fileid="4" />
                <SequencePoint vc="0" uspid="39" ordinal="7" sl="39" sc="1" el="39" ec="2" bec="0" bev="0" fileid="4" />
                <SequencePoint vc="0" uspid="40" ordinal="8" sl="40" sc="1" el="40" ec="2" bec="0" bev="0" fileid="4" />
                <SequencePoint vc="0" uspid="41" ordinal="9" sl="41" sc="1" el="41" ec="2" bec="0" bev="0" fileid="4" />
                <SequencePoint vc="0" uspid="42" ordinal="10" sl="42" sc="1" el="42" ec="2" bec="0" bev="0" fileid="4" />
                <SequencePoint vc="0" uspid="43" ordinal="11" sl="43" sc="1" el="43" ec="2" bec="0" bev="0" fileid="4" />
                <SequencePoint vc="0" uspid="44" ordinal="12" sl="44" sc="1" el="44" ec="2" bec="0" bev="0" fileid="4" />
                <SequencePoint vc="0" uspid="45" ordinal="13" sl="45" sc="1" el="45" ec="2" bec="0" bev="0" fileid="4" />
                <SequencePoint vc="0" uspid="46" ordinal="14" sl="46" sc="1" el="46" ec="2" bec="0" bev="0" fileid="4" />
                <SequencePoint vc="0" uspid="48" ordinal="15" sl="48" sc="1" el="48" ec="2" bec="0" bev="0" fileid="4" />
                <SequencePoint vc="0" uspid="49" ordinal="16" sl="49" sc="1" el="49" ec="2" bec="0" bev="0" fileid="4" />
                <SequencePoint vc="0" uspid="50" ordinal="17" sl="50" sc="1" el="50" ec="2" bec="0" bev="0" fileid="4" />
                <SequencePoint vc="0" uspid="51" ordinal="18" sl="51" sc="1" el="51" ec="2" bec="0" bev="0" fileid="4" />
                <SequencePoint vc="0" uspid="52" ordinal="19" sl="52" sc="1" el="52" ec="2" bec="0" bev="0" fileid="4" />
                <SequencePoint vc="0" uspid="53" ordinal="20" sl="53" sc="1" el="53" ec="2" bec="0" bev="0" fileid="4" />
                <SequencePoint vc="0" uspid="55" ordinal="21" sl="55" sc="1" el="55" ec="2" bec="0" bev="0" fileid="4" />
                <SequencePoint vc="0" uspid="56" ordinal="22" sl="56" sc="1" el="56" ec="2" bec="0" bev="0" fileid="4" />
              </SequencePoints>
              <BranchPoints>
                <BranchPoint vc="0" uspid="27" ordinal="0" path="0" offset="12" offsetend="14" sl="27" fileid="4" />
                <BranchPoint vc="0" uspid="27" ordinal="1" path="1" offset="12" offsetend="26" sl="27" fileid="4" />
                <BranchPoint vc="0" uspid="33" ordinal="2" path="0" offset="27" offsetend="29" sl="33" fileid="4" />
                <BranchPoint vc="0" uspid="33" ordinal="3" path="1" offset="27" offsetend="36" sl="33" fileid="4" />
                <BranchPoint vc="0" uspid="48" ordinal="5" path="1" offset="200" offsetend="151" sl="48" fileid="4" />
                <BranchPoint vc="0" uspid="48" ordinal="4" path="0" offset="200" offsetend="202" sl="48" fileid="4" />
              </BranchPoints>
              <MethodPoint vc="0" uspid="0" p8:type="SequencePoint" ordinal="0" offset="0" sc="0" sl="24" ec="1" el="56" bec="0" bev="0" fileid="4" xmlns:p8="xsi" />
            </Method>
            <Method cyclomaticComplexity="1" nPathComplexity="0" sequenceCoverage="0" branchCoverage="100" isConstructor="False" isGetter="False" isSetter="False" isStatic="True">
              <Summary numSequencePoints="6" visitedSequencePoints="0" numBranchPoints="0" visitedBranchPoints="0" sequenceCoverage="0" branchCoverage="100" maxCyclomaticComplexity="1" minCyclomaticComplexity="1" visitedClasses="0" numClasses="0" visitedMethods="0" numMethods="1" />
              <MetadataToken />
              <Name>System.Void src.LinuxComposeControl::PullImage(Docker.DotNet.Models.ImagesCreateParameters,Docker.DotNet.Models.AuthConfig,System.Progress`1&lt;Docker.DotNet.Models.JSONMessage&gt;)</Name>
              <FileRef uid="4" />
              <SequencePoints>
                <SequencePoint vc="0" uspid="59" ordinal="0" sl="59" sc="1" el="59" ec="2" bec="0" bev="0" fileid="4" />
                <SequencePoint vc="0" uspid="61" ordinal="1" sl="61" sc="1" el="61" ec="2" bec="0" bev="0" fileid="4" />
                <SequencePoint vc="0" uspid="62" ordinal="2" sl="62" sc="1" el="62" ec="2" bec="0" bev="0" fileid="4" />
                <SequencePoint vc="0" uspid="63" ordinal="3" sl="63" sc="1" el="63" ec="2" bec="0" bev="0" fileid="4" />
                <SequencePoint vc="0" uspid="64" ordinal="4" sl="64" sc="1" el="64" ec="2" bec="0" bev="0" fileid="4" />
                <SequencePoint vc="0" uspid="65" ordinal="5" sl="65" sc="1" el="65" ec="2" bec="0" bev="0" fileid="4" />
              </SequencePoints>
              <BranchPoints />
              <MethodPoint vc="0" uspid="0" p8:type="SequencePoint" ordinal="1" offset="1" sc="0" sl="59" ec="1" el="65" bec="0" bev="0" fileid="4" xmlns:p8="xsi" />
            </Method>
            <Method cyclomaticComplexity="1" nPathComplexity="0" sequenceCoverage="0" branchCoverage="100" isConstructor="False" isGetter="False" isSetter="False" isStatic="True">
              <Summary numSequencePoints="6" visitedSequencePoints="0" numBranchPoints="0" visitedBranchPoints="0" sequenceCoverage="0" branchCoverage="100" maxCyclomaticComplexity="1" minCyclomaticComplexity="1" visitedClasses="0" numClasses="0" visitedMethods="0" numMethods="1" />
              <MetadataToken />
              <Name>Docker.DotNet.Models.ImageInspectResponse src.LinuxComposeControl::InspectImage(System.String)</Name>
              <FileRef uid="4" />
              <SequencePoints>
                <SequencePoint vc="0" uspid="68" ordinal="0" sl="68" sc="1" el="68" ec="2" bec="0" bev="0" fileid="4" />
                <SequencePoint vc="0" uspid="70" ordinal="1" sl="70" sc="1" el="70" ec="2" bec="0" bev="0" fileid="4" />
                <SequencePoint vc="0" uspid="71" ordinal="2" sl="71" sc="1" el="71" ec="2" bec="0" bev="0" fileid="4" />
                <SequencePoint vc="0" uspid="72" ordinal="3" sl="72" sc="1" el="72" ec="2" bec="0" bev="0" fileid="4" />
                <SequencePoint vc="0" uspid="73" ordinal="4" sl="73" sc="1" el="73" ec="2" bec="0" bev="0" fileid="4" />
                <SequencePoint vc="0" uspid="76" ordinal="5" sl="76" sc="1" el="76" ec="2" bec="0" bev="0" fileid="4" />
              </SequencePoints>
              <BranchPoints />
              <MethodPoint vc="0" uspid="0" p8:type="SequencePoint" ordinal="2" offset="2" sc="0" sl="68" ec="1" el="76" bec="0" bev="0" fileid="4" xmlns:p8="xsi" />
            </Method>
            <Method cyclomaticComplexity="1" nPathComplexity="0" sequenceCoverage="0" branchCoverage="100" isConstructor="False" isGetter="False" isSetter="False" isStatic="True">
              <Summary numSequencePoints="7" visitedSequencePoints="0" numBranchPoints="0" visitedBranchPoints="0" sequenceCoverage="0" branchCoverage="100" maxCyclomaticComplexity="1" minCyclomaticComplexity="1" visitedClasses="0" numClasses="0" visitedMethods="0" numMethods="1" />
              <MetadataToken />
              <Name>System.Void src.LinuxComposeControl::DeleteImage(System.String)</Name>
              <FileRef uid="4" />
              <SequencePoints>
                <SequencePoint vc="0" uspid="79" ordinal="0" sl="79" sc="1" el="79" ec="2" bec="0" bev="0" fileid="4" />
                <SequencePoint vc="0" uspid="80" ordinal="1" sl="80" sc="1" el="80" ec="2" bec="0" bev="0" fileid="4" />
                <SequencePoint vc="0" uspid="81" ordinal="2" sl="81" sc="1" el="81" ec="2" bec="0" bev="0" fileid="4" />
                <SequencePoint vc="0" uspid="82" ordinal="3" sl="82" sc="1" el="82" ec="2" bec="0" bev="0" fileid="4" />
                <SequencePoint vc="0" uspid="83" ordinal="4" sl="83" sc="1" el="83" ec="2" bec="0" bev="0" fileid="4" />
                <SequencePoint vc="0" uspid="84" ordinal="5" sl="84" sc="1" el="84" ec="2" bec="0" bev="0" fileid="4" />
                <SequencePoint vc="0" uspid="85" ordinal="6" sl="85" sc="1" el="85" ec="2" bec="0" bev="0" fileid="4" />
              </SequencePoints>
              <BranchPoints />
              <MethodPoint vc="0" uspid="0" p8:type="SequencePoint" ordinal="3" offset="3" sc="0" sl="79" ec="1" el="85" bec="0" bev="0" fileid="4" xmlns:p8="xsi" />
            </Method>
          </Methods>
        </Class>
        <Class>
          <Summary numSequencePoints="12" visitedSequencePoints="0" numBranchPoints="2" visitedBranchPoints="0" sequenceCoverage="0" branchCoverage="0" maxCyclomaticComplexity="2" minCyclomaticComplexity="2" visitedClasses="0" numClasses="1" visitedMethods="0" numMethods="1" />
          <FullName>src.Program</FullName>
          <Methods>
            <Method cyclomaticComplexity="2" nPathComplexity="0" sequenceCoverage="0" branchCoverage="0" isConstructor="False" isGetter="False" isSetter="False" isStatic="True">
              <Summary numSequencePoints="12" visitedSequencePoints="0" numBranchPoints="2" visitedBranchPoints="0" sequenceCoverage="0" branchCoverage="0" maxCyclomaticComplexity="2" minCyclomaticComplexity="2" visitedClasses="0" numClasses="0" visitedMethods="0" numMethods="1" />
              <MetadataToken />
              <Name>System.Void src.Program::Main(System.String[])</Name>
              <FileRef uid="5" />
              <SequencePoints>
                <SequencePoint vc="0" uspid="17" ordinal="0" sl="17" sc="1" el="17" ec="2" bec="0" bev="0" fileid="5" />
                <SequencePoint vc="0" uspid="18" ordinal="1" sl="18" sc="1" el="18" ec="2" bec="0" bev="0" fileid="5" />
                <SequencePoint vc="0" uspid="21" ordinal="2" sl="21" sc="1" el="21" ec="2" bec="0" bev="0" fileid="5" />
                <SequencePoint vc="0" uspid="22" ordinal="3" sl="22" sc="1" el="22" ec="2" bec="0" bev="0" fileid="5" />
                <SequencePoint vc="0" uspid="25" ordinal="4" sl="25" sc="1" el="25" ec="2" bec="0" bev="0" fileid="5" />
                <SequencePoint vc="0" uspid="26" ordinal="5" sl="26" sc="1" el="26" ec="2" bec="0" bev="0" fileid="5" />
                <SequencePoint vc="0" uspid="27" ordinal="6" sl="27" sc="1" el="27" ec="2" bec="0" bev="0" fileid="5" />
                <SequencePoint vc="0" uspid="28" ordinal="7" sl="28" sc="1" el="28" ec="2" bec="0" bev="0" fileid="5" />
                <SequencePoint vc="0" uspid="31" ordinal="8" sl="31" sc="1" el="31" ec="2" bec="0" bev="0" fileid="5" />
                <SequencePoint vc="0" uspid="34" ordinal="9" sl="34" sc="1" el="34" ec="2" bec="0" bev="0" fileid="5" />
                <SequencePoint vc="0" uspid="37" ordinal="10" sl="37" sc="1" el="37" ec="2" bec="0" bev="0" fileid="5" />
                <SequencePoint vc="0" uspid="39" ordinal="11" sl="39" sc="1" el="39" ec="2" bec="0" bev="0" fileid="5" />
              </SequencePoints>
              <BranchPoints>
                <BranchPoint vc="0" uspid="34" ordinal="0" path="0" offset="121" offsetend="123" sl="34" fileid="5" />
                <BranchPoint vc="0" uspid="34" ordinal="1" path="1" offset="121" offsetend="146" sl="34" fileid="5" />
              </BranchPoints>
              <MethodPoint vc="0" uspid="0" p8:type="SequencePoint" ordinal="0" offset="0" sc="0" sl="17" ec="1" el="39" bec="0" bev="0" fileid="5" xmlns:p8="xsi" />
            </Method>
          </Methods>
        </Class>
        <Class>
          <Summary numSequencePoints="42" visitedSequencePoints="42" numBranchPoints="16" visitedBranchPoints="16" sequenceCoverage="100" branchCoverage="100" maxCyclomaticComplexity="14" minCyclomaticComplexity="2" visitedClasses="1" numClasses="1" visitedMethods="2" numMethods="2" />
          <FullName>src.StateCompare</FullName>
          <Methods>
            <Method cyclomaticComplexity="14" nPathComplexity="0" sequenceCoverage="100" branchCoverage="100" isConstructor="False" isGetter="False" isSetter="False" isStatic="True">
              <Summary numSequencePoints="38" visitedSequencePoints="38" numBranchPoints="14" visitedBranchPoints="14" sequenceCoverage="100" branchCoverage="100" maxCyclomaticComplexity="14" minCyclomaticComplexity="14" visitedClasses="0" numClasses="0" visitedMethods="1" numMethods="1" />
              <MetadataToken />
              <Name>System.Collections.Generic.List`1&lt;src.Models.StateChangeAction&gt; src.StateCompare::ComputeActionsFromState(src.Models.NodeState)</Name>
              <FileRef uid="6" />
              <SequencePoints>
                <SequencePoint vc="11" uspid="35" ordinal="0" sl="35" sc="1" el="35" ec="2" bec="0" bev="0" fileid="6" />
                <SequencePoint vc="11" uspid="36" ordinal="1" sl="36" sc="1" el="36" ec="2" bec="0" bev="0" fileid="6" />
                <SequencePoint vc="1" uspid="37" ordinal="2" sl="37" sc="1" el="37" ec="2" bec="0" bev="0" fileid="6" />
                <SequencePoint vc="1" uspid="38" ordinal="3" sl="38" sc="1" el="38" ec="2" bec="0" bev="0" fileid="6" />
                <SequencePoint vc="10" uspid="41" ordinal="4" sl="41" sc="1" el="41" ec="2" bec="0" bev="0" fileid="6" />
                <SequencePoint vc="10" uspid="42" ordinal="5" sl="42" sc="1" el="42" ec="2" bec="0" bev="0" fileid="6" />
                <SequencePoint vc="1" uspid="43" ordinal="6" sl="43" sc="1" el="43" ec="2" bec="0" bev="0" fileid="6" />
                <SequencePoint vc="1" uspid="44" ordinal="7" sl="44" sc="1" el="44" ec="2" bec="0" bev="0" fileid="6" />
                <SequencePoint vc="9" uspid="48" ordinal="8" sl="48" sc="1" el="48" ec="2" bec="0" bev="0" fileid="6" />
                <SequencePoint vc="9" uspid="51" ordinal="9" sl="51" sc="1" el="51" ec="2" bec="0" bev="0" fileid="6" />
                <SequencePoint vc="4" uspid="52" ordinal="10" sl="52" sc="1" el="52" ec="2" bec="0" bev="0" fileid="6" />
                <SequencePoint vc="4" uspid="53" ordinal="11" sl="53" sc="1" el="53" ec="2" bec="0" bev="0" fileid="6" />
                <SequencePoint vc="4" uspid="54" ordinal="12" sl="54" sc="1" el="54" ec="2" bec="0" bev="0" fileid="6" />
                <SequencePoint vc="4" uspid="55" ordinal="13" sl="55" sc="1" el="55" ec="2" bec="0" bev="0" fileid="6" />
                <SequencePoint vc="4" uspid="56" ordinal="14" sl="56" sc="1" el="56" ec="2" bec="0" bev="0" fileid="6" />
                <SequencePoint vc="4" uspid="57" ordinal="15" sl="57" sc="1" el="57" ec="2" bec="0" bev="0" fileid="6" />
                <SequencePoint vc="4" uspid="58" ordinal="16" sl="58" sc="1" el="58" ec="2" bec="0" bev="0" fileid="6" />
                <SequencePoint vc="4" uspid="59" ordinal="17" sl="59" sc="1" el="59" ec="2" bec="0" bev="0" fileid="6" />
                <SequencePoint vc="9" uspid="62" ordinal="18" sl="62" sc="1" el="62" ec="2" bec="0" bev="0" fileid="6" />
                <SequencePoint vc="3" uspid="63" ordinal="19" sl="63" sc="1" el="63" ec="2" bec="0" bev="0" fileid="6" />
                <SequencePoint vc="3" uspid="64" ordinal="20" sl="64" sc="1" el="64" ec="2" bec="0" bev="0" fileid="6" />
                <SequencePoint vc="3" uspid="65" ordinal="21" sl="65" sc="1" el="65" ec="2" bec="0" bev="0" fileid="6" />
                <SequencePoint vc="3" uspid="66" ordinal="22" sl="66" sc="1" el="66" ec="2" bec="0" bev="0" fileid="6" />
                <SequencePoint vc="3" uspid="67" ordinal="23" sl="67" sc="1" el="67" ec="2" bec="0" bev="0" fileid="6" />
                <SequencePoint vc="3" uspid="68" ordinal="24" sl="68" sc="1" el="68" ec="2" bec="0" bev="0" fileid="6" />
                <SequencePoint vc="3" uspid="69" ordinal="25" sl="69" sc="1" el="69" ec="2" bec="0" bev="0" fileid="6" />
                <SequencePoint vc="3" uspid="70" ordinal="26" sl="70" sc="1" el="70" ec="2" bec="0" bev="0" fileid="6" />
                <SequencePoint vc="9" uspid="73" ordinal="27" sl="73" sc="1" el="73" ec="2" bec="0" bev="0" fileid="6" />
                <SequencePoint vc="2" uspid="74" ordinal="28" sl="74" sc="1" el="74" ec="2" bec="0" bev="0" fileid="6" />
                <SequencePoint vc="2" uspid="75" ordinal="29" sl="75" sc="1" el="75" ec="2" bec="0" bev="0" fileid="6" />
                <SequencePoint vc="2" uspid="76" ordinal="30" sl="76" sc="1" el="76" ec="2" bec="0" bev="0" fileid="6" />
                <SequencePoint vc="2" uspid="77" ordinal="31" sl="77" sc="1" el="77" ec="2" bec="0" bev="0" fileid="6" />
                <SequencePoint vc="2" uspid="78" ordinal="32" sl="78" sc="1" el="78" ec="2" bec="0" bev="0" fileid="6" />
                <SequencePoint vc="2" uspid="79" ordinal="33" sl="79" sc="1" el="79" ec="2" bec="0" bev="0" fileid="6" />
                <SequencePoint vc="2" uspid="80" ordinal="34" sl="80" sc="1" el="80" ec="2" bec="0" bev="0" fileid="6" />
                <SequencePoint vc="2" uspid="81" ordinal="35" sl="81" sc="1" el="81" ec="2" bec="0" bev="0" fileid="6" />
                <SequencePoint vc="9" uspid="83" ordinal="36" sl="83" sc="1" el="83" ec="2" bec="0" bev="0" fileid="6" />
                <SequencePoint vc="9" uspid="84" ordinal="37" sl="84" sc="1" el="84" ec="2" bec="0" bev="0" fileid="6" />
              </SequencePoints>
              <BranchPoints>
                <BranchPoint vc="1" uspid="36" ordinal="0" path="0" offset="7" offsetend="9" sl="36" fileid="6" />
                <BranchPoint vc="10" uspid="36" ordinal="1" path="1" offset="7" offsetend="26" sl="36" fileid="6" />
                <BranchPoint vc="1" uspid="42" ordinal="2" path="0" offset="44" offsetend="46" sl="42" fileid="6" />
                <BranchPoint vc="9" uspid="42" ordinal="3" path="1" offset="44" offsetend="58" sl="42" fileid="6" />
                <BranchPoint vc="4" uspid="51" ordinal="4" path="0" offset="81" offsetend="83" sl="51" fileid="6" />
                <BranchPoint vc="5" uspid="51" ordinal="5" path="1" offset="81" offsetend="102" sl="51" fileid="6" />
                <BranchPoint vc="4" uspid="51" ordinal="6" path="0" offset="107" offsetend="109" sl="51" fileid="6" />
                <BranchPoint vc="9" uspid="51" ordinal="7" path="1" offset="107" offsetend="157" sl="51" fileid="6" />
                <BranchPoint vc="3" uspid="62" ordinal="8" path="0" offset="174" offsetend="176" sl="62" fileid="6" />
                <BranchPoint vc="6" uspid="62" ordinal="9" path="1" offset="174" offsetend="195" sl="62" fileid="6" />
                <BranchPoint vc="3" uspid="62" ordinal="10" path="0" offset="200" offsetend="202" sl="62" fileid="6" />
                <BranchPoint vc="9" uspid="62" ordinal="11" path="1" offset="200" offsetend="250" sl="62" fileid="6" />
                <BranchPoint vc="2" uspid="73" ordinal="12" path="0" offset="271" offsetend="273" sl="73" fileid="6" />
                <BranchPoint vc="9" uspid="73" ordinal="13" path="1" offset="271" offsetend="329" sl="73" fileid="6" />
              </BranchPoints>
              <MethodPoint vc="38" uspid="0" p8:type="SequencePoint" ordinal="0" offset="0" sc="0" sl="35" ec="1" el="84" bec="0" bev="0" fileid="6" xmlns:p8="xsi" />
            </Method>
            <Method cyclomaticComplexity="2" nPathComplexity="0" sequenceCoverage="100" branchCoverage="100" isConstructor="True" isGetter="False" isSetter="False" isStatic="True">
              <Summary numSequencePoints="4" visitedSequencePoints="4" numBranchPoints="2" visitedBranchPoints="2" sequenceCoverage="100" branchCoverage="100" maxCyclomaticComplexity="2" minCyclomaticComplexity="2" visitedClasses="0" numClasses="0" visitedMethods="1" numMethods="1" />
              <MetadataToken />
              <Name>System.Void src.StateCompare::.ctor(src.Interfaces.IConfigurationProvider)</Name>
              <FileRef uid="6" />
              <SequencePoints>
                <SequencePoint vc="29" uspid="22" ordinal="0" sl="22" sc="1" el="22" ec="2" bec="0" bev="0" fileid="6" />
                <SequencePoint vc="29" uspid="23" ordinal="1" sl="23" sc="1" el="23" ec="2" bec="0" bev="0" fileid="6" />
                <SequencePoint vc="29" uspid="24" ordinal="2" sl="24" sc="1" el="24" ec="2" bec="0" bev="0" fileid="6" />
                <SequencePoint vc="28" uspid="25" ordinal="3" sl="25" sc="1" el="25" ec="2" bec="0" bev="0" fileid="6" />
              </SequencePoints>
              <BranchPoints>
                <BranchPoint vc="1" uspid="24" ordinal="0" path="0" offset="11" offsetend="13" sl="24" fileid="6" />
                <BranchPoint vc="28" uspid="24" ordinal="1" path="1" offset="11" offsetend="30" sl="24" fileid="6" />
              </BranchPoints>
              <MethodPoint vc="4" uspid="0" p8:type="SequencePoint" ordinal="1" offset="1" sc="0" sl="22" ec="1" el="25" bec="0" bev="0" fileid="6" xmlns:p8="xsi" />
            </Method>
          </Methods>
        </Class>
        <Class>
          <Summary numSequencePoints="6" visitedSequencePoints="3" numBranchPoints="0" visitedBranchPoints="0" sequenceCoverage="50" branchCoverage="100" maxCyclomaticComplexity="1" minCyclomaticComplexity="1" visitedClasses="1" numClasses="1" visitedMethods="1" numMethods="2" />
          <FullName>src.StateCompareException</FullName>
          <Methods>
            <Method cyclomaticComplexity="1" nPathComplexity="0" sequenceCoverage="100" branchCoverage="100" isConstructor="True" isGetter="False" isSetter="False" isStatic="True">
              <Summary numSequencePoints="3" visitedSequencePoints="3" numBranchPoints="0" visitedBranchPoints="0" sequenceCoverage="100" branchCoverage="100" maxCyclomaticComplexity="1" minCyclomaticComplexity="1" visitedClasses="0" numClasses="0" visitedMethods="1" numMethods="1" />
              <MetadataToken />
              <Name>System.Void src.StateCompareException::.ctor(System.String)</Name>
              <FileRef uid="7" />
              <SequencePoints>
                <SequencePoint vc="1" uspid="19" ordinal="0" sl="19" sc="1" el="19" ec="2" bec="0" bev="0" fileid="7" />
                <SequencePoint vc="1" uspid="20" ordinal="1" sl="20" sc="1" el="20" ec="2" bec="0" bev="0" fileid="7" />
                <SequencePoint vc="1" uspid="21" ordinal="2" sl="21" sc="1" el="21" ec="2" bec="0" bev="0" fileid="7" />
              </SequencePoints>
              <BranchPoints />
              <MethodPoint vc="3" uspid="0" p8:type="SequencePoint" ordinal="0" offset="0" sc="0" sl="19" ec="1" el="21" bec="0" bev="0" fileid="7" xmlns:p8="xsi" />
            </Method>
            <Method cyclomaticComplexity="1" nPathComplexity="0" sequenceCoverage="0" branchCoverage="100" isConstructor="True" isGetter="False" isSetter="False" isStatic="True">
              <Summary numSequencePoints="3" visitedSequencePoints="0" numBranchPoints="0" visitedBranchPoints="0" sequenceCoverage="0" branchCoverage="100" maxCyclomaticComplexity="1" minCyclomaticComplexity="1" visitedClasses="0" numClasses="0" visitedMethods="0" numMethods="1" />
              <MetadataToken />
              <Name>System.Void src.StateCompareException::.ctor(System.Runtime.Serialization.SerializationInfo,System.Runtime.Serialization.StreamingContext)</Name>
              <FileRef uid="7" />
              <SequencePoints>
                <SequencePoint vc="0" uspid="25" ordinal="0" sl="25" sc="1" el="25" ec="2" bec="0" bev="0" fileid="7" />
                <SequencePoint vc="0" uspid="26" ordinal="1" sl="26" sc="1" el="26" ec="2" bec="0" bev="0" fileid="7" />
                <SequencePoint vc="0" uspid="27" ordinal="2" sl="27" sc="1" el="27" ec="2" bec="0" bev="0" fileid="7" />
              </SequencePoints>
              <BranchPoints />
              <MethodPoint vc="0" uspid="0" p8:type="SequencePoint" ordinal="1" offset="1" sc="0" sl="25" ec="1" el="27" bec="0" bev="0" fileid="7" xmlns:p8="xsi" />
            </Method>
          </Methods>
        </Class>
        <Class>
          <Summary numSequencePoints="9" visitedSequencePoints="6" numBranchPoints="0" visitedBranchPoints="0" sequenceCoverage="66.7" branchCoverage="100" maxCyclomaticComplexity="1" minCyclomaticComplexity="1" visitedClasses="1" numClasses="1" visitedMethods="2" numMethods="3" />
          <FullName>src.UpdateVerificationException</FullName>
          <Methods>
            <Method cyclomaticComplexity="1" nPathComplexity="0" sequenceCoverage="100" branchCoverage="100" isConstructor="True" isGetter="False" isSetter="False" isStatic="True">
              <Summary numSequencePoints="3" visitedSequencePoints="3" numBranchPoints="0" visitedBranchPoints="0" sequenceCoverage="100" branchCoverage="100" maxCyclomaticComplexity="1" minCyclomaticComplexity="1" visitedClasses="0" numClasses="0" visitedMethods="1" numMethods="1" />
              <MetadataToken />
              <Name>System.Void src.UpdateVerificationException::.ctor(System.String)</Name>
              <FileRef uid="8" />
              <SequencePoints>
                <SequencePoint vc="11" uspid="12" ordinal="0" sl="12" sc="1" el="12" ec="2" bec="0" bev="0" fileid="8" />
                <SequencePoint vc="11" uspid="13" ordinal="1" sl="13" sc="1" el="13" ec="2" bec="0" bev="0" fileid="8" />
                <SequencePoint vc="11" uspid="14" ordinal="2" sl="14" sc="1" el="14" ec="2" bec="0" bev="0" fileid="8" />
              </SequencePoints>
              <BranchPoints />
              <MethodPoint vc="3" uspid="0" p8:type="SequencePoint" ordinal="0" offset="0" sc="0" sl="12" ec="1" el="14" bec="0" bev="0" fileid="8" xmlns:p8="xsi" />
            </Method>
            <Method cyclomaticComplexity="1" nPathComplexity="0" sequenceCoverage="100" branchCoverage="100" isConstructor="True" isGetter="False" isSetter="False" isStatic="True">
              <Summary numSequencePoints="3" visitedSequencePoints="3" numBranchPoints="0" visitedBranchPoints="0" sequenceCoverage="100" branchCoverage="100" maxCyclomaticComplexity="1" minCyclomaticComplexity="1" visitedClasses="0" numClasses="0" visitedMethods="1" numMethods="1" />
              <MetadataToken />
              <Name>System.Void src.UpdateVerificationException::.ctor(System.String,System.Exception)</Name>
              <FileRef uid="8" />
              <SequencePoints>
                <SequencePoint vc="2" uspid="16" ordinal="0" sl="16" sc="1" el="16" ec="2" bec="0" bev="0" fileid="8" />
                <SequencePoint vc="2" uspid="17" ordinal="1" sl="17" sc="1" el="17" ec="2" bec="0" bev="0" fileid="8" />
                <SequencePoint vc="2" uspid="18" ordinal="2" sl="18" sc="1" el="18" ec="2" bec="0" bev="0" fileid="8" />
              </SequencePoints>
              <BranchPoints />
              <MethodPoint vc="3" uspid="0" p8:type="SequencePoint" ordinal="1" offset="1" sc="0" sl="16" ec="1" el="18" bec="0" bev="0" fileid="8" xmlns:p8="xsi" />
            </Method>
            <Method cyclomaticComplexity="1" nPathComplexity="0" sequenceCoverage="0" branchCoverage="100" isConstructor="True" isGetter="False" isSetter="False" isStatic="True">
              <Summary numSequencePoints="3" visitedSequencePoints="0" numBranchPoints="0" visitedBranchPoints="0" sequenceCoverage="0" branchCoverage="100" maxCyclomaticComplexity="1" minCyclomaticComplexity="1" visitedClasses="0" numClasses="0" visitedMethods="0" numMethods="1" />
              <MetadataToken />
              <Name>System.Void src.UpdateVerificationException::.ctor(System.Runtime.Serialization.SerializationInfo,System.Runtime.Serialization.StreamingContext)</Name>
              <FileRef uid="8" />
              <SequencePoints>
                <SequencePoint vc="0" uspid="22" ordinal="0" sl="22" sc="1" el="22" ec="2" bec="0" bev="0" fileid="8" />
                <SequencePoint vc="0" uspid="23" ordinal="1" sl="23" sc="1" el="23" ec="2" bec="0" bev="0" fileid="8" />
                <SequencePoint vc="0" uspid="24" ordinal="2" sl="24" sc="1" el="24" ec="2" bec="0" bev="0" fileid="8" />
              </SequencePoints>
              <BranchPoints />
              <MethodPoint vc="0" uspid="0" p8:type="SequencePoint" ordinal="2" offset="2" sc="0" sl="22" ec="1" el="24" bec="0" bev="0" fileid="8" xmlns:p8="xsi" />
            </Method>
          </Methods>
        </Class>
        <Class>
          <Summary numSequencePoints="159" visitedSequencePoints="148" numBranchPoints="54" visitedBranchPoints="50" sequenceCoverage="93.1" branchCoverage="92.6" maxCyclomaticComplexity="16" minCyclomaticComplexity="1" visitedClasses="1" numClasses="1" visitedMethods="8" numMethods="10" />
          <FullName>src.UpdateWatch</FullName>
          <Methods>
            <Method cyclomaticComplexity="1" nPathComplexity="0" sequenceCoverage="0" branchCoverage="100" isConstructor="False" isGetter="False" isSetter="False" isStatic="True">
              <Summary numSequencePoints="1" visitedSequencePoints="0" numBranchPoints="0" visitedBranchPoints="0" sequenceCoverage="0" branchCoverage="100" maxCyclomaticComplexity="1" minCyclomaticComplexity="1" visitedClasses="0" numClasses="0" visitedMethods="0" numMethods="1" />
              <MetadataToken />
              <Name>System.Void src.UpdateWatch::add_OnLog(System.EventHandler`1&lt;src.Models.LogEventArgs&gt;)</Name>
              <FileRef uid="9" />
              <SequencePoints>
                <SequencePoint vc="0" uspid="28" ordinal="0" sl="28" sc="1" el="28" ec="2" bec="0" bev="0" fileid="9" />
              </SequencePoints>
              <BranchPoints />
              <MethodPoint vc="0" uspid="0" p8:type="SequencePoint" ordinal="0" offset="0" sc="0" sl="28" ec="1" el="28" bec="0" bev="0" fileid="9" xmlns:p8="xsi" />
            </Method>
            <Method cyclomaticComplexity="1" nPathComplexity="0" sequenceCoverage="0" branchCoverage="100" isConstructor="False" isGetter="False" isSetter="False" isStatic="True">
              <Summary numSequencePoints="1" visitedSequencePoints="0" numBranchPoints="0" visitedBranchPoints="0" sequenceCoverage="0" branchCoverage="100" maxCyclomaticComplexity="1" minCyclomaticComplexity="1" visitedClasses="0" numClasses="0" visitedMethods="0" numMethods="1" />
              <MetadataToken />
              <Name>System.Void src.UpdateWatch::remove_OnLog(System.EventHandler`1&lt;src.Models.LogEventArgs&gt;)</Name>
              <FileRef uid="9" />
              <SequencePoints>
                <SequencePoint vc="0" uspid="30" ordinal="0" sl="30" sc="1" el="30" ec="2" bec="0" bev="0" fileid="9" />
              </SequencePoints>
              <BranchPoints />
              <MethodPoint vc="0" uspid="0" p8:type="SequencePoint" ordinal="1" offset="1" sc="0" sl="30" ec="1" el="30" bec="0" bev="0" fileid="9" xmlns:p8="xsi" />
            </Method>
            <Method cyclomaticComplexity="1" nPathComplexity="0" sequenceCoverage="100" branchCoverage="100" isConstructor="False" isGetter="False" isSetter="False" isStatic="True">
              <Summary numSequencePoints="8" visitedSequencePoints="8" numBranchPoints="0" visitedBranchPoints="0" sequenceCoverage="100" branchCoverage="100" maxCyclomaticComplexity="1" minCyclomaticComplexity="1" visitedClasses="0" numClasses="0" visitedMethods="1" numMethods="1" />
              <MetadataToken />
              <Name>System.Void src.UpdateWatch::StartWatch()</Name>
              <FileRef uid="9" />
              <SequencePoints>
                <SequencePoint vc="1" uspid="111" ordinal="0" sl="111" sc="1" el="111" ec="2" bec="0" bev="0" fileid="9" />
                <SequencePoint vc="1" uspid="112" ordinal="1" sl="112" sc="1" el="112" ec="2" bec="0" bev="0" fileid="9" />
                <SequencePoint vc="1" uspid="113" ordinal="2" sl="113" sc="1" el="113" ec="2" bec="0" bev="0" fileid="9" />
                <SequencePoint vc="1" uspid="114" ordinal="3" sl="114" sc="1" el="114" ec="2" bec="0" bev="0" fileid="9" />
                <SequencePoint vc="1" uspid="115" ordinal="4" sl="115" sc="1" el="115" ec="2" bec="0" bev="0" fileid="9" />
                <SequencePoint vc="1" uspid="116" ordinal="5" sl="116" sc="1" el="116" ec="2" bec="0" bev="0" fileid="9" />
                <SequencePoint vc="1" uspid="117" ordinal="6" sl="117" sc="1" el="117" ec="2" bec="0" bev="0" fileid="9" />
                <SequencePoint vc="1" uspid="118" ordinal="7" sl="118" sc="1" el="118" ec="2" bec="0" bev="0" fileid="9" />
              </SequencePoints>
              <BranchPoints />
              <MethodPoint vc="8" uspid="0" p8:type="SequencePoint" ordinal="2" offset="2" sc="0" sl="111" ec="1" el="118" bec="0" bev="0" fileid="9" xmlns:p8="xsi" />
            </Method>
            <Method cyclomaticComplexity="1" nPathComplexity="0" sequenceCoverage="100" branchCoverage="100" isConstructor="False" isGetter="True" isSetter="False" isStatic="True">
              <Summary numSequencePoints="1" visitedSequencePoints="1" numBranchPoints="0" visitedBranchPoints="0" sequenceCoverage="100" branchCoverage="100" maxCyclomaticComplexity="1" minCyclomaticComplexity="1" visitedClasses="0" numClasses="0" visitedMethods="1" numMethods="1" />
              <MetadataToken />
              <Name>System.Threading.Timer src.UpdateWatch::get_CheckTimer()</Name>
              <FileRef uid="9" />
              <SequencePoints>
                <SequencePoint vc="5" uspid="120" ordinal="0" sl="120" sc="1" el="120" ec="2" bec="0" bev="0" fileid="9" />
              </SequencePoints>
              <BranchPoints />
              <MethodPoint vc="1" uspid="0" p8:type="SequencePoint" ordinal="3" offset="3" sc="0" sl="120" ec="1" el="120" bec="0" bev="0" fileid="9" xmlns:p8="xsi" />
            </Method>
            <Method cyclomaticComplexity="2" nPathComplexity="0" sequenceCoverage="100" branchCoverage="50" isConstructor="False" isGetter="False" isSetter="False" isStatic="True">
              <Summary numSequencePoints="3" visitedSequencePoints="3" numBranchPoints="2" visitedBranchPoints="1" sequenceCoverage="100" branchCoverage="50" maxCyclomaticComplexity="2" minCyclomaticComplexity="2" visitedClasses="0" numClasses="0" visitedMethods="1" numMethods="1" />
              <MetadataToken />
              <Name>System.Void src.UpdateWatch::Log(System.String)</Name>
              <FileRef uid="9" />
              <SequencePoints>
                <SequencePoint vc="12" uspid="127" ordinal="0" sl="127" sc="1" el="127" ec="2" bec="0" bev="0" fileid="9" />
                <SequencePoint vc="12" uspid="128" ordinal="1" sl="128" sc="1" el="128" ec="2" bec="0" bev="0" fileid="9" />
                <SequencePoint vc="12" uspid="129" ordinal="2" sl="129" sc="1" el="129" ec="2" bec="0" bev="0" fileid="9" />
              </SequencePoints>
              <BranchPoints>
                <BranchPoint vc="12" uspid="128" ordinal="0" path="0" offset="8" offsetend="10" sl="128" fileid="9" />
                <BranchPoint vc="0" uspid="128" ordinal="1" path="1" offset="8" offsetend="13" sl="128" fileid="9" />
              </BranchPoints>
              <MethodPoint vc="3" uspid="0" p8:type="SequencePoint" ordinal="4" offset="4" sc="0" sl="127" ec="1" el="129" bec="0" bev="0" fileid="9" xmlns:p8="xsi" />
            </Method>
            <Method cyclomaticComplexity="10" nPathComplexity="0" sequenceCoverage="73.5" branchCoverage="70" isConstructor="False" isGetter="False" isSetter="False" isStatic="True">
              <Summary numSequencePoints="34" visitedSequencePoints="25" numBranchPoints="10" visitedBranchPoints="7" sequenceCoverage="73.5" branchCoverage="70" maxCyclomaticComplexity="10" minCyclomaticComplexity="10" visitedClasses="0" numClasses="0" visitedMethods="1" numMethods="1" />
              <MetadataToken />
              <Name>System.Boolean src.UpdateWatch::CheckForUpdates(System.Object)</Name>
              <FileRef uid="9" />
              <SequencePoints>
                <SequencePoint vc="3" uspid="137" ordinal="0" sl="137" sc="1" el="137" ec="2" bec="0" bev="0" fileid="9" />
                <SequencePoint vc="3" uspid="138" ordinal="1" sl="138" sc="1" el="138" ec="2" bec="0" bev="0" fileid="9" />
                <SequencePoint vc="3" uspid="140" ordinal="2" sl="140" sc="1" el="140" ec="2" bec="0" bev="0" fileid="9" />
                <SequencePoint vc="1" uspid="141" ordinal="3" sl="141" sc="1" el="141" ec="2" bec="0" bev="0" fileid="9" />
                <SequencePoint vc="1" uspid="143" ordinal="4" sl="143" sc="1" el="143" ec="2" bec="0" bev="0" fileid="9" />
                <SequencePoint vc="2" uspid="147" ordinal="5" sl="147" sc="1" el="147" ec="2" bec="0" bev="0" fileid="9" />
                <SequencePoint vc="2" uspid="150" ordinal="6" sl="150" sc="1" el="150" ec="2" bec="0" bev="0" fileid="9" />
                <SequencePoint vc="2" uspid="152" ordinal="7" sl="152" sc="1" el="152" ec="2" bec="0" bev="0" fileid="9" />
                <SequencePoint vc="1" uspid="153" ordinal="8" sl="153" sc="1" el="153" ec="2" bec="0" bev="0" fileid="9" />
                <SequencePoint vc="1" uspid="155" ordinal="9" sl="155" sc="1" el="155" ec="2" bec="0" bev="0" fileid="9" />
                <SequencePoint vc="5" uspid="159" ordinal="10" sl="159" sc="1" el="159" ec="2" bec="0" bev="0" fileid="9" />
                <SequencePoint vc="1" uspid="160" ordinal="11" sl="160" sc="1" el="160" ec="2" bec="0" bev="0" fileid="9" />
                <SequencePoint vc="1" uspid="162" ordinal="12" sl="162" sc="1" el="162" ec="2" bec="0" bev="0" fileid="9" />
                <SequencePoint vc="1" uspid="163" ordinal="13" sl="163" sc="1" el="163" ec="2" bec="0" bev="0" fileid="9" />
                <SequencePoint vc="1" uspid="166" ordinal="14" sl="166" sc="1" el="166" ec="2" bec="0" bev="0" fileid="9" />
                <SequencePoint vc="0" uspid="167" ordinal="15" sl="167" sc="1" el="167" ec="2" bec="0" bev="0" fileid="9" />
                <SequencePoint vc="0" uspid="169" ordinal="16" sl="169" sc="1" el="169" ec="2" bec="0" bev="0" fileid="9" />
                <SequencePoint vc="0" uspid="170" ordinal="17" sl="170" sc="1" el="170" ec="2" bec="0" bev="0" fileid="9" />
                <SequencePoint vc="0" uspid="172" ordinal="18" sl="172" sc="1" el="172" ec="2" bec="0" bev="0" fileid="9" />
                <SequencePoint vc="0" uspid="174" ordinal="19" sl="174" sc="1" el="174" ec="2" bec="0" bev="0" fileid="9" />
                <SequencePoint vc="0" uspid="175" ordinal="20" sl="175" sc="1" el="175" ec="2" bec="0" bev="0" fileid="9" />
                <SequencePoint vc="0" uspid="176" ordinal="21" sl="176" sc="1" el="176" ec="2" bec="0" bev="0" fileid="9" />
                <SequencePoint vc="0" uspid="177" ordinal="22" sl="177" sc="1" el="177" ec="2" bec="0" bev="0" fileid="9" />
                <SequencePoint vc="0" uspid="178" ordinal="23" sl="178" sc="1" el="178" ec="2" bec="0" bev="0" fileid="9" />
                <SequencePoint vc="1" uspid="179" ordinal="24" sl="179" sc="1" el="179" ec="2" bec="0" bev="0" fileid="9" />
                <SequencePoint vc="1" uspid="180" ordinal="25" sl="180" sc="1" el="180" ec="2" bec="0" bev="0" fileid="9" />
                <SequencePoint vc="1" uspid="181" ordinal="26" sl="181" sc="1" el="181" ec="2" bec="0" bev="0" fileid="9" />
                <SequencePoint vc="1" uspid="182" ordinal="27" sl="182" sc="1" el="182" ec="2" bec="0" bev="0" fileid="9" />
                <SequencePoint vc="1" uspid="183" ordinal="28" sl="183" sc="1" el="183" ec="2" bec="0" bev="0" fileid="9" />
                <SequencePoint vc="1" uspid="186" ordinal="29" sl="186" sc="1" el="186" ec="2" bec="0" bev="0" fileid="9" />
                <SequencePoint vc="1" uspid="187" ordinal="30" sl="187" sc="1" el="187" ec="2" bec="0" bev="0" fileid="9" />
                <SequencePoint vc="1" uspid="190" ordinal="31" sl="190" sc="1" el="190" ec="2" bec="0" bev="0" fileid="9" />
                <SequencePoint vc="1" uspid="191" ordinal="32" sl="191" sc="1" el="191" ec="2" bec="0" bev="0" fileid="9" />
                <SequencePoint vc="3" uspid="192" ordinal="33" sl="192" sc="1" el="192" ec="2" bec="0" bev="0" fileid="9" />
              </SequencePoints>
              <BranchPoints>
                <BranchPoint vc="1" uspid="140" ordinal="0" path="0" offset="34" offsetend="36" sl="140" fileid="9" />
                <BranchPoint vc="2" uspid="140" ordinal="1" path="1" offset="34" offsetend="44" sl="140" fileid="9" />
                <BranchPoint vc="1" uspid="152" ordinal="2" path="0" offset="87" offsetend="89" sl="152" fileid="9" />
                <BranchPoint vc="1" uspid="152" ordinal="3" path="1" offset="87" offsetend="97" sl="152" fileid="9" />
                <BranchPoint vc="1" uspid="159" ordinal="9" path="1" offset="253" offsetend="111" sl="159" fileid="9" />
                <BranchPoint vc="0" uspid="163" ordinal="4" path="0" offset="134" offsetend="138" sl="163" fileid="9" />
                <BranchPoint vc="1" uspid="163" ordinal="5" path="1" offset="134" offsetend="145" sl="163" fileid="9" />
                <BranchPoint vc="0" uspid="163" ordinal="7" path="1" offset="141" offsetend="157" sl="163" fileid="9" />
                <BranchPoint vc="0" uspid="163" ordinal="6" path="0" offset="141" offsetend="169" sl="163" fileid="9" />
                <BranchPoint vc="1" uspid="159" ordinal="8" path="0" offset="253" offsetend="258" sl="159" fileid="9" />
              </BranchPoints>
              <MethodPoint vc="25" uspid="0" p8:type="SequencePoint" ordinal="5" offset="5" sc="0" sl="137" ec="1" el="192" bec="0" bev="0" fileid="9" xmlns:p8="xsi" />
            </Method>
            <Method cyclomaticComplexity="2" nPathComplexity="0" sequenceCoverage="100" branchCoverage="100" isConstructor="False" isGetter="False" isSetter="False" isStatic="True">
              <Summary numSequencePoints="11" visitedSequencePoints="11" numBranchPoints="2" visitedBranchPoints="2" sequenceCoverage="100" branchCoverage="100" maxCyclomaticComplexity="2" minCyclomaticComplexity="2" visitedClasses="0" numClasses="0" visitedMethods="1" numMethods="1" />
              <MetadataToken />
              <Name>System.String src.UpdateWatch::HashString(System.String)</Name>
              <FileRef uid="9" />
              <SequencePoints>
                <SequencePoint vc="5" uspid="200" ordinal="0" sl="200" sc="1" el="200" ec="2" bec="0" bev="0" fileid="9" />
                <SequencePoint vc="5" uspid="202" ordinal="1" sl="202" sc="1" el="202" ec="2" bec="0" bev="0" fileid="9" />
                <SequencePoint vc="5" uspid="203" ordinal="2" sl="203" sc="1" el="203" ec="2" bec="0" bev="0" fileid="9" />
                <SequencePoint vc="5" uspid="205" ordinal="3" sl="205" sc="1" el="205" ec="2" bec="0" bev="0" fileid="9" />
                <SequencePoint vc="5" uspid="208" ordinal="4" sl="208" sc="1" el="208" ec="2" bec="0" bev="0" fileid="9" />
                <SequencePoint vc="335" uspid="209" ordinal="5" sl="209" sc="1" el="209" ec="2" bec="0" bev="0" fileid="9" />
                <SequencePoint vc="160" uspid="210" ordinal="6" sl="210" sc="1" el="210" ec="2" bec="0" bev="0" fileid="9" />
                <SequencePoint vc="160" uspid="211" ordinal="7" sl="211" sc="1" el="211" ec="2" bec="0" bev="0" fileid="9" />
                <SequencePoint vc="160" uspid="212" ordinal="8" sl="212" sc="1" el="212" ec="2" bec="0" bev="0" fileid="9" />
                <SequencePoint vc="5" uspid="214" ordinal="9" sl="214" sc="1" el="214" ec="2" bec="0" bev="0" fileid="9" />
                <SequencePoint vc="5" uspid="216" ordinal="10" sl="216" sc="1" el="216" ec="2" bec="0" bev="0" fileid="9" />
              </SequencePoints>
              <BranchPoints>
                <BranchPoint vc="160" uspid="209" ordinal="1" path="1" offset="78" offsetend="40" sl="209" fileid="9" />
                <BranchPoint vc="5" uspid="209" ordinal="0" path="0" offset="78" offsetend="80" sl="209" fileid="9" />
              </BranchPoints>
              <MethodPoint vc="11" uspid="0" p8:type="SequencePoint" ordinal="6" offset="6" sc="0" sl="200" ec="1" el="216" bec="0" bev="0" fileid="9" xmlns:p8="xsi" />
            </Method>
            <Method cyclomaticComplexity="12" nPathComplexity="0" sequenceCoverage="100" branchCoverage="100" isConstructor="False" isGetter="False" isSetter="False" isStatic="True">
              <Summary numSequencePoints="35" visitedSequencePoints="35" numBranchPoints="12" visitedBranchPoints="12" sequenceCoverage="100" branchCoverage="100" maxCyclomaticComplexity="12" minCyclomaticComplexity="12" visitedClasses="0" numClasses="0" visitedMethods="1" numMethods="1" />
              <MetadataToken />
              <Name>System.Void src.UpdateWatch::UpdateChainSpec(src.Models.StateChangeAction,System.Net.Http.HttpMessageHandler)</Name>
              <FileRef uid="9" />
              <SequencePoints>
                <SequencePoint vc="7" uspid="233" ordinal="0" sl="233" sc="1" el="233" ec="2" bec="0" bev="0" fileid="9" />
                <SequencePoint vc="7" uspid="234" ordinal="1" sl="234" sc="1" el="234" ec="2" bec="0" bev="0" fileid="9" />
                <SequencePoint vc="4" uspid="235" ordinal="2" sl="235" sc="1" el="235" ec="2" bec="0" bev="0" fileid="9" />
                <SequencePoint vc="4" uspid="236" ordinal="3" sl="236" sc="1" el="236" ec="2" bec="0" bev="0" fileid="9" />
                <SequencePoint vc="4" uspid="237" ordinal="4" sl="237" sc="1" el="237" ec="2" bec="0" bev="0" fileid="9" />
                <SequencePoint vc="7" uspid="239" ordinal="5" sl="239" sc="1" el="239" ec="2" bec="0" bev="0" fileid="9" />
                <SequencePoint vc="2" uspid="240" ordinal="6" sl="240" sc="1" el="240" ec="2" bec="0" bev="0" fileid="9" />
                <SequencePoint vc="2" uspid="241" ordinal="7" sl="241" sc="1" el="241" ec="2" bec="0" bev="0" fileid="9" />
                <SequencePoint vc="5" uspid="245" ordinal="8" sl="245" sc="1" el="245" ec="2" bec="0" bev="0" fileid="9" />
                <SequencePoint vc="1" uspid="246" ordinal="9" sl="246" sc="1" el="246" ec="2" bec="0" bev="0" fileid="9" />
                <SequencePoint vc="1" uspid="247" ordinal="10" sl="247" sc="1" el="247" ec="2" bec="0" bev="0" fileid="9" />
                <SequencePoint vc="4" uspid="251" ordinal="11" sl="251" sc="1" el="251" ec="2" bec="0" bev="0" fileid="9" />
                <SequencePoint vc="4" uspid="252" ordinal="12" sl="252" sc="1" el="252" ec="2" bec="0" bev="0" fileid="9" />
                <SequencePoint vc="1" uspid="253" ordinal="13" sl="253" sc="1" el="253" ec="2" bec="0" bev="0" fileid="9" />
                <SequencePoint vc="1" uspid="254" ordinal="14" sl="254" sc="1" el="254" ec="2" bec="0" bev="0" fileid="9" />
                <SequencePoint vc="3" uspid="260" ordinal="15" sl="260" sc="1" el="260" ec="2" bec="0" bev="0" fileid="9" />
                <SequencePoint vc="3" uspid="262" ordinal="16" sl="262" sc="1" el="262" ec="2" bec="0" bev="0" fileid="9" />
                <SequencePoint vc="3" uspid="263" ordinal="17" sl="263" sc="1" el="263" ec="2" bec="0" bev="0" fileid="9" />
                <SequencePoint vc="3" uspid="264" ordinal="18" sl="264" sc="1" el="264" ec="2" bec="0" bev="0" fileid="9" />
                <SequencePoint vc="2" uspid="265" ordinal="19" sl="265" sc="1" el="265" ec="2" bec="0" bev="0" fileid="9" />
                <SequencePoint vc="2" uspid="266" ordinal="20" sl="266" sc="1" el="266" ec="2" bec="0" bev="0" fileid="9" />
                <SequencePoint vc="1" uspid="267" ordinal="21" sl="267" sc="1" el="267" ec="2" bec="0" bev="0" fileid="9" />
                <SequencePoint vc="1" uspid="268" ordinal="22" sl="268" sc="1" el="268" ec="2" bec="0" bev="0" fileid="9" />
                <SequencePoint vc="1" uspid="269" ordinal="23" sl="269" sc="1" el="269" ec="2" bec="0" bev="0" fileid="9" />
                <SequencePoint vc="2" uspid="273" ordinal="24" sl="273" sc="1" el="273" ec="2" bec="0" bev="0" fileid="9" />
                <SequencePoint vc="2" uspid="274" ordinal="25" sl="274" sc="1" el="274" ec="2" bec="0" bev="0" fileid="9" />
                <SequencePoint vc="1" uspid="275" ordinal="26" sl="275" sc="1" el="275" ec="2" bec="0" bev="0" fileid="9" />
                <SequencePoint vc="1" uspid="276" ordinal="27" sl="276" sc="1" el="276" ec="2" bec="0" bev="0" fileid="9" />
                <SequencePoint vc="1" uspid="277" ordinal="28" sl="277" sc="1" el="277" ec="2" bec="0" bev="0" fileid="9" />
                <SequencePoint vc="1" uspid="281" ordinal="29" sl="281" sc="1" el="281" ec="2" bec="0" bev="0" fileid="9" />
                <SequencePoint vc="1" uspid="282" ordinal="30" sl="282" sc="1" el="282" ec="2" bec="0" bev="0" fileid="9" />
                <SequencePoint vc="1" uspid="283" ordinal="31" sl="283" sc="1" el="283" ec="2" bec="0" bev="0" fileid="9" />
                <SequencePoint vc="1" uspid="286" ordinal="32" sl="286" sc="1" el="286" ec="2" bec="0" bev="0" fileid="9" />
                <SequencePoint vc="1" uspid="289" ordinal="33" sl="289" sc="1" el="289" ec="2" bec="0" bev="0" fileid="9" />
                <SequencePoint vc="1" uspid="290" ordinal="34" sl="290" sc="1" el="290" ec="2" bec="0" bev="0" fileid="9" />
              </SequencePoints>
              <BranchPoints>
                <BranchPoint vc="4" uspid="234" ordinal="0" path="0" offset="9" offsetend="11" sl="234" fileid="9" />
                <BranchPoint vc="7" uspid="234" ordinal="1" path="1" offset="9" offsetend="20" sl="234" fileid="9" />
                <BranchPoint vc="6" uspid="239" ordinal="2" path="0" offset="31" offsetend="33" sl="239" fileid="9" />
                <BranchPoint vc="1" uspid="239" ordinal="3" path="1" offset="31" offsetend="46" sl="239" fileid="9" />
                <BranchPoint vc="2" uspid="239" ordinal="4" path="0" offset="51" offsetend="53" sl="239" fileid="9" />
                <BranchPoint vc="5" uspid="239" ordinal="5" path="1" offset="51" offsetend="65" sl="239" fileid="9" />
                <BranchPoint vc="1" uspid="245" ordinal="6" path="0" offset="88" offsetend="90" sl="245" fileid="9" />
                <BranchPoint vc="4" uspid="245" ordinal="7" path="1" offset="88" offsetend="102" sl="245" fileid="9" />
                <BranchPoint vc="1" uspid="252" ordinal="8" path="0" offset="132" offsetend="134" sl="252" fileid="9" />
                <BranchPoint vc="3" uspid="252" ordinal="9" path="1" offset="132" offsetend="146" sl="252" fileid="9" />
                <BranchPoint vc="1" uspid="274" ordinal="10" path="0" offset="234" offsetend="236" sl="274" fileid="9" />
                <BranchPoint vc="1" uspid="274" ordinal="11" path="1" offset="234" offsetend="248" sl="274" fileid="9" />
              </BranchPoints>
              <MethodPoint vc="35" uspid="0" p8:type="SequencePoint" ordinal="7" offset="7" sc="0" sl="233" ec="1" el="290" bec="0" bev="0" fileid="9" xmlns:p8="xsi" />
            </Method>
            <Method cyclomaticComplexity="12" nPathComplexity="0" sequenceCoverage="100" branchCoverage="100" isConstructor="False" isGetter="False" isSetter="False" isStatic="True">
              <Summary numSequencePoints="44" visitedSequencePoints="44" numBranchPoints="12" visitedBranchPoints="12" sequenceCoverage="100" branchCoverage="100" maxCyclomaticComplexity="12" minCyclomaticComplexity="12" visitedClasses="0" numClasses="0" visitedMethods="1" numMethods="1" />
              <MetadataToken />
              <Name>System.Void src.UpdateWatch::UpdateDocker(src.Models.StateChangeAction,src.Models.NodeState)</Name>
              <FileRef uid="9" />
              <SequencePoints>
                <SequencePoint vc="9" uspid="305" ordinal="0" sl="305" sc="1" el="305" ec="2" bec="0" bev="0" fileid="9" />
[...]
              <Summary numSequencePoints="3" visitedSequencePoints="3" numBranchPoints="0" visitedBranchPoints="0" sequenceCoverage="100" branchCoverage="100" maxCyclomaticComplexity="1" minCyclomaticComplexity="1" visitedClasses="0" numClasses="0" visitedMethods="1" numMethods="1" />
              <MetadataToken />
              <Name>System.Void tests.Mocks.MockConfigProvider::WriteNewState(src.Models.NodeState)</Name>
              <FileRef uid="29" />
              <SequencePoints>
                <SequencePoint vc="1" uspid="14" ordinal="0" sl="14" sc="1" el="14" ec="2" bec="0" bev="0" fileid="29" />
                <SequencePoint vc="1" uspid="15" ordinal="1" sl="15" sc="1" el="15" ec="2" bec="0" bev="0" fileid="29" />
                <SequencePoint vc="1" uspid="16" ordinal="2" sl="16" sc="1" el="16" ec="2" bec="0" bev="0" fileid="29" />
              </SequencePoints>
              <BranchPoints />
              <MethodPoint vc="3" uspid="0" p8:type="SequencePoint" ordinal="1" offset="1" sc="0" sl="14" ec="1" el="16" bec="0" bev="0" fileid="29" xmlns:p8="xsi" />
            </Method>
            <Method cyclomaticComplexity="1" nPathComplexity="0" sequenceCoverage="100" branchCoverage="100" isConstructor="False" isGetter="True" isSetter="False" isStatic="True">
              <Summary numSequencePoints="1" visitedSequencePoints="1" numBranchPoints="0" visitedBranchPoints="0" sequenceCoverage="100" branchCoverage="100" maxCyclomaticComplexity="1" minCyclomaticComplexity="1" visitedClasses="0" numClasses="0" visitedMethods="1" numMethods="1" />
              <MetadataToken />
              <Name>src.Models.NodeState tests.Mocks.MockConfigProvider::get_CurrentState()</Name>
              <FileRef uid="29" />
              <SequencePoints>
                <SequencePoint vc="31" uspid="18" ordinal="0" sl="18" sc="1" el="18" ec="2" bec="0" bev="0" fileid="29" />
              </SequencePoints>
              <BranchPoints />
              <MethodPoint vc="1" uspid="0" p8:type="SequencePoint" ordinal="2" offset="2" sc="0" sl="18" ec="1" el="18" bec="0" bev="0" fileid="29" xmlns:p8="xsi" />
            </Method>
          </Methods>
        </Class>
        <Class>
          <Summary numSequencePoints="6" visitedSequencePoints="0" numBranchPoints="0" visitedBranchPoints="0" sequenceCoverage="0" branchCoverage="100" maxCyclomaticComplexity="1" minCyclomaticComplexity="1" visitedClasses="0" numClasses="1" visitedMethods="0" numMethods="3" />
          <FullName>tests.Mocks.MockContractWrapper</FullName>
          <Methods>
            <Method cyclomaticComplexity="1" nPathComplexity="0" sequenceCoverage="0" branchCoverage="100" isConstructor="False" isGetter="False" isSetter="False" isStatic="True">
              <Summary numSequencePoints="2" visitedSequencePoints="0" numBranchPoints="0" visitedBranchPoints="0" sequenceCoverage="0" branchCoverage="100" maxCyclomaticComplexity="1" minCyclomaticComplexity="1" visitedClasses="0" numClasses="0" visitedMethods="0" numMethods="1" />
              <MetadataToken />
              <Name>System.Threading.Tasks.Task`1&lt;System.Boolean&gt; tests.Mocks.MockContractWrapper::HasNewUpdate()</Name>
              <FileRef uid="30" />
              <SequencePoints>
                <SequencePoint vc="0" uspid="10" ordinal="0" sl="10" sc="1" el="10" ec="2" bec="0" bev="0" fileid="30" />
                <SequencePoint vc="0" uspid="11" ordinal="1" sl="11" sc="1" el="11" ec="2" bec="0" bev="0" fileid="30" />
              </SequencePoints>
              <BranchPoints />
              <MethodPoint vc="0" uspid="0" p8:type="SequencePoint" ordinal="0" offset="0" sc="0" sl="10" ec="1" el="11" bec="0" bev="0" fileid="30" xmlns:p8="xsi" />
            </Method>
            <Method cyclomaticComplexity="1" nPathComplexity="0" sequenceCoverage="0" branchCoverage="100" isConstructor="False" isGetter="False" isSetter="False" isStatic="True">
              <Summary numSequencePoints="2" visitedSequencePoints="0" numBranchPoints="0" visitedBranchPoints="0" sequenceCoverage="0" branchCoverage="100" maxCyclomaticComplexity="1" minCyclomaticComplexity="1" visitedClasses="0" numClasses="0" visitedMethods="0" numMethods="1" />
              <MetadataToken />
              <Name>System.Threading.Tasks.Task`1&lt;src.Models.NodeState&gt; tests.Mocks.MockContractWrapper::GetExpectedState()</Name>
              <FileRef uid="30" />
              <SequencePoints>
                <SequencePoint vc="0" uspid="16" ordinal="0" sl="16" sc="1" el="16" ec="2" bec="0" bev="0" fileid="30" />
                <SequencePoint vc="0" uspid="17" ordinal="1" sl="17" sc="1" el="17" ec="2" bec="0" bev="0" fileid="30" />
              </SequencePoints>
              <BranchPoints />
              <MethodPoint vc="0" uspid="0" p8:type="SequencePoint" ordinal="1" offset="1" sc="0" sl="16" ec="1" el="17" bec="0" bev="0" fileid="30" xmlns:p8="xsi" />
            </Method>
            <Method cyclomaticComplexity="1" nPathComplexity="0" sequenceCoverage="0" branchCoverage="100" isConstructor="False" isGetter="False" isSetter="False" isStatic="True">
              <Summary numSequencePoints="2" visitedSequencePoints="0" numBranchPoints="0" visitedBranchPoints="0" sequenceCoverage="0" branchCoverage="100" maxCyclomaticComplexity="1" minCyclomaticComplexity="1" visitedClasses="0" numClasses="0" visitedMethods="0" numMethods="1" />
              <MetadataToken />
              <Name>System.Threading.Tasks.Task tests.Mocks.MockContractWrapper::ConfirmUpdate()</Name>
              <FileRef uid="30" />
              <SequencePoints>
                <SequencePoint vc="0" uspid="21" ordinal="0" sl="21" sc="1" el="21" ec="2" bec="0" bev="0" fileid="30" />
                <SequencePoint vc="0" uspid="22" ordinal="1" sl="22" sc="1" el="22" ec="2" bec="0" bev="0" fileid="30" />
              </SequencePoints>
              <BranchPoints />
              <MethodPoint vc="0" uspid="0" p8:type="SequencePoint" ordinal="2" offset="2" sc="0" sl="21" ec="1" el="22" bec="0" bev="0" fileid="30" xmlns:p8="xsi" />
            </Method>
          </Methods>
        </Class>
        <Class>
          <Summary numSequencePoints="14" visitedSequencePoints="12" numBranchPoints="0" visitedBranchPoints="0" sequenceCoverage="85.7" branchCoverage="100" maxCyclomaticComplexity="1" minCyclomaticComplexity="1" visitedClasses="1" numClasses="1" visitedMethods="6" numMethods="7" />
          <FullName>tests.Mocks.MockDockerControl</FullName>
          <Methods>
            <Method cyclomaticComplexity="1" nPathComplexity="0" sequenceCoverage="100" branchCoverage="100" isConstructor="False" isGetter="True" isSetter="False" isStatic="True">
              <Summary numSequencePoints="1" visitedSequencePoints="1" numBranchPoints="0" visitedBranchPoints="0" sequenceCoverage="100" branchCoverage="100" maxCyclomaticComplexity="1" minCyclomaticComplexity="1" visitedClasses="0" numClasses="0" visitedMethods="1" numMethods="1" />
              <MetadataToken />
              <Name>System.Int32 tests.Mocks.MockDockerControl::get_ApplyChangesCallCount()</Name>
              <FileRef uid="31" />
              <SequencePoints>
                <SequencePoint vc="37" uspid="9" ordinal="0" sl="9" sc="1" el="9" ec="2" bec="0" bev="0" fileid="31" />
              </SequencePoints>
              <BranchPoints />
              <MethodPoint vc="1" uspid="0" p8:type="SequencePoint" ordinal="0" offset="0" sc="0" sl="9" ec="1" el="9" bec="0" bev="0" fileid="31" xmlns:p8="xsi" />
            </Method>
            <Method cyclomaticComplexity="1" nPathComplexity="0" sequenceCoverage="100" branchCoverage="100" isConstructor="False" isGetter="True" isSetter="False" isStatic="True">
              <Summary numSequencePoints="1" visitedSequencePoints="1" numBranchPoints="0" visitedBranchPoints="0" sequenceCoverage="100" branchCoverage="100" maxCyclomaticComplexity="1" minCyclomaticComplexity="1" visitedClasses="0" numClasses="0" visitedMethods="1" numMethods="1" />
              <MetadataToken />
              <Name>System.String tests.Mocks.MockDockerControl::get_SendPathToStack()</Name>
              <FileRef uid="31" />
              <SequencePoints>
                <SequencePoint vc="9" uspid="10" ordinal="0" sl="10" sc="1" el="10" ec="2" bec="0" bev="0" fileid="31" />
              </SequencePoints>
              <BranchPoints />
              <MethodPoint vc="1" uspid="0" p8:type="SequencePoint" ordinal="1" offset="1" sc="0" sl="10" ec="1" el="10" bec="0" bev="0" fileid="31" xmlns:p8="xsi" />
            </Method>
            <Method cyclomaticComplexity="1" nPathComplexity="0" sequenceCoverage="100" branchCoverage="100" isConstructor="False" isGetter="True" isSetter="False" isStatic="True">
              <Summary numSequencePoints="1" visitedSequencePoints="1" numBranchPoints="0" visitedBranchPoints="0" sequenceCoverage="100" branchCoverage="100" maxCyclomaticComplexity="1" minCyclomaticComplexity="1" visitedClasses="0" numClasses="0" visitedMethods="1" numMethods="1" />
              <MetadataToken />
              <Name>System.Boolean tests.Mocks.MockDockerControl::get_SendRestartOnly()</Name>
              <FileRef uid="31" />
              <SequencePoints>
                <SequencePoint vc="9" uspid="11" ordinal="0" sl="11" sc="1" el="11" ec="2" bec="0" bev="0" fileid="31" />
              </SequencePoints>
              <BranchPoints />
              <MethodPoint vc="1" uspid="0" p8:type="SequencePoint" ordinal="2" offset="2" sc="0" sl="11" ec="1" el="11" bec="0" bev="0" fileid="31" xmlns:p8="xsi" />
            </Method>
            <Method cyclomaticComplexity="1" nPathComplexity="0" sequenceCoverage="100" branchCoverage="100" isConstructor="False" isGetter="False" isSetter="False" isStatic="True">
              <Summary numSequencePoints="5" visitedSequencePoints="5" numBranchPoints="0" visitedBranchPoints="0" sequenceCoverage="100" branchCoverage="100" maxCyclomaticComplexity="1" minCyclomaticComplexity="1" visitedClasses="0" numClasses="0" visitedMethods="1" numMethods="1" />
              <MetadataToken />
              <Name>System.Void tests.Mocks.MockDockerControl::ApplyChangesToStack(System.String,System.Boolean)</Name>
              <FileRef uid="31" />
              <SequencePoints>
                <SequencePoint vc="1" uspid="14" ordinal="0" sl="14" sc="1" el="14" ec="2" bec="0" bev="0" fileid="31" />
                <SequencePoint vc="1" uspid="15" ordinal="1" sl="15" sc="1" el="15" ec="2" bec="0" bev="0" fileid="31" />
                <SequencePoint vc="1" uspid="16" ordinal="2" sl="16" sc="1" el="16" ec="2" bec="0" bev="0" fileid="31" />
                <SequencePoint vc="1" uspid="17" ordinal="3" sl="17" sc="1" el="17" ec="2" bec="0" bev="0" fileid="31" />
                <SequencePoint vc="1" uspid="18" ordinal="4" sl="18" sc="1" el="18" ec="2" bec="0" bev="0" fileid="31" />
              </SequencePoints>
              <BranchPoints />
              <MethodPoint vc="5" uspid="0" p8:type="SequencePoint" ordinal="3" offset="3" sc="0" sl="14" ec="1" el="18" bec="0" bev="0" fileid="31" xmlns:p8="xsi" />
            </Method>
            <Method cyclomaticComplexity="1" nPathComplexity="0" sequenceCoverage="100" branchCoverage="100" isConstructor="False" isGetter="False" isSetter="False" isStatic="True">
              <Summary numSequencePoints="2" visitedSequencePoints="2" numBranchPoints="0" visitedBranchPoints="0" sequenceCoverage="100" branchCoverage="100" maxCyclomaticComplexity="1" minCyclomaticComplexity="1" visitedClasses="0" numClasses="0" visitedMethods="1" numMethods="1" />
              <MetadataToken />
              <Name>System.Void tests.Mocks.MockDockerControl::PullImage(Docker.DotNet.Models.ImagesCreateParameters,Docker.DotNet.Models.AuthConfig,System.Progress`1&lt;Docker.DotNet.Models.JSONMessage&gt;)</Name>
              <FileRef uid="31" />
              <SequencePoints>
                <SequencePoint vc="1" uspid="21" ordinal="0" sl="21" sc="1" el="21" ec="2" bec="0" bev="0" fileid="31" />
                <SequencePoint vc="1" uspid="23" ordinal="1" sl="23" sc="1" el="23" ec="2" bec="0" bev="0" fileid="31" />
              </SequencePoints>
              <BranchPoints />
              <MethodPoint vc="2" uspid="0" p8:type="SequencePoint" ordinal="4" offset="4" sc="0" sl="21" ec="1" el="23" bec="0" bev="0" fileid="31" xmlns:p8="xsi" />
            </Method>
            <Method cyclomaticComplexity="1" nPathComplexity="0" sequenceCoverage="100" branchCoverage="100" isConstructor="False" isGetter="False" isSetter="False" isStatic="True">
              <Summary numSequencePoints="2" visitedSequencePoints="2" numBranchPoints="0" visitedBranchPoints="0" sequenceCoverage="100" branchCoverage="100" maxCyclomaticComplexity="1" minCyclomaticComplexity="1" visitedClasses="0" numClasses="0" visitedMethods="1" numMethods="1" />
              <MetadataToken />
              <Name>Docker.DotNet.Models.ImageInspectResponse tests.Mocks.MockDockerControl::InspectImage(System.String)</Name>
              <FileRef uid="31" />
              <SequencePoints>
                <SequencePoint vc="1" uspid="26" ordinal="0" sl="26" sc="1" el="26" ec="2" bec="0" bev="0" fileid="31" />
                <SequencePoint vc="1" uspid="27" ordinal="1" sl="27" sc="1" el="27" ec="2" bec="0" bev="0" fileid="31" />
              </SequencePoints>
              <BranchPoints />
              <MethodPoint vc="2" uspid="0" p8:type="SequencePoint" ordinal="5" offset="5" sc="0" sl="26" ec="1" el="27" bec="0" bev="0" fileid="31" xmlns:p8="xsi" />
            </Method>
            <Method cyclomaticComplexity="1" nPathComplexity="0" sequenceCoverage="0" branchCoverage="100" isConstructor="False" isGetter="False" isSetter="False" isStatic="True">
              <Summary numSequencePoints="2" visitedSequencePoints="0" numBranchPoints="0" visitedBranchPoints="0" sequenceCoverage="0" branchCoverage="100" maxCyclomaticComplexity="1" minCyclomaticComplexity="1" visitedClasses="0" numClasses="0" visitedMethods="0" numMethods="1" />
              <MetadataToken />
              <Name>System.Void tests.Mocks.MockDockerControl::DeleteImage(System.String)</Name>
              <FileRef uid="31" />
              <SequencePoints>
                <SequencePoint vc="0" uspid="31" ordinal="0" sl="31" sc="1" el="31" ec="2" bec="0" bev="0" fileid="31" />
                <SequencePoint vc="0" uspid="32" ordinal="1" sl="32" sc="1" el="32" ec="2" bec="0" bev="0" fileid="31" />
              </SequencePoints>
              <BranchPoints />
              <MethodPoint vc="0" uspid="0" p8:type="SequencePoint" ordinal="6" offset="6" sc="0" sl="31" ec="1" el="32" bec="0" bev="0" fileid="31" xmlns:p8="xsi" />
            </Method>
          </Methods>
        </Class>
        <Class>
          <Summary numSequencePoints="8" visitedSequencePoints="8" numBranchPoints="0" visitedBranchPoints="0" sequenceCoverage="100" branchCoverage="100" maxCyclomaticComplexity="1" minCyclomaticComplexity="1" visitedClasses="1" numClasses="1" visitedMethods="4" numMethods="4" />
          <FullName>tests.Mocks.MockMessageService</FullName>
          <Methods>
            <Method cyclomaticComplexity="1" nPathComplexity="0" sequenceCoverage="100" branchCoverage="100" isConstructor="False" isGetter="False" isSetter="False" isStatic="True">
              <Summary numSequencePoints="5" visitedSequencePoints="5" numBranchPoints="0" visitedBranchPoints="0" sequenceCoverage="100" branchCoverage="100" maxCyclomaticComplexity="1" minCyclomaticComplexity="1" visitedClasses="0" numClasses="0" visitedMethods="1" numMethods="1" />
              <MetadataToken />
              <Name>System.Void tests.Mocks.MockMessageService::SendErrorMessage(System.String,System.String,src.Models.NodeState)</Name>
              <FileRef uid="32" />
              <SequencePoints>
                <SequencePoint vc="1" uspid="9" ordinal="0" sl="9" sc="1" el="9" ec="2" bec="0" bev="0" fileid="32" />
                <SequencePoint vc="1" uspid="10" ordinal="1" sl="10" sc="1" el="10" ec="2" bec="0" bev="0" fileid="32" />
                <SequencePoint vc="1" uspid="11" ordinal="2" sl="11" sc="1" el="11" ec="2" bec="0" bev="0" fileid="32" />
                <SequencePoint vc="1" uspid="12" ordinal="3" sl="12" sc="1" el="12" ec="2" bec="0" bev="0" fileid="32" />
                <SequencePoint vc="1" uspid="13" ordinal="4" sl="13" sc="1" el="13" ec="2" bec="0" bev="0" fileid="32" />
              </SequencePoints>
              <BranchPoints />
              <MethodPoint vc="5" uspid="0" p8:type="SequencePoint" ordinal="0" offset="0" sc="0" sl="9" ec="1" el="13" bec="0" bev="0" fileid="32" xmlns:p8="xsi" />
            </Method>
            <Method cyclomaticComplexity="1" nPathComplexity="0" sequenceCoverage="100" branchCoverage="100" isConstructor="False" isGetter="True" isSetter="False" isStatic="True">
              <Summary numSequencePoints="1" visitedSequencePoints="1" numBranchPoints="0" visitedBranchPoints="0" sequenceCoverage="100" branchCoverage="100" maxCyclomaticComplexity="1" minCyclomaticComplexity="1" visitedClasses="0" numClasses="0" visitedMethods="1" numMethods="1" />
              <MetadataToken />
              <Name>src.Models.NodeState tests.Mocks.MockMessageService::get_State()</Name>
              <FileRef uid="32" />
              <SequencePoints>
                <SequencePoint vc="8" uspid="15" ordinal="0" sl="15" sc="1" el="15" ec="2" bec="0" bev="0" fileid="32" />
              </SequencePoints>
              <BranchPoints />
              <MethodPoint vc="1" uspid="0" p8:type="SequencePoint" ordinal="1" offset="1" sc="0" sl="15" ec="1" el="15" bec="0" bev="0" fileid="32" xmlns:p8="xsi" />
            </Method>
            <Method cyclomaticComplexity="1" nPathComplexity="0" sequenceCoverage="100" branchCoverage="100" isConstructor="False" isGetter="True" isSetter="False" isStatic="True">
              <Summary numSequencePoints="1" visitedSequencePoints="1" numBranchPoints="0" visitedBranchPoints="0" sequenceCoverage="100" branchCoverage="100" maxCyclomaticComplexity="1" minCyclomaticComplexity="1" visitedClasses="0" numClasses="0" visitedMethods="1" numMethods="1" />
              <MetadataToken />
              <Name>System.String tests.Mocks.MockMessageService::get_ErrorMessage()</Name>
              <FileRef uid="32" />
              <SequencePoints>
                <SequencePoint vc="8" uspid="17" ordinal="0" sl="17" sc="1" el="17" ec="2" bec="0" bev="0" fileid="32" />
              </SequencePoints>
              <BranchPoints />
              <MethodPoint vc="1" uspid="0" p8:type="SequencePoint" ordinal="2" offset="2" sc="0" sl="17" ec="1" el="17" bec="0" bev="0" fileid="32" xmlns:p8="xsi" />
            </Method>
            <Method cyclomaticComplexity="1" nPathComplexity="0" sequenceCoverage="100" branchCoverage="100" isConstructor="False" isGetter="True" isSetter="False" isStatic="True">
              <Summary numSequencePoints="1" visitedSequencePoints="1" numBranchPoints="0" visitedBranchPoints="0" sequenceCoverage="100" branchCoverage="100" maxCyclomaticComplexity="1" minCyclomaticComplexity="1" visitedClasses="0" numClasses="0" visitedMethods="1" numMethods="1" />
              <MetadataToken />
              <Name>System.String tests.Mocks.MockMessageService::get_Subject()</Name>
              <FileRef uid="32" />
              <SequencePoints>
                <SequencePoint vc="8" uspid="19" ordinal="0" sl="19" sc="1" el="19" ec="2" bec="0" bev="0" fileid="32" />
              </SequencePoints>
              <BranchPoints />
              <MethodPoint vc="1" uspid="0" p8:type="SequencePoint" ordinal="3" offset="3" sc="0" sl="19" ec="1" el="19" bec="0" bev="0" fileid="32" xmlns:p8="xsi" />
            </Method>
          </Methods>
        </Class>
      </Classes>
    </Module>
  </Modules>
</CoverageSession>